TN:
SF:src\app\AntdThemeBridge.tsx
FN:30,(anonymous_0)
FN:48,(anonymous_1)
FN:55,(anonymous_2)
FN:62,(anonymous_3)
FN:68,(anonymous_4)
FN:74,(anonymous_5)
FN:87,(anonymous_6)
FN:123,(anonymous_7)
FN:127,(anonymous_8)
FN:131,(anonymous_9)
FN:133,(anonymous_10)
FN:138,(anonymous_11)
FN:139,(anonymous_12)
FN:142,(anonymous_13)
FN:146,(anonymous_14)
FNF:15
FNH:14
FNDA:6,(anonymous_0)
FNDA:48,(anonymous_1)
FNDA:0,(anonymous_2)
FNDA:144,(anonymous_3)
FNDA:48,(anonymous_4)
FNDA:6,(anonymous_5)
FNDA:6,(anonymous_6)
FNDA:8,(anonymous_7)
FNDA:5,(anonymous_8)
FNDA:6,(anonymous_9)
FNDA:6,(anonymous_10)
FNDA:1,(anonymous_11)
FNDA:5,(anonymous_12)
FNDA:3,(anonymous_13)
FNDA:5,(anonymous_14)
DA:19,1
DA:30,1
DA:31,6
DA:33,6
DA:34,6
DA:36,6
DA:48,1
DA:49,48
DA:50,48
DA:51,48
DA:52,0
DA:53,0
DA:54,0
DA:55,0
DA:56,0
DA:58,48
DA:59,48
DA:60,48
DA:61,48
DA:62,144
DA:63,48
DA:65,0
DA:68,1
DA:69,48
DA:70,48
DA:71,48
DA:74,1
DA:75,6
DA:87,1
DA:88,6
DA:89,6
DA:90,6
DA:91,6
DA:92,6
DA:93,6
DA:94,6
DA:95,6
DA:96,6
DA:97,6
DA:99,6
DA:100,6
DA:101,6
DA:103,6
DA:104,6
DA:105,6
DA:106,6
DA:107,6
DA:109,6
DA:110,6
DA:111,6
DA:112,6
DA:114,6
DA:115,6
DA:116,6
DA:118,6
DA:119,6
DA:120,0
DA:123,1
DA:124,8
DA:125,8
DA:127,8
DA:128,5
DA:129,5
DA:131,5
DA:132,6
DA:133,6
DA:134,6
DA:137,5
DA:138,5
DA:139,5
DA:142,8
DA:143,3
DA:146,8
DA:147,5
DA:176,8
LF:75
LH:68
BRDA:31,0,0,0
BRDA:31,0,1,6
BRDA:33,1,0,6
BRDA:33,1,1,0
BRDA:34,2,0,6
BRDA:34,2,1,0
BRDA:37,3,0,2
BRDA:37,3,1,4
BRDA:38,4,0,6
BRDA:38,4,1,0
BRDA:39,5,0,6
BRDA:39,5,1,0
BRDA:40,6,0,6
BRDA:40,6,1,0
BRDA:41,7,0,6
BRDA:41,7,1,0
BRDA:42,8,0,6
BRDA:42,8,1,0
BRDA:49,9,0,48
BRDA:49,9,1,0
BRDA:50,10,0,48
BRDA:50,10,1,0
BRDA:51,11,0,0
BRDA:51,11,1,48
BRDA:55,12,0,0
BRDA:55,12,1,0
BRDA:58,13,0,48
BRDA:58,13,1,0
BRDA:62,14,0,0
BRDA:62,14,1,48
BRDA:70,15,0,0
BRDA:70,15,1,48
BRDA:76,16,0,6
BRDA:76,16,1,5
BRDA:76,16,2,5
BRDA:76,16,3,5
BRDA:76,16,4,5
BRDA:76,16,5,5
BRDA:76,16,6,5
BRDA:76,16,7,3
BRDA:99,17,0,6
BRDA:99,17,1,0
BRDA:99,18,0,0
BRDA:99,18,1,0
BRDA:100,19,0,6
BRDA:100,19,1,0
BRDA:100,20,0,0
BRDA:100,20,1,0
BRDA:101,21,0,6
BRDA:101,21,1,0
BRDA:101,22,0,0
BRDA:101,22,1,0
BRDA:105,23,0,2
BRDA:105,23,1,4
BRDA:106,24,0,2
BRDA:106,24,1,4
BRDA:107,25,0,2
BRDA:107,25,1,4
BRDA:118,26,0,2
BRDA:118,26,1,4
BRDA:129,27,0,0
BRDA:129,27,1,5
BRDA:133,28,0,3
BRDA:133,28,1,3
BRDA:137,29,0,5
BRDA:137,29,1,0
BRDA:138,30,0,1
BRDA:138,30,1,0
BRDA:139,31,0,5
BRDA:139,31,1,0
BRDA:143,32,0,1
BRDA:143,32,1,2
BRF:72
BRH:43
end_of_record
TN:
SF:src\core\algorithms\OneBendVisibilityGraph.ts
FN:25,(anonymous_0)
FN:67,(anonymous_1)
FN:79,(anonymous_2)
FN:105,(anonymous_3)
FN:127,(anonymous_4)
FN:148,(anonymous_5)
FN:184,(anonymous_6)
FN:218,(anonymous_7)
FN:226,(anonymous_8)
FN:233,(anonymous_9)
FN:241,tryOneBendPath
FNF:11
FNH:2
FNDA:1,(anonymous_0)
FNDA:1,(anonymous_1)
FNDA:0,(anonymous_2)
FNDA:0,(anonymous_3)
FNDA:0,(anonymous_4)
FNDA:0,(anonymous_5)
FNDA:0,(anonymous_6)
FNDA:0,(anonymous_7)
FNDA:0,(anonymous_8)
FNDA:0,(anonymous_9)
FNDA:0,tryOneBendPath
DA:25,1
DA:26,1
DA:27,1
DA:28,1
DA:54,1
DA:68,1
DA:86,0
DA:87,0
DA:88,0
DA:92,0
DA:93,0
DA:94,0
DA:98,0
DA:99,0
DA:111,0
DA:113,0
DA:114,0
DA:115,0
DA:121,0
DA:134,0
DA:135,0
DA:137,0
DA:138,0
DA:140,0
DA:154,0
DA:157,0
DA:158,0
DA:160,0
DA:162,0
DA:166,0
DA:167,0
DA:168,0
DA:169,0
DA:176,0
DA:190,0
DA:193,0
DA:194,0
DA:196,0
DA:198,0
DA:202,0
DA:203,0
DA:204,0
DA:205,0
DA:212,0
DA:227,0
DA:234,0
DA:248,0
DA:249,0
DA:250,0
LF:49
LH:6
BRDA:67,0,0,1
BRDA:87,1,0,0
BRDA:87,1,1,0
BRDA:93,2,0,0
BRDA:93,2,1,0
BRDA:113,3,0,0
BRDA:113,3,1,0
BRDA:135,4,0,0
BRDA:135,4,1,0
BRDA:138,5,0,0
BRDA:138,5,1,0
BRDA:160,6,0,0
BRDA:160,6,1,0
BRDA:160,7,0,0
BRDA:160,7,1,0
BRDA:167,8,0,0
BRDA:167,8,1,0
BRDA:196,9,0,0
BRDA:196,9,1,0
BRDA:196,10,0,0
BRDA:196,10,1,0
BRDA:203,11,0,0
BRDA:203,11,1,0
BRDA:250,12,0,0
BRDA:250,12,1,0
BRF:25
BRH:1
end_of_record
TN:
SF:src\core\algorithms\RoutingStrategySelector.ts
FN:22,(anonymous_0)
FN:78,(anonymous_1)
FN:105,(anonymous_2)
FN:125,(anonymous_3)
FN:139,(anonymous_4)
FN:170,(anonymous_5)
FN:180,(anonymous_6)
FN:214,(anonymous_7)
FN:236,(anonymous_8)
FN:284,(anonymous_9)
FN:319,getStrategySelector
FN:326,resetStrategySelector
FNF:12
FNH:12
FNDA:7,(anonymous_0)
FNDA:112,(anonymous_1)
FNDA:1,(anonymous_2)
FNDA:1,(anonymous_3)
FNDA:2,(anonymous_4)
FNDA:1,(anonymous_5)
FNDA:113,(anonymous_6)
FNDA:16,(anonymous_7)
FNDA:8,(anonymous_8)
FNDA:1,(anonymous_9)
FNDA:2,getStrategySelector
FNDA:2,resetStrategySelector
DA:22,7
DA:23,7
DA:24,7
DA:25,7
DA:64,12
DA:65,12
DA:66,12
DA:68,12
DA:69,12
DA:70,12
DA:79,112
DA:83,112
DA:88,112
DA:89,107
DA:92,5
DA:93,5
DA:96,112
DA:106,1
DA:110,1
DA:113,1
DA:118,3
DA:119,3
DA:120,2
DA:125,1
DA:127,1
DA:140,2
DA:141,2
DA:143,2
DA:144,100
DA:151,2
DA:154,2
DA:155,2
DA:156,10
DA:157,10
DA:160,2
DA:171,1
DA:172,1
DA:181,113
DA:184,113
DA:185,22
DA:189,91
DA:190,77
DA:194,14
DA:195,14
DA:197,14
DA:199,13
DA:203,1
DA:208,0
DA:215,16
DA:216,14
DA:219,2
DA:220,2
DA:223,2
DA:224,2
DA:225,2
DA:228,2
DA:237,8
DA:239,8
DA:243,3
DA:244,3
DA:245,3
DA:246,3
DA:249,3
DA:255,3
DA:258,3
DA:261,3
DA:263,3
DA:269,1
DA:270,1
DA:271,1
DA:273,1
DA:277,1
DA:285,1
DA:287,1
DA:289,0
DA:290,0
DA:292,0
DA:293,0
DA:297,1
DA:298,1
DA:299,1
DA:301,0
DA:306,0
DA:309,0
DA:317,7
DA:320,2
DA:321,2
DA:323,2
DA:327,2
LF:89
LH:81
BRDA:88,0,0,107
BRDA:88,0,1,5
BRDA:119,1,0,2
BRDA:119,1,1,1
BRDA:146,2,0,100
BRDA:146,2,1,2
BRDA:151,3,0,1
BRDA:151,3,1,1
BRDA:157,4,0,10
BRDA:157,4,1,0
BRDA:184,5,0,22
BRDA:184,5,1,91
BRDA:189,6,0,77
BRDA:189,6,1,14
BRDA:189,7,0,91
BRDA:189,7,1,91
BRDA:194,8,0,14
BRDA:194,8,1,0
BRDA:197,9,0,13
BRDA:197,9,1,1
BRDA:215,10,0,14
BRDA:215,10,1,2
BRDA:215,11,0,16
BRDA:215,11,1,2
BRDA:239,12,0,3
BRDA:239,12,1,3
BRDA:239,12,2,1
BRDA:239,12,3,1
BRDA:287,13,0,0
BRDA:287,13,1,1
BRDA:287,13,2,0
BRDA:287,13,3,0
BRDA:289,14,0,0
BRDA:289,14,1,0
BRDA:298,15,0,1
BRDA:298,15,1,0
BRDA:320,16,0,2
BRDA:320,16,1,0
BRF:38
BRH:29
end_of_record
TN:
SF:src\core\algorithms\SpatialIndex.ts
FN:31,(anonymous_0)
FN:41,(anonymous_1)
FN:54,(anonymous_2)
FN:70,(anonymous_3)
FN:98,(anonymous_4)
FN:131,(anonymous_5)
FN:138,(anonymous_6)
FN:153,(anonymous_7)
FN:159,(anonymous_8)
FN:173,(anonymous_9)
FN:201,(anonymous_10)
FN:211,(anonymous_11)
FN:229,(anonymous_12)
FNF:13
FNH:13
FNDA:12,(anonymous_0)
FNDA:1,(anonymous_1)
FNDA:2,(anonymous_2)
FNDA:216,(anonymous_3)
FNDA:49,(anonymous_4)
FNDA:1,(anonymous_5)
FNDA:1,(anonymous_6)
FNDA:5,(anonymous_7)
FNDA:9,(anonymous_8)
FNDA:13,(anonymous_9)
FNDA:8,(anonymous_10)
FNDA:2,(anonymous_11)
FNDA:5,(anonymous_12)
DA:22,6
DA:23,6
DA:32,12
DA:33,12
DA:34,12
DA:35,12
DA:42,1
DA:43,1
DA:44,0
DA:45,0
DA:48,1
DA:55,2
DA:56,2
DA:57,2
DA:58,2
DA:60,2
DA:61,2
DA:62,2
DA:63,2
DA:71,216
DA:72,216
DA:73,216
DA:75,216
DA:76,216
DA:78,216
DA:79,123
DA:80,8
DA:81,115
DA:82,2
DA:84,93
DA:85,71
DA:86,3
DA:87,68
DA:88,2
DA:92,216
DA:99,49
DA:100,15
DA:102,15
DA:103,3
DA:104,3
DA:108,46
DA:110,46
DA:111,12
DA:112,2
DA:115,12
DA:116,12
DA:117,187
DA:118,187
DA:119,6
DA:120,6
DA:122,181
DA:132,1
DA:133,1
DA:134,0
DA:135,0
DA:138,1
DA:139,1
DA:143,1
DA:144,1
DA:154,5
DA:155,5
DA:156,5
DA:160,9
DA:161,20
DA:163,9
DA:164,4
DA:165,4
DA:174,13
DA:176,13
DA:179,13
DA:180,3
DA:181,1
DA:186,2
DA:188,8
DA:189,6
DA:195,13
DA:202,8
DA:213,2
DA:214,2
DA:215,2
DA:216,2
DA:218,2
DA:221,2
DA:227,2
DA:230,5
DA:231,5
DA:232,4
DA:233,4
DA:236,5
LF:89
LH:85
BRDA:31,0,0,12
BRDA:44,1,0,0
BRDA:44,1,1,0
BRDA:75,2,0,216
BRDA:75,2,1,210
BRDA:78,3,0,123
BRDA:78,3,1,93
BRDA:78,4,0,216
BRDA:78,4,1,144
BRDA:79,5,0,8
BRDA:79,5,1,115
BRDA:81,6,0,2
BRDA:81,6,1,113
BRDA:84,7,0,71
BRDA:84,7,1,22
BRDA:85,8,0,3
BRDA:85,8,1,68
BRDA:87,9,0,2
BRDA:87,9,1,66
BRDA:99,10,0,15
BRDA:99,10,1,34
BRDA:102,11,0,3
BRDA:102,11,1,12
BRDA:110,12,0,12
BRDA:110,12,1,34
BRDA:110,13,0,46
BRDA:110,13,1,12
BRDA:111,14,0,2
BRDA:111,14,1,10
BRDA:118,15,0,6
BRDA:118,15,1,181
BRDA:133,16,0,0
BRDA:133,16,1,1
BRDA:133,17,0,1
BRDA:133,17,1,1
BRDA:139,18,0,1
BRDA:139,18,1,1
BRDA:139,18,2,1
BRDA:139,18,3,1
BRDA:143,19,0,1
BRDA:143,19,1,0
BRDA:164,20,0,4
BRDA:164,20,1,0
BRDA:179,21,0,3
BRDA:179,21,1,10
BRDA:180,22,0,1
BRDA:180,22,1,2
BRDA:188,23,0,6
BRDA:188,23,1,2
BRDA:202,24,0,8
BRDA:202,24,1,6
BRDA:202,24,2,6
BRDA:202,24,3,6
BRDA:232,25,0,4
BRDA:232,25,1,0
BRF:55
BRH:49
end_of_record
TN:
SF:src\core\algorithms\VisibilityGraph.ts
FN:23,isSpatialIndex
FN:44,buildVisibilityGraph
FN:65,(anonymous_2)
FN:77,(anonymous_3)
FN:156,isVisible
FN:212,addPointToGraph
FN:246,aStarOnGraph
FN:274,(anonymous_7)
FN:346,heuristic
FN:353,reconstructPath
FN:372,findPathOnVisibilityGraph
FN:412,(anonymous_11)
FN:418,getGraphStats
FN:428,(anonymous_13)
FN:446,isLocalTangent
FNF:15
FNH:15
FNDA:59,isSpatialIndex
FNDA:6,buildVisibilityGraph
FNDA:6,(anonymous_2)
FNDA:20,(anonymous_3)
FNDA:53,isVisible
FNDA:7,addPointToGraph
FNDA:9,aStarOnGraph
FNDA:25,(anonymous_7)
FNDA:25,heuristic
FNDA:5,reconstructPath
FNDA:4,findPathOnVisibilityGraph
FNDA:8,(anonymous_11)
FNDA:2,getGraphStats
FNDA:3,(anonymous_13)
FNDA:56,isLocalTangent
DA:24,59
DA:56,6
DA:59,6
DA:62,6
DA:63,6
DA:65,6
DA:66,6
DA:67,6
DA:74,6
DA:76,5
DA:77,5
DA:78,20
DA:79,20
DA:83,6
DA:85,1
DA:91,1
DA:92,4
DA:98,6
DA:99,6
DA:102,6
DA:103,24
DA:107,6
DA:108,24
DA:109,24
DA:111,24
DA:112,36
DA:113,36
DA:116,36
DA:122,36
DA:123,20
DA:127,20
DA:128,20
DA:130,20
DA:131,20
DA:133,20
DA:134,20
DA:139,6
DA:162,53
DA:166,53
DA:167,5
DA:169,48
DA:172,53
DA:174,49
DA:176,49
DA:185,49
DA:186,49
DA:190,49
DA:192,20
DA:194,0
DA:196,20
DA:200,33
DA:218,7
DA:219,7
DA:220,7
DA:223,7
DA:224,25
DA:225,10
DA:227,10
DA:228,10
DA:230,10
DA:231,10
DA:235,7
DA:252,9
DA:254,9
DA:256,2
DA:259,7
DA:260,7
DA:261,7
DA:263,7
DA:268,7
DA:272,7
DA:274,7
DA:277,25
DA:278,25
DA:279,15
DA:280,15
DA:281,12
DA:283,25
DA:286,7
DA:287,7
DA:288,7
DA:290,7
DA:292,18
DA:293,18
DA:295,18
DA:296,5
DA:299,13
DA:301,13
DA:302,18
DA:303,26
DA:305,20
DA:308,20
DA:309,20
DA:310,3
DA:311,3
DA:312,3
DA:313,3
DA:314,3
DA:315,1
DA:320,20
DA:322,26
DA:324,17
DA:325,17
DA:326,17
DA:327,17
DA:328,17
DA:329,3
DA:330,1
DA:331,1
DA:334,1
DA:335,1
DA:340,2
DA:347,25
DA:355,5
DA:356,5
DA:357,11
DA:358,11
DA:360,5
DA:382,4
DA:383,1
DA:388,3
DA:390,2
DA:397,1
DA:401,3
DA:402,3
DA:405,3
DA:407,3
DA:408,1
DA:412,8
DA:424,2
DA:425,2
DA:426,2
DA:428,2
DA:429,3
DA:430,3
DA:433,2
DA:435,2
DA:447,56
DA:448,56
DA:449,56
DA:450,56
DA:452,56
DA:455,56
DA:460,56
DA:461,56
DA:462,56
DA:463,56
DA:464,56
DA:467,56
DA:469,16
DA:472,40
LF:151
LH:150
BRDA:24,0,0,59
BRDA:24,0,1,59
BRDA:46,1,0,6
BRDA:53,2,0,6
BRDA:54,3,0,6
BRDA:55,4,0,6
BRDA:59,5,0,1
BRDA:59,5,1,5
BRDA:66,6,0,6
BRDA:66,6,1,3
BRDA:74,7,0,5
BRDA:74,7,1,1
BRDA:83,8,0,1
BRDA:83,8,1,5
BRDA:116,9,0,36
BRDA:116,9,1,0
BRDA:116,10,0,36
BRDA:116,10,1,36
BRDA:122,11,0,16
BRDA:122,11,1,20
BRDA:122,12,0,36
BRDA:122,12,1,36
BRDA:123,13,0,0
BRDA:123,13,1,20
BRDA:123,14,0,20
BRDA:123,14,1,20
BRDA:127,15,0,20
BRDA:127,15,1,0
BRDA:160,16,0,53
BRDA:166,17,0,5
BRDA:166,17,1,48
BRDA:174,18,0,49
BRDA:174,18,1,17
BRDA:190,19,0,20
BRDA:190,19,1,29
BRDA:192,20,0,0
BRDA:192,20,1,20
BRDA:192,21,0,20
BRDA:192,21,1,0
BRDA:216,22,0,7
BRDA:224,23,0,10
BRDA:224,23,1,15
BRDA:254,24,0,2
BRDA:254,24,1,7
BRDA:254,25,0,9
BRDA:254,25,1,8
BRDA:254,25,2,8
BRDA:254,25,3,8
BRDA:280,26,0,3
BRDA:280,26,1,12
BRDA:295,27,0,5
BRDA:295,27,1,13
BRDA:301,28,0,13
BRDA:301,28,1,0
BRDA:303,29,0,6
BRDA:303,29,1,20
BRDA:309,30,0,3
BRDA:309,30,1,17
BRDA:309,31,0,20
BRDA:309,31,1,3
BRDA:314,32,0,1
BRDA:314,32,1,2
BRDA:320,33,0,20
BRDA:320,33,1,0
BRDA:320,34,0,26
BRDA:320,34,1,0
BRDA:322,35,0,17
BRDA:322,35,1,3
BRDA:329,36,0,1
BRDA:329,36,1,2
BRDA:329,37,0,3
BRDA:329,37,1,0
BRDA:377,38,0,4
BRDA:382,39,0,1
BRDA:382,39,1,3
BRDA:388,40,0,2
BRDA:388,40,1,1
BRDA:397,41,0,1
BRDA:397,41,1,1
BRDA:407,42,0,1
BRDA:407,42,1,2
BRDA:438,43,0,1
BRDA:438,43,1,1
BRDA:452,44,0,0
BRDA:452,44,1,56
BRDA:460,45,0,56
BRDA:460,45,1,26
BRDA:467,46,0,16
BRDA:467,46,1,40
BRDA:467,47,0,56
BRDA:467,47,1,46
BRDA:467,47,2,36
BRDA:467,47,3,26
BRF:93
BRH:83
end_of_record
TN:
SF:src\core\algorithms\VisibilityGraphCache.ts
FN:70,(anonymous_0)
FN:88,(anonymous_1)
FN:143,(anonymous_2)
FN:154,(anonymous_3)
FN:164,(anonymous_4)
FN:181,(anonymous_5)
FN:191,(anonymous_6)
FN:212,(anonymous_7)
FN:222,(anonymous_8)
FN:231,(anonymous_9)
FN:246,(anonymous_10)
FN:249,(anonymous_11)
FN:263,(anonymous_12)
FN:276,(anonymous_13)
FN:291,(anonymous_14)
FN:303,(anonymous_15)
FN:313,(anonymous_16)
FN:316,(anonymous_17)
FN:341,getVGCache
FN:348,resetVGCache
FNF:20
FNH:18
FNDA:14,(anonymous_0)
FNDA:9,(anonymous_1)
FNDA:6,(anonymous_2)
FNDA:1,(anonymous_3)
FNDA:1,(anonymous_4)
FNDA:0,(anonymous_5)
FNDA:4,(anonymous_6)
FNDA:2,(anonymous_7)
FNDA:1,(anonymous_8)
FNDA:0,(anonymous_9)
FNDA:16,(anonymous_10)
FNDA:16,(anonymous_11)
FNDA:16,(anonymous_12)
FNDA:7,(anonymous_13)
FNDA:2,(anonymous_14)
FNDA:1,(anonymous_15)
FNDA:4,(anonymous_16)
FNDA:4,(anonymous_17)
FNDA:2,getVGCache
FNDA:2,resetVGCache
DA:66,14
DA:67,14
DA:68,14
DA:71,14
DA:77,14
DA:95,9
DA:98,9
DA:99,2
DA:100,2
DA:102,2
DA:103,2
DA:104,2
DA:106,2
DA:110,7
DA:111,7
DA:113,7
DA:118,9
DA:119,9
DA:122,9
DA:132,9
DA:134,9
DA:144,6
DA:145,6
DA:155,1
DA:156,1
DA:165,1
DA:168,1
DA:169,2
DA:170,1
DA:171,1
DA:175,1
DA:182,0
DA:183,0
DA:184,0
DA:185,0
DA:192,4
DA:193,4
DA:195,4
DA:213,2
DA:214,1
DA:215,1
DA:218,1
DA:220,1
DA:222,1
DA:223,1
DA:232,0
DA:235,0
DA:236,0
DA:248,16
DA:249,16
DA:253,16
DA:264,16
DA:265,16
DA:267,168
DA:269,16
DA:278,7
DA:279,1
DA:283,7
DA:292,2
DA:293,2
DA:294,2
DA:295,2
DA:304,1
DA:305,1
DA:306,1
DA:314,4
DA:316,4
DA:317,4
DA:320,4
DA:323,4
DA:326,4
DA:329,4
DA:332,4
DA:339,7
DA:342,2
DA:343,2
DA:345,2
DA:349,2
LF:78
LH:71
BRDA:70,0,0,14
BRDA:72,1,0,14
BRDA:72,1,1,4
BRDA:73,2,0,14
BRDA:73,2,1,12
BRDA:74,3,0,14
BRDA:74,3,1,14
BRDA:95,4,0,9
BRDA:95,4,1,5
BRDA:98,5,0,2
BRDA:98,5,1,7
BRDA:113,6,0,6
BRDA:113,6,1,1
BRDA:114,7,0,1
BRDA:114,7,1,1
BRDA:115,8,0,1
BRDA:115,8,1,1
BRDA:144,9,0,6
BRDA:144,9,1,5
BRDA:155,10,0,1
BRDA:155,10,1,0
BRDA:169,11,0,1
BRDA:169,11,1,1
BRDA:193,12,0,3
BRDA:193,12,1,1
BRDA:202,13,0,3
BRDA:202,13,1,1
BRDA:213,14,0,1
BRDA:213,14,1,1
BRDA:220,15,0,1
BRDA:220,15,1,0
BRDA:278,16,0,1
BRDA:278,16,1,6
BRDA:278,17,0,7
BRDA:278,17,1,1
BRDA:293,18,0,2
BRDA:293,18,1,0
BRDA:305,19,0,1
BRDA:305,19,1,0
BRDA:342,20,0,2
BRDA:342,20,1,0
BRF:41
BRH:36
end_of_record
TN:
SF:src\core\algorithms\costAwarePorts.ts
FN:103,clamp
FN:107,getPortPoint
FN:152,getStubPoint
FN:170,estimateBendCount
FN:219,isPortDirectionValid
FN:297,generateProbePath
FN:378,calculatePathLength
FN:389,countLineCrossings
FN:396,(anonymous_8)
FN:410,evaluatePortCombination
FN:447,(anonymous_10)
FN:460,(anonymous_11)
FN:473,(anonymous_12)
FN:890,(anonymous_13)
FN:983,selectOptimalPorts
FN:1037,(anonymous_15)
FN:1066,selectQuickPorts
FNF:17
FNH:12
FNDA:98,clamp
FNDA:98,getPortPoint
FNDA:98,getStubPoint
FNDA:49,estimateBendCount
FNDA:49,isPortDirectionValid
FNDA:49,generateProbePath
FNDA:49,calculatePathLength
FNDA:49,countLineCrossings
FNDA:0,(anonymous_8)
FNDA:49,evaluatePortCombination
FNDA:0,(anonymous_10)
FNDA:0,(anonymous_11)
FNDA:0,(anonymous_12)
FNDA:98,(anonymous_13)
FNDA:4,selectOptimalPorts
FNDA:138,(anonymous_15)
FNDA:0,selectQuickPorts
DA:40,5
DA:78,5
DA:104,98
DA:108,98
DA:109,98
DA:110,98
DA:111,98
DA:112,98
DA:113,98
DA:114,98
DA:115,98
DA:116,98
DA:117,98
DA:118,98
DA:119,98
DA:120,98
DA:121,98
DA:123,98
DA:125,25
DA:130,25
DA:135,24
DA:140,24
DA:145,0
DA:153,98
DA:155,25
DA:157,25
DA:159,24
DA:161,24
DA:163,0
DA:171,49
DA:172,49
DA:175,49
DA:176,49
DA:179,49
DA:180,49
DA:181,49
DA:184,49
DA:185,45
DA:188,44
DA:193,20
DA:196,10
DA:197,10
DA:199,6
DA:201,4
DA:204,4
DA:206,4
DA:210,4
DA:221,49
DA:223,37
DA:224,37
DA:225,37
DA:226,37
DA:227,37
DA:230,37
DA:233,37
DA:236,49
DA:237,49
DA:239,9
DA:240,9
DA:242,9
DA:243,9
DA:245,10
DA:246,10
DA:248,9
DA:249,9
DA:253,37
DA:255,37
DA:257,37
DA:259,9
DA:260,9
DA:262,9
DA:263,9
DA:265,10
DA:266,10
DA:268,9
DA:269,9
DA:273,37
DA:275,19
DA:281,19
DA:287,19
DA:291,32
DA:304,49
DA:305,49
DA:306,49
DA:310,49
DA:312,49
DA:313,49
DA:315,49
DA:316,49
DA:318,49
DA:319,12
DA:320,3
DA:321,3
DA:323,9
DA:324,3
DA:325,3
DA:327,6
DA:328,3
DA:329,3
DA:331,3
DA:332,3
DA:333,3
DA:338,37
DA:339,13
DA:342,6
DA:343,6
DA:353,7
DA:354,7
DA:366,24
DA:379,49
DA:380,49
DA:381,221
DA:383,49
DA:390,49
DA:391,49
DA:392,221
DA:393,221
DA:394,221
DA:396,0
DA:398,0
DA:400,0
DA:404,221
DA:422,49
DA:423,49
DA:424,49
DA:428,49
DA:429,49
DA:432,49
DA:435,49
DA:438,49
DA:439,49
DA:447,49
DA:448,0
DA:449,0
DA:450,0
DA:451,0
DA:452,0
DA:460,49
DA:461,0
DA:462,0
DA:463,0
DA:464,0
DA:465,0
DA:473,49
DA:475,0
DA:476,0
DA:477,0
DA:478,0
DA:480,0
DA:492,49
DA:494,49
DA:496,0
DA:497,0
DA:498,0
DA:499,0
DA:501,0
DA:502,0
DA:503,49
DA:504,49
DA:507,49
DA:508,49
DA:509,49
DA:511,49
DA:513,0
DA:514,0
DA:515,0
DA:516,0
DA:518,0
DA:519,0
DA:521,0
DA:523,0
DA:524,0
DA:526,0
DA:527,0
DA:529,0
DA:536,0
DA:544,49
DA:545,49
DA:547,49
DA:548,49
DA:550,49
DA:553,49
DA:554,49
DA:555,49
DA:556,49
DA:564,49
DA:567,49
DA:570,49
DA:573,49
DA:576,49
DA:577,0
DA:578,0
DA:588,49
DA:589,49
DA:590,49
DA:591,0
DA:595,49
DA:604,49
DA:605,49
DA:606,49
DA:607,49
DA:608,49
DA:610,49
DA:614,49
DA:616,49
DA:619,49
DA:620,49
DA:624,49
DA:633,49
DA:634,49
DA:636,49
DA:642,49
DA:644,11
DA:645,38
DA:647,12
DA:654,12
DA:655,4
DA:657,26
DA:664,26
DA:687,49
DA:688,49
DA:690,49
DA:691,12
DA:692,12
DA:693,12
DA:694,12
DA:695,12
DA:696,12
DA:697,5
DA:717,49
DA:718,49
DA:719,49
DA:720,49
DA:721,49
DA:724,49
DA:726,33
DA:727,9
DA:728,24
DA:729,16
DA:731,16
DA:733,16
DA:734,4
DA:735,12
DA:736,8
DA:748,49
DA:749,49
DA:750,49
DA:751,49
DA:758,49
DA:759,49
DA:762,49
DA:763,17
DA:766,17
DA:770,49
DA:771,16
DA:774,49
DA:776,17
DA:777,12
DA:779,32
DA:781,16
DA:782,12
DA:793,49
DA:794,49
DA:796,49
DA:797,33
DA:798,5
DA:799,5
DA:801,33
DA:802,3
DA:804,16
DA:805,16
DA:806,4
DA:807,4
DA:809,16
DA:810,3
DA:822,49
DA:824,49
DA:825,0
DA:827,49
DA:828,0
DA:838,49
DA:839,0
DA:840,0
DA:841,0
DA:842,0
DA:844,0
DA:846,0
DA:851,0
DA:852,0
DA:855,0
DA:856,0
DA:858,0
DA:863,0
DA:864,0
DA:867,0
DA:868,0
DA:889,49
DA:890,49
DA:891,98
DA:892,25
DA:893,25
DA:894,24
DA:895,24
DA:899,49
DA:900,49
DA:903,49
DA:904,49
DA:906,49
DA:907,16
DA:909,33
DA:913,49
DA:914,49
DA:915,49
DA:917,49
DA:918,49
DA:919,49
DA:921,49
DA:923,0
DA:924,49
DA:926,0
DA:931,49
DA:932,49
DA:933,49
DA:934,49
DA:935,0
DA:954,49
DA:992,4
DA:994,4
DA:995,0
DA:996,0
DA:997,0
DA:998,0
DA:1001,0
DA:1003,0
DA:1006,4
DA:1007,4
DA:1013,4
DA:1014,4
DA:1015,4
DA:1016,4
DA:1019,4
DA:1020,13
DA:1021,49
DA:1031,49
DA:1037,138
DA:1040,4
DA:1041,4
DA:1045,4
DA:1052,4
DA:1070,0
DA:1071,0
DA:1072,0
DA:1073,0
DA:1076,0
DA:1078,0
DA:1079,0
DA:1081,0
DA:1083,0
DA:1085,0
DA:1086,0
DA:1088,0
DA:1092,0
DA:1093,0
DA:1094,0
DA:1095,0
DA:1096,0
DA:1097,0
DA:1099,0
LF:368
LH:281
BRDA:110,0,0,98
BRDA:110,0,1,98
BRDA:111,1,0,98
BRDA:111,1,1,0
BRDA:120,2,0,98
BRDA:120,2,1,0
BRDA:121,3,0,98
BRDA:121,3,1,0
BRDA:123,4,0,25
BRDA:123,4,1,25
BRDA:123,4,2,24
BRDA:123,4,3,24
BRDA:123,4,4,0
BRDA:126,5,0,25
BRDA:126,5,1,0
BRDA:131,6,0,25
BRDA:131,6,1,0
BRDA:137,7,0,24
BRDA:137,7,1,0
BRDA:142,8,0,24
BRDA:142,8,1,0
BRDA:152,9,0,98
BRDA:153,10,0,25
BRDA:153,10,1,25
BRDA:153,10,2,24
BRDA:153,10,3,24
BRDA:153,10,4,0
BRDA:179,11,0,49
BRDA:179,11,1,37
BRDA:180,12,0,49
BRDA:180,12,1,37
BRDA:184,13,0,4
BRDA:184,13,1,45
BRDA:184,14,0,49
BRDA:184,14,1,6
BRDA:185,15,0,1
BRDA:185,15,1,44
BRDA:185,16,0,45
BRDA:185,16,1,1
BRDA:188,17,0,24
BRDA:188,17,1,20
BRDA:193,18,0,10
BRDA:193,18,1,10
BRDA:196,19,0,10
BRDA:196,19,1,0
BRDA:197,20,0,6
BRDA:197,20,1,4
BRDA:199,21,0,2
BRDA:199,21,1,4
BRDA:199,22,0,6
BRDA:199,22,1,3
BRDA:199,22,2,3
BRDA:201,23,0,2
BRDA:201,23,1,2
BRDA:201,24,0,4
BRDA:201,24,1,3
BRDA:201,24,2,3
BRDA:204,25,0,0
BRDA:204,25,1,4
BRDA:204,26,0,4
BRDA:204,26,1,2
BRDA:204,26,2,2
BRDA:206,27,0,2
BRDA:206,27,1,2
BRDA:206,28,0,4
BRDA:206,28,1,2
BRDA:206,28,2,2
BRDA:221,29,0,12
BRDA:221,29,1,37
BRDA:233,30,0,37
BRDA:233,30,1,31
BRDA:237,31,0,9
BRDA:237,31,1,9
BRDA:237,31,2,10
BRDA:237,31,3,9
BRDA:257,32,0,9
BRDA:257,32,1,9
BRDA:257,32,2,10
BRDA:257,32,3,9
BRDA:259,33,0,9
BRDA:259,33,1,0
BRDA:262,34,0,9
BRDA:262,34,1,9
BRDA:265,35,0,10
BRDA:265,35,1,6
BRDA:268,36,0,9
BRDA:268,36,1,6
BRDA:273,37,0,19
BRDA:273,37,1,18
BRDA:275,38,0,19
BRDA:275,38,1,3
BRDA:275,38,2,16
BRDA:275,38,3,6
BRDA:275,38,4,16
BRDA:275,38,5,5
BRDA:275,38,6,14
BRDA:275,38,7,5
BRDA:281,39,0,19
BRDA:281,39,1,3
BRDA:281,39,2,16
BRDA:281,39,3,6
BRDA:281,39,4,16
BRDA:281,39,5,5
BRDA:281,39,6,14
BRDA:281,39,7,5
BRDA:287,40,0,5
BRDA:287,40,1,14
BRDA:287,41,0,19
BRDA:287,41,1,8
BRDA:291,42,0,32
BRDA:291,42,1,17
BRDA:302,43,0,49
BRDA:315,44,0,49
BRDA:315,44,1,37
BRDA:316,45,0,49
BRDA:316,45,1,37
BRDA:318,46,0,12
BRDA:318,46,1,37
BRDA:319,47,0,3
BRDA:319,47,1,9
BRDA:323,48,0,3
BRDA:323,48,1,6
BRDA:327,49,0,3
BRDA:327,49,1,3
BRDA:331,50,0,3
BRDA:331,50,1,0
BRDA:338,51,0,13
BRDA:338,51,1,24
BRDA:339,52,0,6
BRDA:339,52,1,7
BRDA:369,53,0,12
BRDA:369,53,1,12
BRDA:369,54,0,12
BRDA:369,54,1,12
BRDA:398,55,0,0
BRDA:398,55,1,0
BRDA:398,56,0,0
BRDA:398,56,1,0
BRDA:418,57,0,49
BRDA:451,58,0,0
BRDA:451,58,1,0
BRDA:465,59,0,0
BRDA:465,59,1,0
BRDA:476,60,0,0
BRDA:476,60,1,0
BRDA:477,61,0,0
BRDA:477,61,1,0
BRDA:477,62,0,0
BRDA:477,62,1,0
BRDA:478,63,0,0
BRDA:478,63,1,0
BRDA:478,64,0,0
BRDA:478,64,1,0
BRDA:480,65,0,0
BRDA:480,65,1,0
BRDA:494,66,0,0
BRDA:494,66,1,49
BRDA:494,67,0,49
BRDA:494,67,1,0
BRDA:503,68,0,49
BRDA:503,68,1,0
BRDA:511,69,0,0
BRDA:511,69,1,49
BRDA:521,70,0,0
BRDA:521,70,1,0
BRDA:521,71,0,0
BRDA:521,71,1,0
BRDA:524,72,0,0
BRDA:524,72,1,0
BRDA:524,73,0,0
BRDA:524,73,1,0
BRDA:553,74,0,12
BRDA:553,74,1,37
BRDA:553,75,0,49
BRDA:553,75,1,12
BRDA:554,76,0,0
BRDA:554,76,1,49
BRDA:554,77,0,49
BRDA:554,77,1,12
BRDA:555,78,0,4
BRDA:555,78,1,45
BRDA:555,79,0,49
BRDA:555,79,1,12
BRDA:556,80,0,4
BRDA:556,80,1,45
BRDA:556,81,0,49
BRDA:556,81,1,13
BRDA:564,82,0,0
BRDA:564,82,1,49
BRDA:564,83,0,49
BRDA:564,83,1,12
BRDA:567,84,0,12
BRDA:567,84,1,37
BRDA:567,85,0,49
BRDA:567,85,1,12
BRDA:570,86,0,4
BRDA:570,86,1,45
BRDA:570,87,0,49
BRDA:570,87,1,13
BRDA:573,88,0,4
BRDA:573,88,1,45
BRDA:573,89,0,49
BRDA:573,89,1,12
BRDA:576,90,0,0
BRDA:576,90,1,49
BRDA:576,91,0,49
BRDA:576,91,1,49
BRDA:577,92,0,0
BRDA:577,92,1,0
BRDA:589,93,0,49
BRDA:589,93,1,0
BRDA:590,94,0,0
BRDA:590,94,1,49
BRDA:608,95,0,0
BRDA:608,95,1,49
BRDA:614,96,0,0
BRDA:614,96,1,49
BRDA:616,97,0,1
BRDA:616,97,1,48
BRDA:636,98,0,49
BRDA:636,98,1,0
BRDA:636,98,2,49
BRDA:636,98,3,0
BRDA:642,99,0,11
BRDA:642,99,1,38
BRDA:642,100,0,49
BRDA:642,100,1,11
BRDA:645,101,0,12
BRDA:645,101,1,26
BRDA:654,102,0,4
BRDA:654,102,1,8
BRDA:654,103,0,12
BRDA:654,103,1,4
BRDA:657,104,0,0
BRDA:657,104,1,26
BRDA:657,105,0,26
BRDA:657,105,1,0
BRDA:690,106,0,12
BRDA:690,106,1,37
BRDA:692,107,0,1
BRDA:692,107,1,11
BRDA:692,108,0,12
BRDA:692,108,1,3
BRDA:693,109,0,1
BRDA:693,109,1,11
BRDA:693,110,0,12
BRDA:693,110,1,3
BRDA:694,111,0,3
BRDA:694,111,1,9
BRDA:694,112,0,12
BRDA:694,112,1,3
BRDA:695,113,0,0
BRDA:695,113,1,12
BRDA:695,114,0,12
BRDA:695,114,1,3
BRDA:696,115,0,5
BRDA:696,115,1,7
BRDA:717,116,0,49
BRDA:717,116,1,37
BRDA:718,117,0,49
BRDA:718,117,1,36
BRDA:719,118,0,49
BRDA:719,118,1,37
BRDA:720,119,0,49
BRDA:720,119,1,37
BRDA:724,120,0,33
BRDA:724,120,1,16
BRDA:724,121,0,49
BRDA:724,121,1,32
BRDA:726,122,0,9
BRDA:726,122,1,24
BRDA:726,123,0,33
BRDA:726,123,1,17
BRDA:728,124,0,16
BRDA:728,124,1,8
BRDA:728,125,0,24
BRDA:728,125,1,16
BRDA:731,126,0,16
BRDA:731,126,1,0
BRDA:731,127,0,16
BRDA:731,127,1,0
BRDA:733,128,0,4
BRDA:733,128,1,12
BRDA:733,129,0,16
BRDA:733,129,1,8
BRDA:735,130,0,8
BRDA:735,130,1,4
BRDA:735,131,0,12
BRDA:735,131,1,8
BRDA:762,132,0,17
BRDA:762,132,1,32
BRDA:762,133,0,49
BRDA:762,133,1,33
BRDA:766,134,0,17
BRDA:766,134,1,0
BRDA:766,135,0,17
BRDA:766,135,1,17
BRDA:770,136,0,16
BRDA:770,136,1,33
BRDA:770,137,0,49
BRDA:770,137,1,16
BRDA:774,138,0,17
BRDA:774,138,1,32
BRDA:776,139,0,12
BRDA:776,139,1,5
BRDA:776,140,0,17
BRDA:776,140,1,9
BRDA:779,141,0,16
BRDA:779,141,1,16
BRDA:781,142,0,12
BRDA:781,142,1,4
BRDA:781,143,0,16
BRDA:781,143,1,8
BRDA:796,144,0,33
BRDA:796,144,1,16
BRDA:797,145,0,5
BRDA:797,145,1,28
BRDA:797,146,0,33
BRDA:797,146,1,9
BRDA:801,147,0,3
BRDA:801,147,1,30
BRDA:801,148,0,33
BRDA:801,148,1,9
BRDA:801,148,2,5
BRDA:804,149,0,16
BRDA:804,149,1,0
BRDA:805,150,0,4
BRDA:805,150,1,12
BRDA:805,151,0,16
BRDA:805,151,1,4
BRDA:809,152,0,3
BRDA:809,152,1,13
BRDA:809,153,0,16
BRDA:809,153,1,4
BRDA:809,153,2,4
BRDA:824,154,0,0
BRDA:824,154,1,49
BRDA:824,155,0,49
BRDA:824,155,1,0
BRDA:827,156,0,0
BRDA:827,156,1,49
BRDA:827,157,0,49
BRDA:827,157,1,0
BRDA:838,158,0,0
BRDA:838,158,1,49
BRDA:838,159,0,49
BRDA:838,159,1,0
BRDA:838,159,2,0
BRDA:846,160,0,0
BRDA:846,160,1,0
BRDA:851,161,0,0
BRDA:851,161,1,0
BRDA:851,162,0,0
BRDA:851,162,1,0
BRDA:852,163,0,0
BRDA:852,163,1,0
BRDA:852,164,0,0
BRDA:852,164,1,0
BRDA:855,165,0,0
BRDA:855,165,1,0
BRDA:855,166,0,0
BRDA:855,166,1,0
BRDA:856,167,0,0
BRDA:856,167,1,0
BRDA:856,168,0,0
BRDA:856,168,1,0
BRDA:858,169,0,0
BRDA:858,169,1,0
BRDA:863,170,0,0
BRDA:863,170,1,0
BRDA:863,171,0,0
BRDA:863,171,1,0
BRDA:864,172,0,0
BRDA:864,172,1,0
BRDA:864,173,0,0
BRDA:864,173,1,0
BRDA:867,174,0,0
BRDA:867,174,1,0
BRDA:867,175,0,0
BRDA:867,175,1,0
BRDA:868,176,0,0
BRDA:868,176,1,0
BRDA:868,177,0,0
BRDA:868,177,1,0
BRDA:889,178,0,49
BRDA:889,178,1,0
BRDA:891,179,0,25
BRDA:891,179,1,25
BRDA:891,179,2,24
BRDA:891,179,3,24
BRDA:906,180,0,16
BRDA:906,180,1,33
BRDA:907,181,0,16
BRDA:907,181,1,0
BRDA:909,182,0,17
BRDA:909,182,1,16
BRDA:913,183,0,49
BRDA:913,183,1,0
BRDA:917,184,0,49
BRDA:917,184,1,49
BRDA:918,185,0,49
BRDA:918,185,1,49
BRDA:921,186,0,0
BRDA:921,186,1,49
BRDA:924,187,0,0
BRDA:924,187,1,49
BRDA:931,188,0,49
BRDA:931,188,1,0
BRDA:933,189,0,49
BRDA:933,189,1,49
BRDA:934,190,0,0
BRDA:934,190,1,49
BRDA:960,191,0,49
BRDA:960,191,1,48
BRDA:987,192,0,4
BRDA:988,193,0,4
BRDA:989,194,0,4
BRDA:994,195,0,0
BRDA:994,195,1,4
BRDA:995,196,0,0
BRDA:995,196,1,0
BRDA:996,197,0,0
BRDA:996,197,1,0
BRDA:997,198,0,0
BRDA:997,198,1,0
BRDA:1001,199,0,0
BRDA:1001,199,1,0
BRDA:1003,200,0,0
BRDA:1003,200,1,0
BRDA:1015,201,0,1
BRDA:1015,201,1,3
BRDA:1016,202,0,1
BRDA:1016,202,1,3
BRDA:1045,203,0,3
BRDA:1045,203,1,1
BRDA:1057,204,0,0
BRDA:1057,204,1,4
BRDA:1076,205,0,0
BRDA:1076,205,1,0
BRDA:1078,206,0,0
BRDA:1078,206,1,0
BRDA:1083,207,0,0
BRDA:1083,207,1,0
BRDA:1085,208,0,0
BRDA:1085,208,1,0
BRDA:1092,209,0,0
BRDA:1092,209,1,0
BRDA:1092,210,0,0
BRDA:1092,210,1,0
BRDA:1094,211,0,0
BRDA:1094,211,1,0
BRDA:1094,212,0,0
BRDA:1094,212,1,0
BRDA:1096,213,0,0
BRDA:1096,213,1,0
BRDA:1096,214,0,0
BRDA:1096,214,1,0
BRF:457
BRH:312
end_of_record
TN:
SF:src\core\algorithms\geometry-classifier.ts
FN:74,analyzeGeometry
FN:227,getPortRulesForGeometry
FN:429,portCombinationToString
FN:430,(anonymous_3)
FNF:4
FNH:4
FNDA:66,analyzeGeometry
FNDA:53,getPortRulesForGeometry
FNDA:61,portCombinationToString
FNDA:122,(anonymous_3)
DA:79,66
DA:80,66
DA:86,66
DA:87,66
DA:88,53
DA:89,53
DA:91,53
DA:92,53
DA:94,53
DA:95,53
DA:98,13
DA:102,13
DA:103,13
DA:106,66
DA:107,0
DA:118,66
DA:119,66
DA:124,66
DA:125,66
DA:126,66
DA:129,66
DA:130,66
DA:133,66
DA:136,0
DA:137,0
DA:138,0
DA:149,66
DA:150,23
DA:152,43
DA:153,7
DA:160,36
DA:162,36
DA:163,36
DA:165,0
DA:168,36
DA:173,0
DA:185,0
DA:186,0
DA:187,0
DA:188,0
DA:192,0
DA:193,0
DA:194,0
DA:195,0
DA:196,0
DA:197,0
DA:198,0
DA:199,0
DA:200,0
DA:201,0
DA:202,0
DA:203,0
DA:204,0
DA:205,0
DA:206,0
DA:207,0
DA:210,0
DA:213,0
DA:228,53
DA:423,53
DA:430,61
DA:431,122
DA:432,33
DA:433,29
DA:434,30
DA:435,30
DA:436,0
DA:440,61
LF:68
LH:39
BRDA:87,0,0,53
BRDA:87,0,1,13
BRDA:87,1,0,66
BRDA:87,1,1,53
BRDA:95,2,0,53
BRDA:95,2,1,2
BRDA:98,3,0,6
BRDA:98,3,1,7
BRDA:98,4,0,13
BRDA:98,4,1,6
BRDA:103,5,0,13
BRDA:103,5,1,5
BRDA:106,6,0,0
BRDA:106,6,1,66
BRDA:124,7,0,66
BRDA:124,7,1,0
BRDA:129,8,0,5
BRDA:129,8,1,61
BRDA:129,9,0,19
BRDA:129,9,1,42
BRDA:130,10,0,5
BRDA:130,10,1,61
BRDA:130,11,0,19
BRDA:130,11,1,42
BRDA:133,12,0,5
BRDA:133,12,1,61
BRDA:133,13,0,19
BRDA:133,13,1,42
BRDA:149,14,0,23
BRDA:149,14,1,43
BRDA:149,15,0,66
BRDA:149,15,1,59
BRDA:150,16,0,22
BRDA:150,16,1,1
BRDA:152,17,0,7
BRDA:152,17,1,36
BRDA:152,18,0,43
BRDA:152,18,1,43
BRDA:153,19,0,6
BRDA:153,19,1,1
BRDA:162,20,0,36
BRDA:162,20,1,0
BRDA:163,21,0,0
BRDA:163,21,1,36
BRDA:165,22,0,0
BRDA:165,22,1,0
BRDA:168,23,0,18
BRDA:168,23,1,18
BRDA:192,24,0,0
BRDA:192,24,1,0
BRDA:192,25,0,0
BRDA:192,25,1,0
BRDA:194,26,0,0
BRDA:194,26,1,0
BRDA:194,27,0,0
BRDA:194,27,1,0
BRDA:196,28,0,0
BRDA:196,28,1,0
BRDA:196,29,0,0
BRDA:196,29,1,0
BRDA:198,30,0,0
BRDA:198,30,1,0
BRDA:198,31,0,0
BRDA:198,31,1,0
BRDA:200,32,0,0
BRDA:200,32,1,0
BRDA:200,33,0,0
BRDA:200,33,1,0
BRDA:202,34,0,0
BRDA:202,34,1,0
BRDA:202,35,0,0
BRDA:202,35,1,0
BRDA:204,36,0,0
BRDA:204,36,1,0
BRDA:204,37,0,0
BRDA:204,37,1,0
BRDA:206,38,0,0
BRDA:206,38,1,0
BRDA:206,39,0,0
BRDA:206,39,1,0
BRDA:431,40,0,33
BRDA:431,40,1,29
BRDA:431,40,2,30
BRDA:431,40,3,30
BRDA:431,40,4,0
BRF:85
BRH:46
end_of_record
TN:
SF:src\core\algorithms\geometryUtils.ts
FN:26,distance
FN:35,manhattanDistance
FN:42,pointInRect
FN:54,pointStrictlyInRect
FN:69,crossProduct
FN:76,pointOnSegment
FN:94,lineSegmentsIntersect
FN:137,lineIntersectsRect
FN:209,getRectCorners
FN:225,getExpandedRectCorners
FN:247,rectIntersects
FN:259,pointToSegmentDistance
FNF:12
FNH:12
FNDA:64,distance
FNDA:40,manhattanDistance
FNDA:345,pointInRect
FNDA:194,pointStrictlyInRect
FNDA:712,crossProduct
FNDA:22,pointOnSegment
FNDA:86,lineSegmentsIntersect
FNDA:94,lineIntersectsRect
FNDA:102,getRectCorners
FNDA:1,getExpandedRectCorners
FNDA:3,rectIntersects
FNDA:4,pointToSegmentDistance
DA:27,64
DA:28,64
DA:29,64
DA:36,40
DA:43,345
DA:55,194
DA:70,712
DA:77,22
DA:99,86
DA:100,86
DA:101,86
DA:102,86
DA:105,86
DA:106,86
DA:107,86
DA:108,86
DA:111,86
DA:113,31
DA:116,55
DA:117,6
DA:121,49
DA:122,49
DA:123,40
DA:124,38
DA:126,38
DA:142,94
DA:145,94
DA:146,94
DA:148,94
DA:150,2
DA:154,92
DA:155,86
DA:156,86
DA:159,86
DA:169,92
DA:170,92
DA:171,92
DA:173,92
DA:174,368
DA:176,368
DA:177,368
DA:182,92
DA:183,55
DA:187,37
DA:197,37
DA:198,72
DA:199,36
DA:203,1
DA:210,102
DA:226,1
DA:229,1
DA:230,1
DA:233,1
DA:240,1
DA:248,3
DA:260,4
DA:263,4
DA:264,4
DA:265,4
DA:266,4
DA:269,4
DA:272,4
DA:274,4
DA:276,1
DA:280,3
DA:283,3
DA:288,3
LF:67
LH:67
BRDA:42,0,0,345
BRDA:44,1,0,345
BRDA:44,1,1,230
BRDA:44,1,2,118
BRDA:44,1,3,115
BRDA:56,2,0,194
BRDA:56,2,1,101
BRDA:56,2,2,16
BRDA:56,2,3,13
BRDA:78,3,0,22
BRDA:78,3,1,18
BRDA:78,3,2,11
BRDA:78,3,3,11
BRDA:97,4,0,86
BRDA:111,5,0,31
BRDA:111,5,1,55
BRDA:111,6,0,86
BRDA:111,6,1,61
BRDA:111,6,2,67
BRDA:111,6,3,19
BRDA:111,6,4,33
BRDA:111,6,5,13
BRDA:111,6,6,20
BRDA:111,6,7,19
BRDA:116,7,0,6
BRDA:116,7,1,49
BRDA:121,8,0,0
BRDA:121,8,1,49
BRDA:121,9,0,49
BRDA:121,9,1,3
BRDA:122,10,0,9
BRDA:122,10,1,40
BRDA:122,11,0,49
BRDA:122,11,1,11
BRDA:123,12,0,2
BRDA:123,12,1,38
BRDA:123,13,0,40
BRDA:123,13,1,5
BRDA:124,14,0,0
BRDA:124,14,1,38
BRDA:124,15,0,38
BRDA:124,15,1,3
BRDA:140,16,0,94
BRDA:148,17,0,2
BRDA:148,17,1,92
BRDA:148,18,0,94
BRDA:148,18,1,3
BRDA:154,19,0,86
BRDA:154,19,1,6
BRDA:155,20,0,86
BRDA:155,20,1,42
BRDA:156,21,0,86
BRDA:156,21,1,61
BRDA:159,22,0,57
BRDA:159,22,1,29
BRDA:159,23,0,86
BRDA:159,23,1,45
BRDA:159,23,2,57
BRDA:159,23,3,57
BRDA:176,24,0,146
BRDA:176,24,1,222
BRDA:177,25,0,115
BRDA:177,25,1,253
BRDA:182,26,0,55
BRDA:182,26,1,37
BRDA:182,27,0,92
BRDA:182,27,1,86
BRDA:182,27,2,66
BRDA:198,28,0,36
BRDA:198,28,1,36
BRDA:225,29,0,1
BRDA:249,30,0,3
BRDA:249,30,1,2
BRDA:249,30,2,2
BRDA:249,30,3,2
BRDA:274,31,0,1
BRDA:274,31,1,3
BRF:77
BRH:75
end_of_record
TN:
SF:src\core\algorithms\globalChannelRouting.ts
FN:43,globalChannelRouting
FN:52,(anonymous_1)
FN:98,(anonymous_2)
FN:133,(anonymous_3)
FN:146,(anonymous_4)
FN:233,(anonymous_5)
FN:234,(anonymous_6)
FN:254,(anonymous_7)
FN:277,getTrackSpacing
FNF:9
FNH:7
FNDA:2,globalChannelRouting
FNDA:0,(anonymous_1)
FNDA:4,(anonymous_2)
FNDA:2,(anonymous_3)
FNDA:0,(anonymous_4)
FNDA:6,(anonymous_5)
FNDA:6,(anonymous_6)
FNDA:12,(anonymous_7)
FNDA:2,getTrackSpacing
DA:49,2
DA:50,2
DA:51,2
DA:52,0
DA:53,0
DA:54,0
DA:55,0
DA:56,0
DA:62,2
DA:63,2
DA:65,2
DA:66,4
DA:67,4
DA:69,4
DA:70,10
DA:71,10
DA:72,10
DA:73,10
DA:74,10
DA:75,10
DA:77,10
DA:78,2
DA:85,8
DA:86,4
DA:98,2
DA:100,4
DA:101,4
DA:102,6
DA:103,6
DA:104,3
DA:105,2
DA:106,2
DA:109,6
DA:110,6
DA:111,6
DA:114,4
DA:116,4
DA:117,4
DA:120,2
DA:121,2
DA:122,2
DA:123,2
DA:124,2
DA:125,2
DA:126,2
DA:127,2
DA:131,2
DA:133,2
DA:136,2
DA:137,2
DA:140,2
DA:141,4
DA:146,1
DA:147,0
DA:148,0
DA:149,0
DA:150,0
DA:151,0
DA:152,0
DA:153,0
DA:155,1
DA:156,0
DA:157,0
DA:158,0
DA:161,1
DA:162,1
DA:163,0
DA:164,0
DA:165,0
DA:166,0
DA:167,0
DA:170,1
DA:171,1
DA:172,1
DA:177,2
DA:180,2
DA:181,4
DA:182,3
DA:185,3
DA:186,1
DA:187,0
DA:188,0
DA:189,0
DA:190,0
DA:194,3
DA:195,3
DA:196,1
DA:197,0
DA:198,0
DA:199,0
DA:200,0
DA:205,3
DA:206,3
DA:207,3
DA:211,2
DA:212,2
DA:216,2
DA:220,4
DA:221,4
DA:222,4
DA:223,3
DA:224,3
DA:225,3
DA:230,4
DA:233,6
DA:234,6
DA:236,2
DA:237,0
DA:241,2
DA:243,2
DA:244,4
DA:245,1
DA:246,1
DA:249,3
DA:250,0
DA:251,0
DA:254,12
DA:258,3
DA:259,6
DA:260,6
DA:262,6
DA:263,6
DA:264,6
DA:266,6
DA:267,6
DA:268,6
DA:271,3
DA:274,2
DA:278,2
DA:280,2
DA:281,2
DA:282,4
DA:283,2
DA:284,2
DA:285,2
DA:289,2
DA:290,2
DA:291,2
DA:293,1
LF:139
LH:108
BRDA:45,0,0,2
BRDA:47,1,0,2
BRDA:51,2,0,0
BRDA:51,2,1,2
BRDA:66,3,0,0
BRDA:66,3,1,4
BRDA:67,4,0,4
BRDA:67,4,1,4
BRDA:74,5,0,2
BRDA:74,5,1,8
BRDA:75,6,0,0
BRDA:75,6,1,10
BRDA:77,7,0,2
BRDA:77,7,1,8
BRDA:85,8,0,4
BRDA:85,8,1,4
BRDA:104,9,0,2
BRDA:104,9,1,1
BRDA:109,10,0,6
BRDA:109,10,1,4
BRDA:110,11,0,4
BRDA:110,11,1,2
BRDA:117,12,0,2
BRDA:117,12,1,2
BRDA:123,13,0,0
BRDA:123,13,1,2
BRDA:125,14,0,2
BRDA:125,14,1,0
BRDA:131,15,0,0
BRDA:131,15,1,2
BRDA:141,16,0,3
BRDA:141,16,1,1
BRDA:148,17,0,0
BRDA:148,17,1,0
BRDA:149,18,0,0
BRDA:149,18,1,0
BRDA:149,19,0,0
BRDA:149,19,1,0
BRDA:150,20,0,0
BRDA:150,20,1,0
BRDA:151,21,0,0
BRDA:151,21,1,0
BRDA:155,22,0,0
BRDA:155,22,1,1
BRDA:163,23,0,0
BRDA:163,23,1,0
BRDA:170,24,0,1
BRDA:170,24,1,0
BRDA:181,25,0,1
BRDA:181,25,1,3
BRDA:186,26,0,0
BRDA:186,26,1,1
BRDA:194,27,0,3
BRDA:194,27,1,0
BRDA:196,28,0,0
BRDA:196,28,1,1
BRDA:205,29,0,3
BRDA:205,29,1,0
BRDA:212,30,0,0
BRDA:212,30,1,2
BRDA:216,31,0,1
BRDA:216,31,1,1
BRDA:222,32,0,1
BRDA:222,32,1,3
BRDA:224,33,0,3
BRDA:224,33,1,0
BRDA:236,34,0,0
BRDA:236,34,1,2
BRDA:236,35,0,2
BRDA:236,35,1,1
BRDA:244,36,0,1
BRDA:244,36,1,3
BRDA:244,37,0,4
BRDA:244,37,1,4
BRDA:249,38,0,0
BRDA:249,38,1,3
BRDA:262,39,0,6
BRDA:262,39,1,5
BRDA:263,40,0,6
BRDA:263,40,1,5
BRDA:264,41,0,5
BRDA:264,41,1,1
BRDA:266,42,0,6
BRDA:266,42,1,4
BRDA:267,43,0,6
BRDA:267,43,1,4
BRDA:268,44,0,4
BRDA:268,44,1,2
BRDA:278,45,0,0
BRDA:278,45,1,2
BRDA:278,46,0,2
BRDA:278,46,1,2
BRDA:283,47,0,0
BRDA:283,47,1,2
BRDA:291,48,0,1
BRDA:291,48,1,1
BRDA:291,49,0,2
BRDA:291,49,1,1
BRF:98
BRH:68
end_of_record
TN:
SF:src\core\algorithms\manyToOneFanIn.ts
FN:17,refineManyToOneFanIn
FN:29,(anonymous_1)
FN:30,(anonymous_2)
FN:37,(anonymous_3)
FN:43,buildVerticalFanIn
FN:48,(anonymous_5)
FN:55,(anonymous_6)
FN:56,(anonymous_7)
FN:56,(anonymous_8)
FN:59,(anonymous_9)
FN:60,(anonymous_10)
FN:75,(anonymous_11)
FN:82,buildHorizontalFanIn
FN:87,(anonymous_13)
FN:94,(anonymous_14)
FN:95,(anonymous_15)
FN:95,(anonymous_16)
FN:98,(anonymous_17)
FN:99,(anonymous_18)
FN:114,(anonymous_19)
FN:121,buildPathToVerticalTrunk
FN:156,buildPathToHorizontalTrunk
FN:191,sourcePrefix
FN:214,sourceRectForEdge
FN:218,pointFacingJunction
FN:239,sourceAnchor
FN:243,inferVerticalEntryDirection
FN:253,(anonymous_27)
FN:258,inferHorizontalEntryDirection
FN:268,(anonymous_29)
FN:273,isCandidateAcceptable
FN:286,hitsObstacles
FN:293,(anonymous_32)
FN:300,segmentIntersectsRect
FN:321,sameRect
FN:328,simplifyOrthogonal
FN:351,isOrthogonal
FN:360,internalCrossings
FN:371,countCrossings
FN:381,segmentsCross
FN:401,pathLength
FN:409,median
FN:410,(anonymous_42)
FN:415,min
FN:419,max
FNF:45
FNH:40
FNDA:6,refineManyToOneFanIn
FNDA:14,(anonymous_1)
FNDA:14,(anonymous_2)
FNDA:12,(anonymous_3)
FNDA:6,buildVerticalFanIn
FNDA:14,(anonymous_5)
FNDA:11,(anonymous_6)
FNDA:11,(anonymous_7)
FNDA:11,(anonymous_8)
FNDA:11,(anonymous_9)
FNDA:11,(anonymous_10)
FNDA:9,(anonymous_11)
FNDA:2,buildHorizontalFanIn
FNDA:5,(anonymous_13)
FNDA:3,(anonymous_14)
FNDA:3,(anonymous_15)
FNDA:3,(anonymous_16)
FNDA:3,(anonymous_17)
FNDA:3,(anonymous_18)
FNDA:3,(anonymous_19)
FNDA:10,buildPathToVerticalTrunk
FNDA:3,buildPathToHorizontalTrunk
FNDA:13,sourcePrefix
FNDA:13,sourceRectForEdge
FNDA:13,pointFacingJunction
FNDA:0,sourceAnchor
FNDA:5,inferVerticalEntryDirection
FNDA:0,(anonymous_27)
FNDA:1,inferHorizontalEntryDirection
FNDA:0,(anonymous_29)
FNDA:13,isCandidateAcceptable
FNDA:13,hitsObstacles
FNDA:0,(anonymous_32)
FNDA:2,segmentIntersectsRect
FNDA:0,sameRect
FNDA:13,simplifyOrthogonal
FNDA:13,isOrthogonal
FNDA:10,internalCrossings
FNDA:18,countCrossings
FNDA:138,segmentsCross
FNDA:26,pathLength
FNDA:12,median
FNDA:16,(anonymous_42)
FNDA:6,min
FNDA:6,max
DA:15,1
DA:22,6
DA:24,6
DA:25,6
DA:27,6
DA:28,6
DA:29,14
DA:30,14
DA:31,6
DA:33,6
DA:35,6
DA:37,12
DA:40,6
DA:48,6
DA:49,14
DA:50,14
DA:51,14
DA:53,6
DA:55,11
DA:56,11
DA:57,5
DA:59,11
DA:60,11
DA:61,5
DA:62,5
DA:64,5
DA:65,5
DA:66,5
DA:68,5
DA:69,10
DA:70,10
DA:71,10
DA:72,9
DA:75,9
DA:76,0
DA:79,4
DA:87,2
DA:88,5
DA:89,5
DA:90,5
DA:92,2
DA:94,3
DA:95,3
DA:96,1
DA:98,3
DA:99,3
DA:100,1
DA:101,1
DA:103,1
DA:104,1
DA:105,1
DA:107,1
DA:108,3
DA:109,3
DA:110,3
DA:111,3
DA:114,3
DA:115,0
DA:118,1
DA:129,10
DA:130,10
DA:131,10
DA:132,10
DA:133,10
DA:135,10
DA:136,1
DA:137,1
DA:139,9
DA:140,9
DA:142,9
DA:143,6
DA:145,3
DA:149,10
DA:150,10
DA:153,10
DA:164,3
DA:165,3
DA:166,3
DA:167,3
DA:168,3
DA:170,3
DA:171,0
DA:172,0
DA:174,3
DA:175,3
DA:177,3
DA:178,2
DA:180,1
DA:184,3
DA:185,3
DA:188,3
DA:197,13
DA:198,13
DA:199,13
DA:200,13
DA:203,13
DA:204,8
DA:205,8
DA:206,8
DA:207,8
DA:209,7
DA:211,12
DA:215,13
DA:219,13
DA:221,1
DA:222,1
DA:223,1
DA:224,1
DA:226,1
DA:227,1
DA:233,0
DA:240,0
DA:244,5
DA:245,5
DA:246,11
DA:247,11
DA:248,11
DA:249,11
DA:251,5
DA:253,0
DA:254,0
DA:255,0
DA:259,1
DA:260,1
DA:261,3
DA:262,3
DA:263,3
DA:264,3
DA:266,1
DA:268,0
DA:269,0
DA:270,0
DA:280,13
DA:281,13
DA:282,13
DA:283,12
DA:287,13
DA:288,13
DA:289,1
DA:291,13
DA:292,2
DA:293,2
DA:294,2
DA:297,1
DA:301,2
DA:302,2
DA:303,2
DA:304,2
DA:306,2
DA:307,1
DA:308,1
DA:309,0
DA:312,1
DA:313,1
DA:314,1
DA:315,1
DA:318,0
DA:322,0
DA:329,13
DA:330,13
DA:331,55
DA:332,55
DA:333,55
DA:337,13
DA:338,13
DA:339,13
DA:340,29
DA:341,29
DA:342,29
DA:343,29
DA:344,29
DA:345,29
DA:347,13
DA:348,13
DA:352,13
DA:353,31
DA:354,0
DA:357,13
DA:361,10
DA:362,10
DA:363,10
DA:364,24
DA:365,18
DA:368,10
DA:372,18
DA:373,18
DA:374,58
DA:375,138
DA:378,18
DA:382,138
DA:383,138
DA:384,138
DA:386,59
DA:387,138
DA:388,138
DA:389,138
DA:390,138
DA:391,138
DA:392,138
DA:393,138
DA:394,138
DA:395,138
DA:397,138
DA:398,1
DA:402,26
DA:403,26
DA:404,74
DA:406,26
DA:410,16
DA:411,12
DA:412,12
DA:416,6
DA:420,6
LF:213
LH:197
BRDA:20,0,0,6
BRDA:22,1,0,0
BRDA:22,1,1,6
BRDA:22,2,0,6
BRDA:22,2,1,6
BRDA:24,3,0,6
BRDA:24,3,1,0
BRDA:30,4,0,14
BRDA:30,4,1,14
BRDA:31,5,0,0
BRDA:31,5,1,6
BRDA:33,6,0,6
BRDA:33,6,1,2
BRDA:35,7,0,1
BRDA:35,7,1,5
BRDA:53,8,0,1
BRDA:53,8,1,5
BRDA:57,9,0,0
BRDA:57,9,1,5
BRDA:62,10,0,0
BRDA:62,10,1,5
BRDA:71,11,0,1
BRDA:71,11,1,9
BRDA:75,12,0,0
BRDA:75,12,1,4
BRDA:92,13,0,1
BRDA:92,13,1,1
BRDA:96,14,0,0
BRDA:96,14,1,1
BRDA:101,15,0,0
BRDA:101,15,1,1
BRDA:110,16,0,0
BRDA:110,16,1,3
BRDA:114,17,0,0
BRDA:114,17,1,1
BRDA:133,18,0,10
BRDA:133,18,1,7
BRDA:135,19,0,1
BRDA:135,19,1,9
BRDA:135,20,0,10
BRDA:135,20,1,1
BRDA:139,21,0,9
BRDA:139,21,1,0
BRDA:142,22,0,6
BRDA:142,22,1,3
BRDA:149,23,0,10
BRDA:149,23,1,0
BRDA:168,24,0,3
BRDA:168,24,1,2
BRDA:170,25,0,0
BRDA:170,25,1,3
BRDA:170,26,0,3
BRDA:170,26,1,0
BRDA:174,27,0,3
BRDA:174,27,1,0
BRDA:177,28,0,2
BRDA:177,28,1,1
BRDA:184,29,0,3
BRDA:184,29,1,0
BRDA:200,30,0,13
BRDA:200,30,1,13
BRDA:200,30,2,4
BRDA:200,30,3,12
BRDA:200,30,4,9
BRDA:203,31,0,8
BRDA:203,31,1,5
BRDA:203,32,0,13
BRDA:203,32,1,9
BRDA:204,33,0,8
BRDA:204,33,1,0
BRDA:207,34,0,1
BRDA:207,34,1,7
BRDA:219,35,0,12
BRDA:219,35,1,1
BRDA:219,36,0,13
BRDA:219,36,1,13
BRDA:226,37,0,1
BRDA:226,37,1,0
BRDA:228,38,0,1
BRDA:228,38,1,0
BRDA:235,39,0,0
BRDA:235,39,1,0
BRDA:240,40,0,0
BRDA:240,40,1,0
BRDA:249,41,0,11
BRDA:249,41,1,0
BRDA:251,42,0,5
BRDA:251,42,1,0
BRDA:255,43,0,0
BRDA:255,43,1,0
BRDA:264,44,0,3
BRDA:264,44,1,0
BRDA:266,45,0,1
BRDA:266,45,1,0
BRDA:270,46,0,0
BRDA:270,46,1,0
BRDA:280,47,0,0
BRDA:280,47,1,13
BRDA:280,48,0,13
BRDA:280,48,1,13
BRDA:281,49,0,0
BRDA:281,49,1,13
BRDA:282,50,0,1
BRDA:282,50,1,12
BRDA:287,51,0,13
BRDA:287,51,1,12
BRDA:288,52,0,12
BRDA:288,52,1,1
BRDA:289,53,0,1
BRDA:289,53,1,1
BRDA:293,54,0,0
BRDA:293,54,1,2
BRDA:294,55,0,1
BRDA:294,55,1,1
BRDA:306,56,0,1
BRDA:306,56,1,1
BRDA:308,57,0,1
BRDA:308,57,1,0
BRDA:308,58,0,1
BRDA:308,58,1,0
BRDA:312,59,0,1
BRDA:312,59,1,0
BRDA:314,60,0,0
BRDA:314,60,1,1
BRDA:314,61,0,1
BRDA:314,61,1,1
BRDA:322,62,0,0
BRDA:322,62,1,0
BRDA:322,62,2,0
BRDA:322,62,3,0
BRDA:332,63,0,55
BRDA:332,63,1,0
BRDA:332,64,0,55
BRDA:332,64,1,42
BRDA:332,64,2,27
BRDA:337,65,0,0
BRDA:337,65,1,13
BRDA:343,66,0,29
BRDA:343,66,1,17
BRDA:344,67,0,29
BRDA:344,67,1,12
BRDA:345,68,0,18
BRDA:345,68,1,11
BRDA:345,69,0,29
BRDA:345,69,1,21
BRDA:353,70,0,0
BRDA:353,70,1,31
BRDA:353,71,0,31
BRDA:353,71,1,12
BRDA:375,72,0,1
BRDA:375,72,1,137
BRDA:384,73,0,79
BRDA:384,73,1,59
BRDA:386,74,0,32
BRDA:386,74,1,27
BRDA:387,75,0,32
BRDA:387,75,1,27
BRDA:388,76,0,32
BRDA:388,76,1,27
BRDA:389,77,0,32
BRDA:389,77,1,27
BRDA:397,78,0,58
BRDA:397,78,1,80
BRDA:397,79,0,138
BRDA:397,79,1,39
BRDA:397,79,2,12
BRDA:397,79,3,7
BRDA:412,80,0,8
BRDA:412,80,1,4
BRF:169
BRH:124
end_of_record
TN:
SF:src\core\algorithms\orthogonalWaypointRefiner.ts
FN:46,refineOrthogonalWaypoints
FN:53,refineOrthogonalWaypointsDetailed
FN:76,(anonymous_2)
FN:77,(anonymous_3)
FN:83,(anonymous_4)
FN:92,(anonymous_5)
FN:93,(anonymous_6)
FN:103,(anonymous_7)
FN:125,(anonymous_8)
FN:126,(anonymous_9)
FN:200,(anonymous_10)
FN:208,rerouteWorstEdges
FN:224,(anonymous_12)
FN:225,(anonymous_13)
FN:226,(anonymous_14)
FN:262,getProtectedTrunkLocks
FN:269,summarizeScore
FN:280,findLowerScoreVariant
FN:320,(anonymous_18)
FN:354,findObstacleAwareDoglegCompaction
FN:385,(anonymous_20)
FN:386,(anonymous_21)
FN:391,(anonymous_22)
FN:392,(anonymous_23)
FN:477,findWrongSideDoglegCompaction
FN:604,findOuterLaneReroute
FN:632,(anonymous_26)
FN:633,(anonymous_27)
FN:674,getDominantVerticalAxis
FN:690,getParallelVerticalClearance
FN:713,rangesOverlap
FN:717,pathIntroducesObstacleHit
FN:732,collectHitObstacleIndexes
FN:746,isScoreNoWorse
FN:757,hasCompressibleDoglegs
FN:774,touchesProtectedTrunkJunction
FN:782,findLowerScoreReroute
FN:826,mergeCandidateAxes
FN:836,buildRouteAwareAxes
FN:844,(anonymous_39)
FN:845,(anonymous_40)
FN:846,(anonymous_41)
FN:847,(anonymous_42)
FN:884,preservesEndpointDirections
FN:900,isStrictlyOrthogonalPath
FN:912,getFirstDirection
FN:920,getLastDirection
FN:928,buildRerouteCandidates
FN:978,(anonymous_48)
FN:980,(anonymous_49)
FN:987,selectNearAxes
FN:996,(anonymous_51)
FN:1000,getCrossingAwareAxisValues
FN:1058,getDoglegShrinkAxisValues
FN:1073,(anonymous_54)
FN:1123,getDoglegCompactionAxisValues
FN:1136,(anonymous_56)
FN:1140,(anonymous_57)
FN:1142,(anonymous_58)
FN:1163,getCandidateAxisValues
FN:1165,(anonymous_60)
FN:1166,(anonymous_61)
FN:1178,(anonymous_62)
FNF:63
FNH:58
FNDA:0,refineOrthogonalWaypoints
FNDA:10,refineOrthogonalWaypointsDetailed
FNDA:2,(anonymous_2)
FNDA:3,(anonymous_3)
FNDA:9,(anonymous_4)
FNDA:24,(anonymous_5)
FNDA:114,(anonymous_6)
FNDA:10,(anonymous_7)
FNDA:32,(anonymous_8)
FNDA:2,(anonymous_9)
FNDA:1,(anonymous_10)
FNDA:1,rerouteWorstEdges
FNDA:8,(anonymous_12)
FNDA:8,(anonymous_13)
FNDA:0,(anonymous_14)
FNDA:19,getProtectedTrunkLocks
FNDA:20,summarizeScore
FNDA:11,findLowerScoreVariant
FNDA:2204,(anonymous_18)
FNDA:4,findObstacleAwareDoglegCompaction
FNDA:4,(anonymous_20)
FNDA:4,(anonymous_21)
FNDA:6,(anonymous_22)
FNDA:0,(anonymous_23)
FNDA:3,findWrongSideDoglegCompaction
FNDA:1,findOuterLaneReroute
FNDA:6,(anonymous_26)
FNDA:0,(anonymous_27)
FNDA:13,getDominantVerticalAxis
FNDA:28,getParallelVerticalClearance
FNDA:175,rangesOverlap
FNDA:22,pathIntroducesObstacleHit
FNDA:22,collectHitObstacleIndexes
FNDA:153,isScoreNoWorse
FNDA:0,hasCompressibleDoglegs
FNDA:42,touchesProtectedTrunkJunction
FNDA:1,findLowerScoreReroute
FNDA:1,mergeCandidateAxes
FNDA:1,buildRouteAwareAxes
FNDA:6,(anonymous_39)
FNDA:6,(anonymous_40)
FNDA:6,(anonymous_41)
FNDA:6,(anonymous_42)
FNDA:378,preservesEndpointDirections
FNDA:425,isStrictlyOrthogonalPath
FNDA:395,getFirstDirection
FNDA:349,getLastDirection
FNDA:1,buildRerouteCandidates
FNDA:48,(anonymous_48)
FNDA:190,(anonymous_49)
FNDA:2,selectNearAxes
FNDA:225,(anonymous_51)
FNDA:23,getCrossingAwareAxisValues
FNDA:23,getDoglegShrinkAxisValues
FNDA:19,(anonymous_54)
FNDA:23,getDoglegCompactionAxisValues
FNDA:20,(anonymous_56)
FNDA:16,(anonymous_57)
FNDA:4,(anonymous_58)
FNDA:23,getCandidateAxisValues
FNDA:322,(anonymous_60)
FNDA:51,(anonymous_61)
FNDA:1104,(anonymous_62)
DA:50,0
DA:57,10
DA:58,0
DA:59,0
DA:73,10
DA:74,10
DA:75,10
DA:76,10
DA:77,2
DA:78,3
DA:79,3
DA:83,10
DA:84,10
DA:85,10
DA:91,10
DA:92,10
DA:93,114
DA:96,10
DA:97,10
DA:98,10
DA:99,10
DA:100,10
DA:101,10
DA:103,10
DA:116,10
DA:118,10
DA:119,10
DA:121,10
DA:122,11
DA:123,11
DA:124,11
DA:125,32
DA:126,2
DA:128,11
DA:129,13
DA:130,13
DA:131,11
DA:132,11
DA:133,11
DA:135,11
DA:147,13
DA:176,13
DA:177,11
DA:178,11
DA:179,11
DA:180,11
DA:181,11
DA:184,11
DA:187,11
DA:188,1
DA:199,1
DA:200,1
DA:201,1
DA:202,1
DA:205,10
DA:223,1
DA:224,8
DA:225,8
DA:226,0
DA:229,1
DA:230,1
DA:231,1
DA:232,1
DA:233,1
DA:234,1
DA:235,1
DA:237,1
DA:248,1
DA:249,1
DA:250,1
DA:251,1
DA:254,1
DA:263,19
DA:270,20
DA:292,11
DA:293,11
DA:294,11
DA:295,11
DA:297,11
DA:298,29
DA:299,27
DA:300,27
DA:301,27
DA:302,27
DA:303,27
DA:305,23
DA:306,29
DA:317,29
DA:318,357
DA:320,2204
DA:321,357
DA:322,207
DA:323,207
DA:325,150
DA:326,150
DA:329,357
DA:330,357
DA:331,357
DA:332,310
DA:333,255
DA:334,235
DA:336,135
DA:337,135
DA:338,135
DA:339,135
DA:340,135
DA:341,135
DA:343,357
DA:345,66
DA:346,30
DA:351,29
DA:364,4
DA:366,4
DA:367,4
DA:368,4
DA:370,1
DA:371,1
DA:372,5
DA:373,5
DA:374,5
DA:375,2
DA:378,1
DA:380,1
DA:381,1
DA:382,1
DA:383,1
DA:385,4
DA:386,4
DA:387,1
DA:388,1
DA:390,1
DA:391,6
DA:392,0
DA:393,4
DA:394,4
DA:395,4
DA:397,1
DA:398,1
DA:399,1
DA:400,1
DA:401,1
DA:402,1
DA:403,1
DA:405,1
DA:406,3
DA:407,3
DA:408,3
DA:410,1
DA:411,1
DA:413,1
DA:415,0
DA:417,0
DA:421,1
DA:425,4
DA:426,4
DA:427,5
DA:428,5
DA:430,5
DA:439,5
DA:440,5
DA:442,5
DA:444,5
DA:445,0
DA:446,0
DA:447,0
DA:449,0
DA:452,5
DA:453,5
DA:454,5
DA:455,5
DA:457,3
DA:458,3
DA:460,3
DA:461,3
DA:462,3
DA:463,3
DA:467,5
DA:469,3
DA:470,1
DA:474,1
DA:487,3
DA:489,3
DA:490,3
DA:491,3
DA:492,3
DA:493,3
DA:494,3
DA:496,3
DA:497,3
DA:498,3
DA:499,3
DA:501,3
DA:502,13
DA:504,13
DA:505,13
DA:506,13
DA:508,4
DA:509,4
DA:510,4
DA:511,4
DA:513,2
DA:514,13
DA:515,13
DA:516,13
DA:517,13
DA:518,13
DA:519,13
DA:521,13
DA:522,3
DA:523,1
DA:524,1
DA:526,1
DA:528,0
DA:530,0
DA:534,2
DA:556,13
DA:557,16
DA:558,16
DA:560,16
DA:569,16
DA:570,16
DA:571,16
DA:572,16
DA:574,16
DA:575,16
DA:577,16
DA:578,16
DA:579,16
DA:580,16
DA:585,16
DA:587,15
DA:588,15
DA:592,16
DA:596,5
DA:601,3
DA:614,1
DA:615,1
DA:617,1
DA:618,1
DA:619,1
DA:620,1
DA:621,1
DA:624,1
DA:626,1
DA:628,1
DA:629,1
DA:630,1
DA:631,1
DA:632,6
DA:633,0
DA:634,1
DA:635,1
DA:637,1
DA:644,1
DA:645,1
DA:646,1
DA:648,1
DA:649,0
DA:651,0
DA:653,1
DA:654,0
DA:655,0
DA:656,0
DA:658,0
DA:661,1
DA:662,1
DA:663,1
DA:664,1
DA:666,1
DA:667,1
DA:668,1
DA:669,1
DA:671,1
DA:675,13
DA:676,13
DA:677,13
DA:678,65
DA:679,65
DA:680,65
DA:681,39
DA:682,39
DA:683,26
DA:684,26
DA:687,13
DA:697,28
DA:698,28
DA:699,119
DA:700,91
DA:701,481
DA:702,481
DA:703,481
DA:704,169
DA:705,169
DA:706,169
DA:707,130
DA:710,28
DA:714,175
DA:718,22
DA:719,22
DA:720,104
DA:721,104
DA:722,104
DA:723,190
DA:724,64
DA:725,2
DA:729,20
DA:733,22
DA:734,22
DA:735,142
DA:736,142
DA:737,142
DA:738,210
DA:739,28
DA:743,22
DA:750,153
DA:758,0
DA:759,0
DA:760,0
DA:761,0
DA:762,0
DA:763,0
DA:764,0
DA:765,0
DA:766,0
DA:767,0
DA:771,0
DA:777,42
DA:778,40
DA:779,40
DA:792,1
DA:793,1
DA:794,1
DA:795,1
DA:796,1
DA:797,1
DA:798,1
DA:799,1
DA:801,1
DA:802,46
DA:803,46
DA:804,46
DA:805,46
DA:806,18
DA:807,18
DA:808,18
DA:810,18
DA:811,18
DA:812,18
DA:813,18
DA:814,18
DA:816,46
DA:818,2
DA:819,1
DA:823,1
DA:830,1
DA:842,1
DA:843,1
DA:844,6
DA:845,6
DA:846,6
DA:847,6
DA:849,1
DA:850,8
DA:851,7
DA:852,37
DA:853,37
DA:854,37
DA:855,37
DA:856,37
DA:857,10
DA:858,10
DA:859,10
DA:860,10
DA:861,9
DA:862,9
DA:863,9
DA:864,9
DA:865,27
DA:866,13
DA:867,13
DA:868,13
DA:869,13
DA:870,13
DA:871,13
DA:872,13
DA:873,13
DA:878,1
DA:889,378
DA:890,378
DA:891,378
DA:893,332
DA:894,332
DA:895,332
DA:897,295
DA:901,425
DA:902,1752
DA:903,1752
DA:904,1752
DA:905,1752
DA:906,1752
DA:907,1752
DA:909,378
DA:913,395
DA:914,395
DA:915,395
DA:917,0
DA:921,349
DA:922,349
DA:923,349
DA:925,0
DA:934,1
DA:935,1
DA:936,1
DA:937,1
DA:938,1
DA:939,1
DA:940,1
DA:941,1
DA:942,1
DA:945,1
DA:946,1
DA:949,1
DA:957,1
DA:966,1
DA:967,22
DA:969,1
DA:970,22
DA:974,1
DA:975,1
DA:977,1
DA:978,1
DA:979,48
DA:980,190
DA:981,48
DA:982,46
DA:983,46
DA:988,2
DA:989,2
DA:990,2
DA:991,2
DA:992,61
DA:994,2
DA:995,2
DA:996,225
DA:1009,23
DA:1010,23
DA:1011,23
DA:1012,23
DA:1013,23
DA:1014,23
DA:1016,23
DA:1017,76
DA:1018,53
DA:1019,233
DA:1020,233
DA:1021,233
DA:1022,233
DA:1023,233
DA:1024,57
DA:1025,57
DA:1026,57
DA:1027,57
DA:1028,10
DA:1029,10
DA:1031,176
DA:1032,20
DA:1033,20
DA:1034,20
DA:1035,20
DA:1036,0
DA:1037,0
DA:1043,23
DA:1044,1
DA:1045,1
DA:1046,1
DA:1047,1
DA:1049,0
DA:1050,0
DA:1051,0
DA:1055,23
DA:1066,23
DA:1067,23
DA:1068,23
DA:1069,23
DA:1070,23
DA:1071,23
DA:1073,23
DA:1074,19
DA:1075,19
DA:1078,19
DA:1080,6
DA:1081,19
DA:1082,19
DA:1085,23
DA:1086,76
DA:1088,53
DA:1089,233
DA:1090,233
DA:1091,233
DA:1092,233
DA:1094,233
DA:1095,32
DA:1096,32
DA:1097,32
DA:1099,32
DA:1100,9
DA:1102,32
DA:1103,4
DA:1105,201
DA:1106,40
DA:1107,40
DA:1108,40
DA:1110,40
DA:1111,3
DA:1113,40
DA:1114,3
DA:1120,23
DA:1129,23
DA:1130,23
DA:1131,23
DA:1132,23
DA:1133,23
DA:1135,23
DA:1136,23
DA:1137,20
DA:1138,20
DA:1139,20
DA:1140,16
DA:1141,16
DA:1142,4
DA:1146,23
DA:1147,9
DA:1148,9
DA:1149,9
DA:1150,8
DA:1153,14
DA:1154,14
DA:1155,14
DA:1156,12
DA:1160,23
DA:1164,23
DA:1165,322
DA:1166,23
DA:1167,51
DA:1170,23
DA:1171,0
DA:1172,0
DA:1173,0
DA:1174,0
DA:1178,1104
LF:550
LH:508
BRDA:48,0,0,0
BRDA:55,1,0,10
BRDA:57,2,0,0
BRDA:57,2,1,10
BRDA:75,3,0,10
BRDA:75,3,1,5
BRDA:76,4,0,10
BRDA:76,4,1,8
BRDA:83,5,0,10
BRDA:83,5,1,7
BRDA:83,6,0,9
BRDA:83,6,1,9
BRDA:83,6,2,9
BRDA:84,7,0,10
BRDA:84,7,1,0
BRDA:116,8,0,0
BRDA:116,8,1,10
BRDA:116,9,0,10
BRDA:116,9,1,0
BRDA:118,10,0,10
BRDA:118,10,1,0
BRDA:119,11,0,10
BRDA:119,11,1,10
BRDA:121,12,0,10
BRDA:121,12,1,11
BRDA:121,12,2,0
BRDA:126,13,0,2
BRDA:126,13,1,0
BRDA:126,14,0,2
BRDA:126,14,1,0
BRDA:130,15,0,2
BRDA:130,15,1,11
BRDA:130,16,0,13
BRDA:130,16,1,13
BRDA:133,17,0,0
BRDA:133,17,1,11
BRDA:141,18,0,11
BRDA:141,18,1,10
BRDA:147,19,0,13
BRDA:147,19,1,4
BRDA:147,19,2,3
BRDA:147,19,3,1
BRDA:176,20,0,0
BRDA:176,20,1,13
BRDA:184,21,0,0
BRDA:184,21,1,11
BRDA:187,22,0,1
BRDA:187,22,1,10
BRDA:187,23,0,11
BRDA:187,23,1,1
BRDA:197,24,0,1
BRDA:197,24,1,0
BRDA:226,25,0,0
BRDA:226,25,1,0
BRDA:226,26,0,0
BRDA:226,26,1,0
BRDA:234,27,0,0
BRDA:234,27,1,1
BRDA:234,28,0,1
BRDA:234,28,1,1
BRDA:234,28,2,1
BRDA:234,29,0,1
BRDA:234,29,1,0
BRDA:248,30,0,0
BRDA:248,30,1,1
BRDA:290,31,0,11
BRDA:298,32,0,2
BRDA:298,32,1,27
BRDA:303,33,0,4
BRDA:303,33,1,23
BRDA:303,34,0,27
BRDA:303,34,1,13
BRDA:305,35,0,14
BRDA:305,35,1,9
BRDA:308,36,0,14
BRDA:308,36,1,9
BRDA:318,37,0,0
BRDA:318,37,1,357
BRDA:321,38,0,207
BRDA:321,38,1,150
BRDA:330,39,0,0
BRDA:330,39,1,357
BRDA:331,40,0,47
BRDA:331,40,1,310
BRDA:332,41,0,55
BRDA:332,41,1,255
BRDA:333,42,0,20
BRDA:333,42,1,235
BRDA:334,43,0,100
BRDA:334,43,1,135
BRDA:341,44,0,135
BRDA:341,44,1,130
BRDA:343,45,0,69
BRDA:343,45,1,288
BRDA:343,46,0,357
BRDA:343,46,1,80
BRDA:345,47,0,30
BRDA:345,47,1,36
BRDA:345,48,0,66
BRDA:345,48,1,59
BRDA:345,48,2,53
BRDA:345,48,3,44
BRDA:351,49,0,7
BRDA:351,49,1,4
BRDA:362,50,0,4
BRDA:364,51,0,0
BRDA:364,51,1,4
BRDA:368,52,0,3
BRDA:368,52,1,1
BRDA:374,53,0,2
BRDA:374,53,1,3
BRDA:374,54,0,5
BRDA:374,54,1,2
BRDA:378,55,0,0
BRDA:378,55,1,1
BRDA:386,56,0,2
BRDA:386,56,1,2
BRDA:388,57,0,0
BRDA:388,57,1,1
BRDA:388,58,0,1
BRDA:388,58,1,1
BRDA:390,59,0,1
BRDA:390,59,1,0
BRDA:395,60,0,0
BRDA:395,60,1,4
BRDA:408,61,0,2
BRDA:408,61,1,1
BRDA:410,62,0,1
BRDA:410,62,1,0
BRDA:411,63,0,1
BRDA:411,63,1,1
BRDA:413,64,0,1
BRDA:413,64,1,0
BRDA:415,65,0,0
BRDA:415,65,1,0
BRDA:417,66,0,0
BRDA:417,66,1,0
BRDA:421,67,0,1
BRDA:421,67,1,0
BRDA:427,68,0,0
BRDA:427,68,1,5
BRDA:427,69,0,5
BRDA:427,69,1,5
BRDA:427,69,2,5
BRDA:428,70,0,0
BRDA:428,70,1,5
BRDA:428,71,0,5
BRDA:428,71,1,0
BRDA:428,71,2,0
BRDA:439,72,0,5
BRDA:439,72,1,0
BRDA:439,73,0,5
BRDA:439,73,1,5
BRDA:440,74,0,5
BRDA:440,74,1,5
BRDA:442,75,0,0
BRDA:442,75,1,5
BRDA:444,76,0,0
BRDA:444,76,1,5
BRDA:444,77,0,5
BRDA:444,77,1,0
BRDA:447,78,0,0
BRDA:447,78,1,0
BRDA:449,79,0,0
BRDA:449,79,1,0
BRDA:452,80,0,0
BRDA:452,80,1,5
BRDA:453,81,0,0
BRDA:453,81,1,5
BRDA:454,82,0,0
BRDA:454,82,1,5
BRDA:455,83,0,2
BRDA:455,83,1,3
BRDA:458,84,0,0
BRDA:458,84,1,3
BRDA:463,85,0,3
BRDA:463,85,1,3
BRDA:463,85,2,3
BRDA:463,85,3,3
BRDA:467,86,0,0
BRDA:467,86,1,5
BRDA:469,87,0,1
BRDA:469,87,1,2
BRDA:469,88,0,3
BRDA:469,88,1,2
BRDA:469,88,2,2
BRDA:469,88,3,0
BRDA:474,89,0,1
BRDA:474,89,1,0
BRDA:485,90,0,3
BRDA:487,91,0,0
BRDA:487,91,1,3
BRDA:494,92,0,0
BRDA:494,92,1,3
BRDA:502,93,0,0
BRDA:502,93,1,13
BRDA:506,94,0,9
BRDA:506,94,1,4
BRDA:506,95,0,13
BRDA:506,95,1,4
BRDA:511,96,0,2
BRDA:511,96,1,2
BRDA:511,97,0,4
BRDA:511,97,1,2
BRDA:513,98,0,2
BRDA:513,98,1,0
BRDA:519,99,0,2
BRDA:519,99,1,0
BRDA:522,100,0,2
BRDA:522,100,1,1
BRDA:523,101,0,1
BRDA:523,101,1,0
BRDA:524,102,0,1
BRDA:524,102,1,1
BRDA:526,103,0,1
BRDA:526,103,1,0
BRDA:528,104,0,0
BRDA:528,104,1,0
BRDA:530,105,0,0
BRDA:530,105,1,0
BRDA:534,106,0,2
BRDA:534,106,1,0
BRDA:557,107,0,0
BRDA:557,107,1,16
BRDA:557,108,0,16
BRDA:557,108,1,16
BRDA:558,109,0,0
BRDA:558,109,1,16
BRDA:569,110,0,0
BRDA:569,110,1,16
BRDA:570,111,0,0
BRDA:570,111,1,16
BRDA:571,112,0,0
BRDA:571,112,1,16
BRDA:572,113,0,0
BRDA:572,113,1,16
BRDA:575,114,0,0
BRDA:575,114,1,16
BRDA:580,115,0,16
BRDA:580,115,1,15
BRDA:580,115,2,15
BRDA:580,115,3,15
BRDA:580,115,4,15
BRDA:585,116,0,1
BRDA:585,116,1,15
BRDA:588,117,0,13
BRDA:588,117,1,2
BRDA:592,118,0,5
BRDA:592,118,1,11
BRDA:592,119,0,16
BRDA:592,119,1,13
BRDA:592,119,2,13
BRDA:592,119,3,13
BRDA:592,119,4,12
BRDA:592,119,5,12
BRDA:592,119,6,12
BRDA:601,120,0,2
BRDA:601,120,1,1
BRDA:612,121,0,1
BRDA:614,122,0,0
BRDA:614,122,1,1
BRDA:615,123,0,0
BRDA:615,123,1,1
BRDA:615,124,0,1
BRDA:615,124,1,0
BRDA:621,125,0,0
BRDA:621,125,1,1
BRDA:621,126,0,1
BRDA:621,126,1,1
BRDA:624,127,0,1
BRDA:624,127,1,1
BRDA:624,127,2,0
BRDA:624,127,3,0
BRDA:626,128,0,0
BRDA:626,128,1,1
BRDA:630,129,0,1
BRDA:630,129,1,0
BRDA:631,130,0,1
BRDA:631,130,1,0
BRDA:634,131,0,0
BRDA:634,131,1,1
BRDA:634,132,0,1
BRDA:634,132,1,1
BRDA:635,133,0,0
BRDA:635,133,1,1
BRDA:635,134,0,1
BRDA:635,134,1,0
BRDA:644,135,0,0
BRDA:644,135,1,1
BRDA:645,136,0,0
BRDA:645,136,1,1
BRDA:646,137,0,0
BRDA:646,137,1,1
BRDA:648,138,0,0
BRDA:648,138,1,1
BRDA:648,139,0,1
BRDA:648,139,1,0
BRDA:649,140,0,0
BRDA:649,140,1,0
BRDA:651,141,0,0
BRDA:651,141,1,0
BRDA:653,142,0,0
BRDA:653,142,1,1
BRDA:653,143,0,1
BRDA:653,143,1,0
BRDA:656,144,0,0
BRDA:656,144,1,0
BRDA:658,145,0,0
BRDA:658,145,1,0
BRDA:663,146,0,0
BRDA:663,146,1,1
BRDA:664,147,0,0
BRDA:664,147,1,1
BRDA:669,148,0,0
BRDA:669,148,1,1
BRDA:675,149,0,13
BRDA:675,149,1,0
BRDA:680,150,0,26
BRDA:680,150,1,39
BRDA:682,151,0,26
BRDA:682,151,1,13
BRDA:699,152,0,28
BRDA:699,152,1,91
BRDA:703,153,0,312
BRDA:703,153,1,169
BRDA:706,154,0,39
BRDA:706,154,1,130
BRDA:710,155,0,13
BRDA:710,155,1,15
BRDA:714,156,0,175
BRDA:714,156,1,160
BRDA:723,157,0,126
BRDA:723,157,1,64
BRDA:724,158,0,2
BRDA:724,158,1,62
BRDA:738,159,0,28
BRDA:738,159,1,182
BRDA:750,160,0,153
BRDA:750,160,1,134
BRDA:750,160,2,134
BRDA:750,160,3,132
BRDA:750,160,4,132
BRDA:759,161,0,0
BRDA:759,161,1,0
BRDA:759,162,0,0
BRDA:759,162,1,0
BRDA:765,163,0,0
BRDA:765,163,1,0
BRDA:765,164,0,0
BRDA:765,164,1,0
BRDA:766,165,0,0
BRDA:766,165,1,0
BRDA:777,166,0,2
BRDA:777,166,1,40
BRDA:777,167,0,42
BRDA:777,167,1,6
BRDA:778,168,0,0
BRDA:778,168,1,40
BRDA:778,169,0,40
BRDA:778,169,1,0
BRDA:803,170,0,0
BRDA:803,170,1,46
BRDA:804,171,0,0
BRDA:804,171,1,46
BRDA:805,172,0,28
BRDA:805,172,1,18
BRDA:807,173,0,0
BRDA:807,173,1,18
BRDA:808,174,0,0
BRDA:808,174,1,18
BRDA:814,175,0,18
BRDA:814,175,1,2
BRDA:816,176,0,16
BRDA:816,176,1,30
BRDA:816,177,0,46
BRDA:816,177,1,16
BRDA:818,178,0,1
BRDA:818,178,1,1
BRDA:818,179,0,2
BRDA:818,179,1,1
BRDA:818,179,2,1
BRDA:818,179,3,1
BRDA:823,180,0,1
BRDA:823,180,1,0
BRDA:831,181,0,1
BRDA:831,181,1,1
BRDA:832,182,0,1
BRDA:832,182,1,1
BRDA:850,183,0,1
BRDA:850,183,1,7
BRDA:856,184,0,10
BRDA:856,184,1,27
BRDA:860,185,0,1
BRDA:860,185,1,9
BRDA:860,186,0,10
BRDA:860,186,1,9
BRDA:860,186,2,9
BRDA:860,186,3,9
BRDA:865,187,0,13
BRDA:865,187,1,14
BRDA:869,188,0,0
BRDA:869,188,1,13
BRDA:869,189,0,13
BRDA:869,189,1,13
BRDA:869,189,2,13
BRDA:869,189,3,13
BRDA:889,190,0,378
BRDA:889,190,1,0
BRDA:891,191,0,46
BRDA:891,191,1,332
BRDA:893,192,0,332
BRDA:893,192,1,0
BRDA:895,193,0,37
BRDA:895,193,1,295
BRDA:906,194,0,1752
BRDA:906,194,1,972
BRDA:907,195,0,47
BRDA:907,195,1,1705
BRDA:907,196,0,1752
BRDA:907,196,1,1752
BRDA:907,196,2,1019
BRDA:915,197,0,395
BRDA:915,197,1,0
BRDA:923,198,0,349
BRDA:923,198,1,0
BRDA:981,199,0,2
BRDA:981,199,1,46
BRDA:991,200,0,2
BRDA:991,200,1,0
BRDA:992,201,0,59
BRDA:992,201,1,2
BRDA:992,202,0,61
BRDA:992,202,1,59
BRDA:1014,203,0,14
BRDA:1014,203,1,9
BRDA:1017,204,0,23
BRDA:1017,204,1,53
BRDA:1023,205,0,57
BRDA:1023,205,1,176
BRDA:1023,206,0,233
BRDA:1023,206,1,153
BRDA:1027,207,0,10
BRDA:1027,207,1,47
BRDA:1027,208,0,57
BRDA:1027,208,1,46
BRDA:1027,208,2,24
BRDA:1027,208,3,18
BRDA:1031,209,0,20
BRDA:1031,209,1,156
BRDA:1031,210,0,176
BRDA:1031,210,1,80
BRDA:1035,211,0,0
BRDA:1035,211,1,20
BRDA:1035,212,0,20
BRDA:1035,212,1,14
BRDA:1035,212,2,12
BRDA:1035,212,3,6
BRDA:1044,213,0,1
BRDA:1044,213,1,0
BRDA:1045,214,0,1
BRDA:1045,214,1,0
BRDA:1045,215,0,1
BRDA:1045,215,1,1
BRDA:1045,215,2,1
BRDA:1045,215,3,1
BRDA:1049,216,0,0
BRDA:1049,216,1,0
BRDA:1049,217,0,0
BRDA:1049,217,1,0
BRDA:1049,217,2,0
BRDA:1049,217,3,0
BRDA:1071,218,0,0
BRDA:1071,218,1,23
BRDA:1071,219,0,23
BRDA:1071,219,1,23
BRDA:1075,220,0,8
BRDA:1075,220,1,11
BRDA:1076,221,0,8
BRDA:1076,221,1,5
BRDA:1077,222,0,11
BRDA:1077,222,1,9
BRDA:1078,223,0,13
BRDA:1078,223,1,6
BRDA:1080,224,0,4
BRDA:1080,224,1,2
BRDA:1082,225,0,4
BRDA:1082,225,1,2
BRDA:1086,226,0,23
BRDA:1086,226,1,53
BRDA:1094,227,0,32
BRDA:1094,227,1,201
BRDA:1094,228,0,233
BRDA:1094,228,1,80
BRDA:1099,229,0,9
BRDA:1099,229,1,23
BRDA:1099,230,0,32
BRDA:1099,230,1,19
BRDA:1099,230,2,12
BRDA:1102,231,0,4
BRDA:1102,231,1,28
BRDA:1102,232,0,32
BRDA:1102,232,1,19
BRDA:1102,232,2,17
BRDA:1105,233,0,40
BRDA:1105,233,1,161
BRDA:1105,234,0,201
BRDA:1105,234,1,153
BRDA:1110,235,0,3
BRDA:1110,235,1,37
BRDA:1110,236,0,40
BRDA:1110,236,1,20
BRDA:1110,236,2,20
BRDA:1113,237,0,3
BRDA:1113,237,1,37
BRDA:1113,238,0,40
BRDA:1113,238,1,20
BRDA:1113,238,2,10
BRDA:1133,239,0,0
BRDA:1133,239,1,23
BRDA:1133,240,0,23
BRDA:1133,240,1,23
BRDA:1139,241,0,4
BRDA:1139,241,1,16
BRDA:1141,242,0,1
BRDA:1141,242,1,15
BRDA:1146,243,0,9
BRDA:1146,243,1,14
BRDA:1149,244,0,8
BRDA:1149,244,1,1
BRDA:1149,245,0,9
BRDA:1149,245,1,8
BRDA:1155,246,0,12
BRDA:1155,246,1,2
BRDA:1155,247,0,14
BRDA:1155,247,1,12
BRDA:1163,248,0,23
BRDA:1167,249,0,44
BRDA:1167,249,1,7
BRDA:1170,250,0,23
BRDA:1170,250,1,23
BRDA:1171,251,0,0
BRDA:1171,251,1,0
BRF:542
BRH:403
end_of_record
TN:
SF:src\core\algorithms\pathfinding.ts
FN:45,setPathfindingConfig
FN:49,getPathfindingConfig
FN:84,(anonymous_2)
FN:90,(anonymous_3)
FN:103,(anonymous_4)
FN:114,(anonymous_5)
FN:118,(anonymous_6)
FN:130,(anonymous_7)
FN:153,(anonymous_8)
FN:163,isPointInRectangle
FN:173,isHLineIntersectingRect
FN:181,isVLineIntersectingRect
FN:189,areSegmentsCollinearAndOverlapping
FN:207,doLinesIntersect
FN:208,(anonymous_14)
FN:218,isPathBlocked
FN:219,(anonymous_16)
FN:337,generateSimplePath
FN:363,(anonymous_18)
FN:386,(anonymous_19)
FN:386,(anonymous_20)
FN:443,(anonymous_21)
FN:460,(anonymous_22)
FN:461,(anonymous_23)
FN:493,(anonymous_24)
FN:494,(anonymous_25)
FN:516,simplifyPath
FN:584,buildPathfindingGrid
FN:604,(anonymous_28)
FN:618,(anonymous_29)
FN:663,(anonymous_30)
FN:698,(anonymous_31)
FN:743,findPath
FN:761,(anonymous_33)
FN:922,(anonymous_34)
FN:927,(anonymous_35)
FN:936,(anonymous_36)
FN:953,(anonymous_37)
FN:961,(anonymous_38)
FN:1055,(anonymous_39)
FN:1118,(anonymous_40)
FN:1159,(anonymous_41)
FN:1353,(anonymous_42)
FN:1356,(anonymous_43)
FN:1515,optimizePath
FN:1524,(anonymous_45)
FN:1592,generateSmartCShapePath
FNF:47
FNH:37
FNDA:0,setPathfindingConfig
FNDA:1,getPathfindingConfig
FNDA:1,(anonymous_2)
FNDA:62,(anonymous_3)
FNDA:21,(anonymous_4)
FNDA:21,(anonymous_5)
FNDA:62,(anonymous_6)
FNDA:20,(anonymous_7)
FNDA:227,(anonymous_8)
FNDA:12,isPointInRectangle
FNDA:161,isHLineIntersectingRect
FNDA:29,isVLineIntersectingRect
FNDA:5,areSegmentsCollinearAndOverlapping
FNDA:13,doLinesIntersect
FNDA:26,(anonymous_14)
FNDA:159,isPathBlocked
FNDA:556,(anonymous_16)
FNDA:4,generateSimplePath
FNDA:37,(anonymous_18)
FNDA:0,(anonymous_19)
FNDA:0,(anonymous_20)
FNDA:2,(anonymous_21)
FNDA:20,(anonymous_22)
FNDA:38,(anonymous_23)
FNDA:6,(anonymous_24)
FNDA:0,(anonymous_25)
FNDA:2,simplifyPath
FNDA:1,buildPathfindingGrid
FNDA:4,(anonymous_28)
FNDA:1,(anonymous_29)
FNDA:6,(anonymous_30)
FNDA:1,(anonymous_31)
FNDA:4,findPath
FNDA:4,(anonymous_33)
FNDA:18,(anonymous_34)
FNDA:22,(anonymous_35)
FNDA:82,(anonymous_36)
FNDA:1,(anonymous_37)
FNDA:2,(anonymous_38)
FNDA:0,(anonymous_39)
FNDA:0,(anonymous_40)
FNDA:0,(anonymous_41)
FNDA:0,(anonymous_42)
FNDA:0,(anonymous_43)
FNDA:1,optimizePath
FNDA:11,(anonymous_45)
FNDA:0,generateSmartCShapePath
DA:37,6
DA:46,0
DA:50,1
DA:81,1
DA:85,1
DA:86,1
DA:87,1
DA:91,62
DA:93,0
DA:94,0
DA:95,0
DA:96,0
DA:97,0
DA:99,62
DA:100,62
DA:104,21
DA:105,21
DA:106,21
DA:107,21
DA:108,20
DA:109,20
DA:111,21
DA:115,21
DA:119,62
DA:120,189
DA:121,189
DA:122,164
DA:123,164
DA:125,25
DA:132,20
DA:133,20
DA:134,83
DA:135,83
DA:136,83
DA:138,83
DA:139,58
DA:141,83
DA:142,26
DA:144,83
DA:145,63
DA:146,63
DA:148,20
DA:154,227
DA:155,227
DA:156,227
DA:164,12
DA:174,161
DA:175,161
DA:176,161
DA:177,79
DA:178,45
DA:182,29
DA:183,29
DA:184,29
DA:185,4
DA:186,3
DA:190,5
DA:191,5
DA:192,5
DA:194,2
DA:195,2
DA:196,0
DA:197,0
DA:198,0
DA:200,0
DA:201,0
DA:202,0
DA:203,0
DA:208,13
DA:209,26
DA:211,13
DA:219,556
DA:221,159
DA:222,556
DA:223,556
DA:226,556
DA:228,0
DA:229,0
DA:230,0
DA:231,0
DA:232,0
DA:234,0
DA:236,0
DA:237,0
DA:238,0
DA:239,0
DA:241,0
DA:242,0
DA:243,0
DA:244,0
DA:248,0
DA:249,0
DA:251,0
DA:254,0
DA:255,0
DA:256,0
DA:257,0
DA:259,0
DA:260,0
DA:261,0
DA:262,0
DA:264,0
DA:267,0
DA:272,556
DA:273,316
DA:274,161
DA:275,161
DA:278,240
DA:279,237
DA:280,29
DA:281,29
DA:286,3
DA:287,2
DA:289,2
DA:292,2
DA:293,2
DA:294,2
DA:295,2
DA:297,2
DA:298,2
DA:299,2
DA:300,2
DA:302,2
DA:305,0
DA:311,508
DA:312,1
DA:314,5
DA:316,0
DA:321,111
DA:351,4
DA:360,4
DA:363,4
DA:364,37
DA:365,0
DA:366,0
DA:367,0
DA:368,0
DA:369,0
DA:370,0
DA:372,37
DA:373,0
DA:374,0
DA:375,0
DA:376,0
DA:377,0
DA:378,0
DA:379,0
DA:382,37
DA:383,37
DA:385,17
DA:386,0
DA:388,20
DA:393,4
DA:395,5
DA:396,4
DA:397,2
DA:402,3
DA:404,3
DA:405,3
DA:407,3
DA:408,3
DA:411,3
DA:412,2
DA:416,2
DA:417,2
DA:418,2
DA:429,2
DA:433,2
DA:434,2
DA:436,2
DA:437,2
DA:438,14
DA:443,2
DA:444,2
DA:445,2
DA:446,0
DA:451,2
DA:452,4
DA:453,4
DA:454,4
DA:455,4
DA:460,20
DA:461,38
DA:462,2
DA:465,2
DA:466,2
DA:468,2
DA:469,22
DA:470,22
DA:471,0
DA:476,2
DA:477,2
DA:478,2
DA:480,2
DA:481,2
DA:482,4
DA:485,2
DA:486,4
DA:487,4
DA:488,4
DA:489,4
DA:493,6
DA:494,2
DA:495,2
DA:498,2
DA:499,2
DA:501,2
DA:502,6
DA:503,6
DA:504,0
DA:511,1
DA:517,2
DA:518,2
DA:519,2
DA:520,27
DA:521,27
DA:522,27
DA:524,27
DA:525,27
DA:526,27
DA:527,27
DA:531,27
DA:533,27
DA:535,27
DA:536,8
DA:539,2
DA:540,2
DA:563,6
DA:591,1
DA:595,1
DA:596,1
DA:597,1
DA:598,0
DA:599,0
DA:600,0
DA:601,0
DA:604,4
DA:607,1
DA:608,1
DA:609,1
DA:610,1
DA:613,1
DA:614,1
DA:615,1
DA:616,1
DA:618,1
DA:621,1
DA:622,0
DA:629,1
DA:632,1
DA:633,2
DA:634,2
DA:635,2
DA:636,2
DA:637,2
DA:638,2
DA:639,2
DA:643,1
DA:644,1
DA:645,1
DA:646,1
DA:648,1
DA:649,1
DA:650,1
DA:652,1
DA:653,0
DA:656,1
DA:659,1
DA:660,1
DA:663,1
DA:664,6
DA:665,6
DA:666,6
DA:667,6
DA:669,6
DA:670,6
DA:672,6
DA:673,6
DA:675,6
DA:676,99
DA:677,99
DA:678,1651
DA:680,1651
DA:682,1516
DA:683,45
DA:685,1471
DA:698,1
DA:699,1
DA:701,1
DA:703,0
DA:704,0
DA:710,0
DA:712,1
DA:715,1
DA:717,2
DA:718,2
DA:720,2
DA:722,1
DA:723,1
DA:724,1
DA:727,1
DA:728,1
DA:729,1
DA:733,1
DA:761,4
DA:762,4
DA:763,4
DA:765,4
DA:766,4
DA:767,3
DA:772,3
DA:773,3
DA:774,0
DA:779,0
DA:788,3
DA:794,1
DA:798,1
DA:799,1
DA:809,1
DA:811,0
DA:814,0
DA:815,0
DA:816,0
DA:817,0
DA:820,0
DA:828,0
DA:829,0
DA:830,0
DA:835,0
DA:844,0
DA:852,0
DA:854,0
DA:857,0
DA:865,0
DA:866,0
DA:875,1
DA:881,0
DA:883,0
DA:887,0
DA:888,0
DA:889,0
DA:894,0
DA:898,1
DA:905,1
DA:906,0
DA:916,1
DA:920,1
DA:921,4
DA:922,4
DA:923,18
DA:924,0
DA:927,4
DA:928,22
DA:929,22
DA:930,22
DA:931,22
DA:936,4
DA:937,82
DA:938,82
DA:939,82
DA:943,4
DA:944,0
DA:945,0
DA:953,1
DA:954,1
DA:955,0
DA:956,0
DA:961,1
DA:962,2
DA:963,2
DA:964,2
DA:965,6
DA:966,18
DA:967,18
DA:968,18
DA:969,18
DA:974,1
DA:975,1
DA:978,1
DA:979,1
DA:981,1
DA:982,1
DA:990,1
DA:991,1
DA:992,0
DA:993,0
DA:994,0
DA:995,0
DA:997,0
DA:999,0
DA:1003,0
DA:1008,0
DA:1009,0
DA:1011,0
DA:1012,0
DA:1014,0
DA:1015,0
DA:1016,0
DA:1017,0
DA:1018,0
DA:1020,0
DA:1021,0
DA:1022,0
DA:1023,0
DA:1024,0
DA:1031,1
DA:1032,0
DA:1033,0
DA:1034,0
DA:1035,0
DA:1036,0
DA:1037,0
DA:1039,0
DA:1041,0
DA:1045,0
DA:1050,0
DA:1051,0
DA:1055,0
DA:1056,0
DA:1063,0
DA:1064,0
DA:1068,0
DA:1069,0
DA:1070,0
DA:1071,0
DA:1072,0
DA:1073,0
DA:1074,0
DA:1075,0
DA:1081,1
DA:1082,0
DA:1083,0
DA:1084,0
DA:1085,0
DA:1086,0
DA:1088,0
DA:1089,0
DA:1091,0
DA:1092,0
DA:1094,0
DA:1095,0
DA:1096,0
DA:1097,0
DA:1098,0
DA:1099,0
DA:1106,1
DA:1107,0
DA:1108,0
DA:1109,0
DA:1110,0
DA:1111,0
DA:1113,0
DA:1114,0
DA:1115,0
DA:1116,0
DA:1118,0
DA:1119,0
DA:1120,0
DA:1121,0
DA:1122,0
DA:1123,0
DA:1128,0
DA:1129,0
DA:1130,0
DA:1131,0
DA:1132,0
DA:1133,0
DA:1134,0
DA:1137,0
DA:1138,0
DA:1139,0
DA:1140,0
DA:1141,0
DA:1142,0
DA:1143,0
DA:1150,1
DA:1151,1
DA:1152,1
DA:1153,1
DA:1155,1
DA:1156,1
DA:1159,1
DA:1160,0
DA:1163,0
DA:1164,0
DA:1168,0
DA:1169,0
DA:1171,0
DA:1173,0
DA:1174,0
DA:1175,0
DA:1177,0
DA:1178,0
DA:1179,0
DA:1180,0
DA:1181,0
DA:1182,0
DA:1185,0
DA:1186,0
DA:1187,0
DA:1193,0
DA:1195,0
DA:1198,1
DA:1199,1
DA:1201,1
DA:1202,0
DA:1204,1
DA:1205,0
DA:1208,1
DA:1209,0
DA:1210,0
DA:1211,0
DA:1215,1
DA:1216,1
DA:1218,1
DA:1219,1
DA:1220,1
DA:1221,1
DA:1229,1
DA:1230,1
DA:1231,1
DA:1233,0
DA:1236,1
DA:1239,1
DA:1240,1
DA:1242,1
DA:1243,1
DA:1245,1
DA:1246,1
DA:1251,1
DA:1252,1
DA:1254,1
DA:1255,21
DA:1256,0
DA:1257,0
DA:1260,21
DA:1261,21
DA:1263,21
DA:1264,0
DA:1265,0
DA:1268,21
DA:1270,1
DA:1271,1
DA:1272,1
DA:1273,21
DA:1274,21
DA:1277,1
DA:1280,1
DA:1281,1
DA:1282,1
DA:1283,1
DA:1284,1
DA:1286,1
DA:1288,0
DA:1291,1
DA:1296,1
DA:1297,1
DA:1300,1
DA:1301,1
DA:1303,1
DA:1305,2
DA:1306,0
DA:1309,2
DA:1310,0
DA:1315,1
DA:1316,1
DA:1317,0
DA:1318,0
DA:1321,0
DA:1325,0
DA:1328,1
DA:1331,1
DA:1332,1
DA:1333,1
DA:1334,1
DA:1336,1
DA:1338,0
DA:1343,1
DA:1344,1
DA:1347,1
DA:1348,1
DA:1350,1
DA:1351,0
DA:1352,0
DA:1353,0
DA:1355,0
DA:1356,0
DA:1358,1
DA:1359,2
DA:1360,1
DA:1362,2
DA:1363,1
DA:1369,1
DA:1370,0
DA:1371,1
DA:1372,0
DA:1375,1
DA:1377,1
DA:1386,1
DA:1387,1
DA:1391,20
DA:1392,80
DA:1393,80
DA:1396,80
DA:1399,80
DA:1400,80
DA:1401,80
DA:1403,80
DA:1404,80
DA:1407,80
DA:1409,80
DA:1410,60
DA:1413,80
DA:1421,80
DA:1422,80
DA:1423,80
DA:1426,80
DA:1427,0
DA:1428,0
DA:1440,0
DA:1449,0
DA:1451,0
DA:1452,0
DA:1453,0
DA:1456,0
DA:1457,0
DA:1459,0
DA:1460,0
DA:1464,0
DA:1465,0
DA:1466,0
DA:1467,0
DA:1469,0
DA:1470,0
DA:1471,0
DA:1477,80
DA:1478,61
DA:1479,61
DA:1480,61
DA:1483,61
DA:1484,61
DA:1490,61
DA:1491,61
DA:1496,0
DA:1497,0
DA:1498,0
DA:1499,0
DA:1503,0
DA:1504,0
DA:1505,0
DA:1520,1
DA:1521,1
DA:1524,1
DA:1526,11
DA:1527,1
DA:1528,1
DA:1531,1
DA:1532,1
DA:1535,1
DA:1536,4
DA:1537,4
DA:1540,4
DA:1541,7
DA:1544,7
DA:1545,2
DA:1546,0
DA:1547,0
DA:1548,0
DA:1549,0
DA:1551,2
DA:1555,5
DA:1556,5
DA:1559,5
DA:1561,7
DA:1562,7
DA:1563,9
DA:1564,1
DA:1565,1
DA:1566,1
DA:1567,1
DA:1568,1
DA:1572,5
DA:1573,1
DA:1574,1
DA:1579,4
DA:1580,3
DA:1581,3
DA:1585,1
DA:1606,0
DA:1609,0
DA:1610,0
DA:1611,0
DA:1612,0
DA:1613,0
DA:1616,0
DA:1618,0
DA:1621,0
DA:1622,0
DA:1623,0
DA:1624,0
DA:1626,0
DA:1627,0
DA:1628,0
DA:1631,0
DA:1634,0
DA:1635,0
DA:1636,0
DA:1638,0
DA:1642,0
DA:1645,0
DA:1649,0
LF:711
LH:428
BRDA:91,0,0,0
BRDA:91,0,1,62
BRDA:104,1,0,0
BRDA:104,1,1,21
BRDA:107,2,0,20
BRDA:107,2,1,1
BRDA:121,3,0,164
BRDA:121,3,1,25
BRDA:138,4,0,58
BRDA:138,4,1,25
BRDA:138,5,0,83
BRDA:138,5,1,68
BRDA:141,6,0,26
BRDA:141,6,1,57
BRDA:141,7,0,83
BRDA:141,7,1,68
BRDA:144,8,0,63
BRDA:144,8,1,20
BRDA:163,9,0,12
BRDA:165,10,0,12
BRDA:165,10,1,5
BRDA:165,10,2,3
BRDA:165,10,3,2
BRDA:173,11,0,161
BRDA:176,12,0,82
BRDA:176,12,1,79
BRDA:176,13,0,161
BRDA:176,13,1,82
BRDA:177,14,0,34
BRDA:177,14,1,45
BRDA:177,15,0,79
BRDA:177,15,1,45
BRDA:181,16,0,29
BRDA:184,17,0,25
BRDA:184,17,1,4
BRDA:184,18,0,29
BRDA:184,18,1,8
BRDA:185,19,0,1
BRDA:185,19,1,3
BRDA:185,20,0,4
BRDA:185,20,1,3
BRDA:189,21,0,5
BRDA:192,22,0,3
BRDA:192,22,1,2
BRDA:194,23,0,2
BRDA:194,23,1,0
BRDA:195,24,0,2
BRDA:195,24,1,0
BRDA:200,25,0,0
BRDA:200,25,1,0
BRDA:211,26,0,13
BRDA:211,26,1,0
BRDA:218,27,0,159
BRDA:218,28,0,159
BRDA:226,29,0,0
BRDA:226,29,1,556
BRDA:236,30,0,0
BRDA:236,30,1,0
BRDA:238,31,0,0
BRDA:238,31,1,0
BRDA:239,32,0,0
BRDA:239,32,1,0
BRDA:241,33,0,0
BRDA:241,33,1,0
BRDA:243,34,0,0
BRDA:243,34,1,0
BRDA:244,35,0,0
BRDA:244,35,1,0
BRDA:249,36,0,0
BRDA:249,36,1,0
BRDA:251,37,0,0
BRDA:251,37,1,0
BRDA:251,38,0,0
BRDA:251,38,1,0
BRDA:264,39,0,0
BRDA:264,39,1,0
BRDA:264,40,0,0
BRDA:264,40,1,0
BRDA:264,40,2,0
BRDA:264,40,3,0
BRDA:272,41,0,316
BRDA:272,41,1,240
BRDA:274,42,0,161
BRDA:274,42,1,9
BRDA:275,43,0,45
BRDA:275,43,1,116
BRDA:278,44,0,237
BRDA:278,44,1,3
BRDA:280,45,0,29
BRDA:280,45,1,10
BRDA:281,46,0,3
BRDA:281,46,1,26
BRDA:287,47,0,2
BRDA:287,47,1,2
BRDA:289,48,0,0
BRDA:289,48,1,2
BRDA:289,49,0,2
BRDA:289,49,1,2
BRDA:302,50,0,0
BRDA:302,50,1,2
BRDA:302,51,0,2
BRDA:302,51,1,2
BRDA:302,51,2,2
BRDA:302,51,3,2
BRDA:311,52,0,1
BRDA:311,52,1,507
BRDA:314,53,0,0
BRDA:314,53,1,5
BRDA:314,54,0,5
BRDA:314,54,1,5
BRDA:341,55,0,4
BRDA:360,56,0,4
BRDA:360,56,1,0
BRDA:363,57,0,37
BRDA:364,58,0,0
BRDA:364,58,1,37
BRDA:367,59,0,0
BRDA:367,59,1,0
BRDA:367,60,0,0
BRDA:367,60,1,0
BRDA:368,61,0,0
BRDA:368,61,1,0
BRDA:368,62,0,0
BRDA:368,62,1,0
BRDA:369,63,0,0
BRDA:369,63,1,0
BRDA:369,64,0,0
BRDA:369,64,1,0
BRDA:370,65,0,0
BRDA:370,65,1,0
BRDA:370,66,0,0
BRDA:370,66,1,0
BRDA:372,67,0,0
BRDA:372,67,1,37
BRDA:376,68,0,0
BRDA:376,68,1,0
BRDA:376,69,0,0
BRDA:376,69,1,0
BRDA:377,70,0,0
BRDA:377,70,1,0
BRDA:377,71,0,0
BRDA:377,71,1,0
BRDA:378,72,0,0
BRDA:378,72,1,0
BRDA:378,73,0,0
BRDA:378,73,1,0
BRDA:379,74,0,0
BRDA:379,74,1,0
BRDA:379,75,0,0
BRDA:379,75,1,0
BRDA:383,76,0,17
BRDA:383,76,1,20
BRDA:385,77,0,17
BRDA:385,77,1,0
BRDA:386,78,0,0
BRDA:386,78,1,0
BRDA:395,79,0,4
BRDA:395,79,1,1
BRDA:395,80,0,5
BRDA:395,80,1,3
BRDA:396,81,0,2
BRDA:396,81,1,2
BRDA:402,82,0,3
BRDA:402,82,1,0
BRDA:411,83,0,1
BRDA:411,83,1,2
BRDA:412,84,0,0
BRDA:412,84,1,2
BRDA:416,85,0,2
BRDA:416,85,1,0
BRDA:445,86,0,0
BRDA:445,86,1,2
BRDA:454,87,0,4
BRDA:454,87,1,0
BRDA:454,88,0,4
BRDA:454,88,1,4
BRDA:455,89,0,0
BRDA:455,89,1,4
BRDA:455,90,0,4
BRDA:455,90,1,4
BRDA:470,91,0,0
BRDA:470,91,1,22
BRDA:488,92,0,0
BRDA:488,92,1,4
BRDA:488,93,0,4
BRDA:488,93,1,2
BRDA:489,94,0,0
BRDA:489,94,1,4
BRDA:489,95,0,4
BRDA:489,95,1,4
BRDA:503,96,0,0
BRDA:503,96,1,6
BRDA:517,97,0,0
BRDA:517,97,1,2
BRDA:535,98,0,8
BRDA:535,98,1,19
BRDA:535,99,0,27
BRDA:535,99,1,19
BRDA:587,100,0,1
BRDA:597,101,0,0
BRDA:597,101,1,1
BRDA:600,102,0,0
BRDA:600,102,1,0
BRDA:601,103,0,0
BRDA:601,103,1,0
BRDA:621,104,0,0
BRDA:621,104,1,1
BRDA:633,105,0,2
BRDA:633,105,1,2
BRDA:633,105,2,2
BRDA:633,105,3,2
BRDA:634,106,0,2
BRDA:634,106,1,0
BRDA:652,107,0,0
BRDA:652,107,1,1
BRDA:680,108,0,135
BRDA:680,108,1,1516
BRDA:682,109,0,45
BRDA:682,109,1,1471
BRDA:701,110,0,0
BRDA:701,110,1,1
BRDA:717,111,0,2
BRDA:717,111,1,0
BRDA:720,112,0,1
BRDA:720,112,1,1
BRDA:747,113,0,4
BRDA:748,114,0,4
BRDA:751,115,0,4
BRDA:752,116,0,4
BRDA:753,117,0,4
BRDA:754,118,0,4
BRDA:756,119,0,4
BRDA:762,120,0,0
BRDA:762,120,1,4
BRDA:763,121,0,0
BRDA:763,121,1,4
BRDA:766,122,0,3
BRDA:766,122,1,1
BRDA:772,123,0,3
BRDA:772,123,1,0
BRDA:773,124,0,0
BRDA:773,124,1,3
BRDA:798,125,0,1
BRDA:798,125,1,0
BRDA:798,126,0,1
BRDA:798,126,1,1
BRDA:798,126,2,1
BRDA:809,127,0,0
BRDA:809,127,1,1
BRDA:814,128,0,0
BRDA:814,128,1,0
BRDA:816,129,0,0
BRDA:816,129,1,0
BRDA:828,130,0,0
BRDA:828,130,1,0
BRDA:829,131,0,0
BRDA:829,131,1,0
BRDA:852,132,0,0
BRDA:852,132,1,0
BRDA:854,133,0,0
BRDA:854,133,1,0
BRDA:854,134,0,0
BRDA:854,134,1,0
BRDA:855,135,0,0
BRDA:855,135,1,0
BRDA:865,136,0,0
BRDA:865,136,1,0
BRDA:875,137,0,0
BRDA:875,137,1,1
BRDA:881,138,0,0
BRDA:881,138,1,0
BRDA:881,139,0,0
BRDA:881,139,1,0
BRDA:888,140,0,0
BRDA:888,140,1,0
BRDA:905,141,0,0
BRDA:905,141,1,1
BRDA:920,142,0,1
BRDA:920,142,1,0
BRDA:921,143,0,0
BRDA:921,143,1,1
BRDA:923,144,0,0
BRDA:923,144,1,18
BRDA:923,145,0,18
BRDA:923,145,1,0
BRDA:923,145,2,0
BRDA:930,146,0,0
BRDA:930,146,1,22
BRDA:930,147,0,22
BRDA:930,147,1,22
BRDA:930,147,2,22
BRDA:930,147,3,22
BRDA:943,148,0,0
BRDA:943,148,1,4
BRDA:944,149,0,0
BRDA:944,149,1,0
BRDA:954,150,0,0
BRDA:954,150,1,1
BRDA:954,151,0,1
BRDA:954,151,1,0
BRDA:967,152,0,18
BRDA:967,152,1,0
BRDA:967,153,0,18
BRDA:967,153,1,18
BRDA:979,154,0,0
BRDA:979,154,1,1
BRDA:979,155,0,1
BRDA:979,155,1,1
BRDA:982,156,0,0
BRDA:982,156,1,1
BRDA:982,157,0,1
BRDA:982,157,1,1
BRDA:997,158,0,0
BRDA:997,158,1,0
BRDA:997,159,0,0
BRDA:997,159,1,0
BRDA:997,159,2,0
BRDA:997,159,3,0
BRDA:1011,160,0,0
BRDA:1011,160,1,0
BRDA:1011,161,0,0
BRDA:1011,161,1,0
BRDA:1012,162,0,0
BRDA:1012,162,1,0
BRDA:1012,163,0,0
BRDA:1012,163,1,0
BRDA:1014,164,0,0
BRDA:1014,164,1,0
BRDA:1018,165,0,0
BRDA:1018,165,1,0
BRDA:1018,166,0,0
BRDA:1018,166,1,0
BRDA:1018,166,2,0
BRDA:1020,167,0,0
BRDA:1020,167,1,0
BRDA:1024,168,0,0
BRDA:1024,168,1,0
BRDA:1024,169,0,0
BRDA:1024,169,1,0
BRDA:1024,169,2,0
BRDA:1031,170,0,0
BRDA:1031,170,1,1
BRDA:1031,171,0,1
BRDA:1031,171,1,1
BRDA:1039,172,0,0
BRDA:1039,172,1,0
BRDA:1039,173,0,0
BRDA:1039,173,1,0
BRDA:1039,173,2,0
BRDA:1039,173,3,0
BRDA:1056,174,0,0
BRDA:1056,174,1,0
BRDA:1056,175,0,0
BRDA:1056,175,1,0
BRDA:1056,175,2,0
BRDA:1068,176,0,0
BRDA:1068,176,1,0
BRDA:1072,177,0,0
BRDA:1072,177,1,0
BRDA:1081,178,0,0
BRDA:1081,178,1,1
BRDA:1106,179,0,0
BRDA:1106,179,1,1
BRDA:1119,180,0,0
BRDA:1119,180,1,0
BRDA:1119,181,0,0
BRDA:1119,181,1,0
BRDA:1119,181,2,0
BRDA:1119,181,3,0
BRDA:1121,182,0,0
BRDA:1121,182,1,0
BRDA:1121,183,0,0
BRDA:1121,183,1,0
BRDA:1121,183,2,0
BRDA:1159,184,0,0
BRDA:1160,185,0,0
BRDA:1160,185,1,0
BRDA:1160,186,0,0
BRDA:1160,186,1,0
BRDA:1175,187,0,0
BRDA:1175,187,1,0
BRDA:1175,188,0,0
BRDA:1175,188,1,0
BRDA:1179,189,0,0
BRDA:1179,189,1,0
BRDA:1179,190,0,0
BRDA:1179,190,1,0
BRDA:1179,190,2,0
BRDA:1179,190,3,0
BRDA:1182,191,0,0
BRDA:1182,191,1,0
BRDA:1185,192,0,0
BRDA:1185,192,1,0
BRDA:1193,193,0,0
BRDA:1193,193,1,0
BRDA:1193,194,0,0
BRDA:1193,194,1,0
BRDA:1201,195,0,0
BRDA:1201,195,1,1
BRDA:1201,196,0,1
BRDA:1201,196,1,1
BRDA:1204,197,0,0
BRDA:1204,197,1,1
BRDA:1204,198,0,1
BRDA:1204,198,1,1
BRDA:1208,199,0,0
BRDA:1208,199,1,1
BRDA:1208,200,0,1
BRDA:1208,200,1,1
BRDA:1210,201,0,0
BRDA:1210,201,1,0
BRDA:1231,202,0,0
BRDA:1231,202,1,1
BRDA:1233,203,0,0
BRDA:1233,203,1,0
BRDA:1236,204,0,1
BRDA:1236,204,1,0
BRDA:1255,205,0,0
BRDA:1255,205,1,21
BRDA:1261,206,0,0
BRDA:1261,206,1,21
BRDA:1263,207,0,0
BRDA:1263,207,1,21
BRDA:1264,208,0,0
BRDA:1264,208,1,0
BRDA:1268,209,0,1
BRDA:1268,209,1,20
BRDA:1280,210,0,1
BRDA:1280,210,1,0
BRDA:1280,211,0,1
BRDA:1280,211,1,1
BRDA:1280,211,2,0
BRDA:1286,212,0,0
BRDA:1286,212,1,1
BRDA:1286,213,0,1
BRDA:1286,213,1,1
BRDA:1305,214,0,0
BRDA:1305,214,1,2
BRDA:1309,215,0,0
BRDA:1309,215,1,2
BRDA:1315,216,0,1
BRDA:1315,216,1,0
BRDA:1317,217,0,0
BRDA:1317,217,1,0
BRDA:1332,218,0,1
BRDA:1332,218,1,0
BRDA:1332,219,0,1
BRDA:1332,219,1,0
BRDA:1336,220,0,0
BRDA:1336,220,1,1
BRDA:1336,221,0,1
BRDA:1336,221,1,1
BRDA:1350,222,0,0
BRDA:1350,222,1,1
BRDA:1359,223,0,1
BRDA:1359,223,1,1
BRDA:1362,224,0,1
BRDA:1362,224,1,1
BRDA:1369,225,0,0
BRDA:1369,225,1,1
BRDA:1371,226,0,0
BRDA:1371,226,1,1
BRDA:1396,227,0,0
BRDA:1396,227,1,80
BRDA:1396,228,0,80
BRDA:1396,228,1,80
BRDA:1401,229,0,0
BRDA:1401,229,1,80
BRDA:1404,230,0,0
BRDA:1404,230,1,80
BRDA:1409,231,0,60
BRDA:1409,231,1,20
BRDA:1409,232,0,80
BRDA:1409,232,1,80
BRDA:1426,233,0,0
BRDA:1426,233,1,80
BRDA:1426,234,0,80
BRDA:1426,234,1,80
BRDA:1426,234,2,0
BRDA:1440,235,0,0
BRDA:1440,235,1,0
BRDA:1451,236,0,0
BRDA:1451,236,1,0
BRDA:1451,237,0,0
BRDA:1451,237,1,0
BRDA:1459,238,0,0
BRDA:1459,238,1,0
BRDA:1459,239,0,0
BRDA:1459,239,1,0
BRDA:1464,240,0,0
BRDA:1464,240,1,0
BRDA:1469,241,0,0
BRDA:1469,241,1,0
BRDA:1477,242,0,61
BRDA:1477,242,1,19
BRDA:1496,243,0,0
BRDA:1496,243,1,0
BRDA:1518,244,0,1
BRDA:1521,245,0,0
BRDA:1521,245,1,1
BRDA:1526,246,0,10
BRDA:1526,246,1,1
BRDA:1527,247,0,0
BRDA:1527,247,1,1
BRDA:1527,248,0,1
BRDA:1527,248,1,0
BRDA:1544,249,0,2
BRDA:1544,249,1,5
BRDA:1544,250,0,7
BRDA:1544,250,1,7
BRDA:1545,251,0,0
BRDA:1545,251,1,2
BRDA:1559,252,0,5
BRDA:1559,252,1,0
BRDA:1563,253,0,1
BRDA:1563,253,1,8
BRDA:1572,254,0,1
BRDA:1572,254,1,4
BRDA:1579,255,0,3
BRDA:1579,255,1,1
BRDA:1599,256,0,0
BRDA:1606,257,0,0
BRDA:1606,258,0,0
BRDA:1610,259,0,0
BRDA:1610,259,1,0
BRDA:1611,260,0,0
BRDA:1611,260,1,0
BRDA:1612,261,0,0
BRDA:1612,261,1,0
BRDA:1613,262,0,0
BRDA:1613,262,1,0
BRDA:1621,263,0,0
BRDA:1621,263,1,0
BRDA:1638,264,0,0
BRDA:1638,264,1,0
BRDA:1638,265,0,0
BRDA:1638,265,1,0
BRDA:1638,265,2,0
BRDA:1642,266,0,0
BRDA:1642,266,1,0
BRF:540
BRH:246
end_of_record
TN:
SF:src\core\algorithms\routingCrossingScorer.ts
FN:43,(anonymous_0)
FN:52,(anonymous_1)
FN:54,(anonymous_2)
FN:58,(anonymous_3)
FN:123,(anonymous_4)
FN:132,(anonymous_5)
FN:140,(anonymous_6)
FN:163,(anonymous_7)
FN:174,(anonymous_8)
FN:191,(anonymous_9)
FN:199,(anonymous_10)
FN:206,(anonymous_11)
FN:231,(anonymous_12)
FN:246,(anonymous_13)
FN:251,(anonymous_14)
FN:255,(anonymous_15)
FN:277,(anonymous_16)
FN:281,(anonymous_17)
FNF:18
FNH:18
FNDA:13,(anonymous_0)
FNDA:3,(anonymous_1)
FNDA:5,(anonymous_2)
FNDA:186,(anonymous_3)
FNDA:227,(anonymous_4)
FNDA:13,(anonymous_5)
FNDA:13,(anonymous_6)
FNDA:13,(anonymous_7)
FNDA:13,(anonymous_8)
FNDA:13,(anonymous_9)
FNDA:13,(anonymous_10)
FNDA:13,(anonymous_11)
FNDA:186,(anonymous_12)
FNDA:20355,(anonymous_13)
FNDA:1157,(anonymous_14)
FNDA:13,(anonymous_15)
FNDA:13,(anonymous_16)
FNDA:13,(anonymous_17)
DA:34,13
DA:44,13
DA:45,13
DA:46,13
DA:47,13
DA:48,13
DA:49,13
DA:50,13
DA:52,13
DA:53,3
DA:54,5
DA:59,186
DA:60,186
DA:61,186
DA:62,186
DA:63,186
DA:64,186
DA:65,186
DA:67,186
DA:68,2311
DA:69,23962
DA:70,23962
DA:71,23962
DA:72,20355
DA:74,20334
DA:75,328
DA:76,328
DA:77,328
DA:82,186
DA:83,11
DA:84,33
DA:85,33
DA:86,1
DA:87,1
DA:88,32
DA:89,2
DA:90,2
DA:96,186
DA:97,711
DA:98,711
DA:99,711
DA:100,711
DA:101,0
DA:103,711
DA:104,498
DA:108,186
DA:124,227
DA:125,134
DA:126,134
DA:127,134
DA:128,134
DA:129,134
DA:133,447
DA:134,447
DA:135,2007
DA:137,447
DA:141,473
DA:142,473
DA:143,2706
DA:144,2706
DA:145,2701
DA:148,473
DA:150,473
DA:151,473
DA:152,1755
DA:153,1755
DA:154,1755
DA:155,1755
DA:156,1755
DA:157,1755
DA:159,473
DA:160,473
DA:164,253
DA:165,737
DA:166,737
DA:167,737
DA:168,212
DA:171,153
DA:175,711
DA:176,711
DA:177,3199
DA:178,3199
DA:181,711
DA:182,711
DA:183,711
DA:184,2488
DA:185,2488
DA:188,711
DA:192,3943
DA:193,3943
DA:194,3943
DA:195,1938
DA:196,0
DA:200,2488
[...]
DA:473,9
DA:474,9
DA:475,9
DA:477,9
DA:479,1
DA:480,1
DA:481,1
DA:487,8
DA:490,8
DA:491,8
DA:492,8
DA:497,0
DA:499,8
DA:504,8
DA:506,8
DA:508,6
DA:509,2
DA:510,4
DA:511,1
DA:513,3
DA:515,2
DA:516,1
DA:520,8
DA:521,8
DA:522,5
DA:526,3
DA:527,3
DA:529,3
DA:530,3
DA:531,1
DA:533,3
DA:536,3
DA:545,8
DA:546,8
DA:547,3
DA:551,5
DA:552,5
DA:554,5
DA:555,5
DA:556,2
DA:558,5
DA:560,5
DA:569,8
LF:215
LH:208
BRDA:55,0,0,4
BRDA:55,0,1,4
BRDA:57,1,0,2
BRDA:57,1,1,2
BRDA:61,2,0,1
BRDA:61,2,1,1
BRDA:66,3,0,1
BRDA:66,3,1,1
BRDA:72,4,0,1
BRDA:72,4,1,1
BRDA:76,5,0,1
BRDA:76,5,1,1
BRDA:80,6,0,2
BRDA:80,6,1,2
BRDA:83,7,0,1
BRDA:83,7,1,1
BRDA:88,8,0,1
BRDA:88,8,1,1
BRDA:93,9,0,1
BRDA:93,9,1,1
BRDA:97,10,0,1
BRDA:97,10,1,1
BRDA:103,11,0,4
BRDA:103,11,1,4
BRDA:118,12,0,41
BRDA:131,13,0,11
BRDA:131,13,1,2
BRDA:131,13,2,2
BRDA:131,13,3,2
BRDA:135,14,0,1
BRDA:135,14,1,5
BRDA:137,15,0,1
BRDA:137,15,1,4
BRDA:144,16,0,2
BRDA:144,16,1,39
BRDA:145,17,0,2
BRDA:145,17,1,1
BRDA:146,18,0,2
BRDA:146,18,1,0
BRDA:147,19,0,1
BRDA:147,19,1,1
BRDA:165,20,0,39
BRDA:165,20,1,8
BRDA:171,21,0,41
BRDA:171,21,1,11
BRDA:176,22,0,8
BRDA:176,22,1,31
BRDA:176,23,0,41
BRDA:176,23,1,8
BRDA:180,24,0,31
BRDA:180,24,1,0
BRDA:180,25,0,31
BRDA:180,25,1,31
BRDA:193,26,0,0
BRDA:193,26,1,39
BRDA:201,27,0,39
BRDA:201,27,1,0
BRDA:206,28,0,31
BRDA:206,28,1,8
BRDA:211,29,0,31
BRDA:211,29,1,0
BRDA:224,30,0,9
BRDA:224,30,1,22
BRDA:253,31,0,0
BRDA:253,31,1,31
BRDA:253,32,0,31
BRDA:253,32,1,31
BRDA:259,33,0,2
BRDA:259,33,1,29
BRDA:259,34,0,31
BRDA:259,34,1,3
BRDA:263,35,0,2
BRDA:263,35,1,4
BRDA:267,36,0,4
BRDA:267,36,1,3
BRDA:267,36,2,2
BRDA:267,36,3,2
BRDA:271,37,0,2
BRDA:271,37,1,2
BRDA:273,38,0,1
BRDA:273,38,1,1
BRDA:290,39,0,9
BRDA:290,39,1,22
BRDA:311,40,0,5
BRDA:311,40,1,3
BRDA:337,41,0,0
BRDA:337,41,1,8
BRDA:337,42,0,8
BRDA:337,42,1,8
BRDA:343,43,0,2
BRDA:343,43,1,6
BRDA:343,44,0,8
BRDA:343,44,1,2
BRDA:346,45,0,2
BRDA:346,45,1,4
BRDA:349,46,0,4
BRDA:349,46,1,3
BRDA:349,46,2,2
BRDA:349,46,3,2
BRDA:352,47,0,2
BRDA:352,47,1,2
BRDA:354,48,0,1
BRDA:354,48,1,1
BRDA:369,49,0,5
BRDA:369,49,1,3
BRDA:375,50,0,0
BRDA:375,50,1,8
BRDA:375,51,0,8
BRDA:375,51,1,0
BRDA:388,52,0,1
BRDA:388,52,1,39
BRDA:410,53,0,6
BRDA:434,54,0,11
BRDA:440,55,0,11
BRDA:440,55,1,0
BRDA:441,56,0,11
BRDA:441,56,1,0
BRDA:451,57,0,10
BRDA:451,57,1,1
BRDA:452,58,0,10
BRDA:452,58,1,1
BRDA:454,59,0,10
BRDA:454,59,1,1
BRDA:458,60,0,10
BRDA:458,60,1,1
BRDA:463,61,0,1
BRDA:463,61,1,10
BRDA:463,62,0,11
BRDA:463,62,1,1
BRDA:467,63,0,1
BRDA:467,63,1,9
BRDA:467,64,0,10
BRDA:467,64,1,10
BRDA:472,65,0,9
BRDA:472,65,1,0
BRDA:472,66,0,9
BRDA:472,66,1,9
BRDA:477,67,0,1
BRDA:477,67,1,8
BRDA:490,68,0,8
BRDA:490,68,1,0
BRDA:490,69,0,8
BRDA:490,69,1,8
BRDA:497,70,0,0
BRDA:497,70,1,0
BRDA:506,71,0,6
BRDA:506,71,1,2
BRDA:508,72,0,2
BRDA:508,72,1,4
BRDA:510,73,0,1
BRDA:510,73,1,3
BRDA:515,74,0,1
BRDA:515,74,1,1
BRDA:520,75,0,8
BRDA:520,75,1,0
BRDA:521,76,0,5
BRDA:521,76,1,3
BRDA:530,77,0,1
BRDA:530,77,1,2
BRDA:530,78,0,3
BRDA:530,78,1,2
BRDA:545,79,0,8
BRDA:545,79,1,0
BRDA:546,80,0,3
BRDA:546,80,1,5
BRDA:555,81,0,2
BRDA:555,81,1,3
BRDA:555,82,0,5
BRDA:555,82,1,4
BRF:169
BRH:152
end_of_record
TN:
SF:src\core\workers\core\VisibilityGraphRouter.ts
FN:29,(anonymous_0)
FN:53,(anonymous_1)
FN:60,(anonymous_2)
FN:121,(anonymous_3)
FN:134,(anonymous_4)
FN:148,(anonymous_5)
FN:155,(anonymous_6)
FN:162,(anonymous_7)
FNF:8
FNH:8
FNDA:6,(anonymous_0)
FNDA:6,(anonymous_1)
FNDA:6,(anonymous_2)
FNDA:3,(anonymous_3)
FNDA:3,(anonymous_4)
FNDA:1,(anonymous_5)
FNDA:1,(anonymous_6)
FNDA:1,(anonymous_7)
DA:20,2
DA:21,2
DA:30,6
DA:32,6
DA:33,6
DA:34,6
DA:60,6
DA:61,6
DA:67,6
DA:73,6
DA:78,6
DA:88,6
DA:89,3
DA:93,3
DA:94,2
DA:101,2
DA:104,1
DA:112,2
DA:113,2
DA:115,2
DA:122,3
DA:123,1
DA:126,2
DA:136,3
DA:137,3
DA:138,3
DA:142,0
DA:149,1
DA:156,1
DA:163,1
LF:30
LH:29
BRDA:73,0,0,1
BRDA:73,0,1,5
BRDA:88,1,0,3
BRDA:88,1,1,3
BRDA:93,2,0,2
BRDA:93,2,1,1
BRDA:101,3,0,1
BRDA:101,3,1,1
BRDA:122,4,0,1
BRDA:122,4,1,2
BRDA:137,5,0,3
BRDA:137,5,1,0
BRDA:137,6,0,3
BRDA:137,6,1,3
BRF:14
BRH:13
end_of_record
TN:
SF:src\core\workers\postprocessing\PathPostProcessor.ts
FN:53,(anonymous_0)
FN:64,(anonymous_1)
FN:76,(anonymous_2)
FN:78,(anonymous_3)
FN:88,(anonymous_4)
FNF:5
FNH:5
FNDA:1,(anonymous_0)
FNDA:4,(anonymous_1)
FNDA:8,(anonymous_2)
FNDA:36,(anonymous_3)
FNDA:2,(anonymous_4)
DA:54,1
DA:65,4
DA:66,0
DA:72,4
DA:73,4
DA:74,4
DA:76,4
DA:77,8
DA:78,36
DA:79,8
DA:80,28
DA:81,28
DA:82,28
DA:83,28
DA:85,8
DA:88,4
DA:89,2
DA:90,2
DA:91,12
DA:92,12
DA:93,12
DA:96,2
DA:99,4
DA:102,0
DA:104,0
DA:105,0
DA:106,0
DA:109,4
DA:110,2
DA:111,2
DA:112,2
DA:118,2
DA:119,2
DA:120,2
DA:123,2
DA:128,2
DA:129,2
DA:130,2
DA:131,2
DA:134,2
DA:135,2
DA:137,2
DA:142,2
DA:143,2
DA:146,2
DA:147,2
DA:151,2
DA:152,2
DA:153,2
DA:155,2
DA:158,0
DA:159,2
DA:161,0
DA:162,2
DA:164,0
DA:171,2
DA:176,2
DA:181,2
DA:182,0
DA:183,0
DA:185,0
DA:186,0
DA:187,0
DA:188,0
DA:190,0
DA:192,0
DA:193,0
DA:194,0
DA:196,0
DA:199,0
DA:202,0
DA:203,0
DA:204,0
DA:206,0
DA:208,0
DA:209,0
DA:210,0
DA:211,0
DA:214,0
DA:215,0
DA:216,0
DA:217,0
DA:224,2
DA:225,2
DA:226,2
DA:232,2
DA:233,2
DA:234,2
DA:240,2
DA:244,4
DA:245,4
DA:246,0
DA:252,2
DA:255,2
DA:256,0
DA:258,2
DA:259,2
DA:260,2
DA:269,2
DA:275,2
DA:277,4
DA:278,4
DA:280,4
LF:103
LH:69
BRDA:65,0,0,0
BRDA:65,0,1,4
BRDA:74,1,0,4
BRDA:74,1,1,4
BRDA:77,2,0,0
BRDA:77,2,1,8
BRDA:82,3,0,14
BRDA:82,3,1,14
BRDA:83,4,0,14
BRDA:83,4,1,14
BRDA:92,5,0,12
BRDA:92,5,1,0
BRDA:92,6,0,12
BRDA:92,6,1,10
BRDA:92,6,2,5
BRDA:99,7,0,0
BRDA:99,7,1,4
BRDA:99,8,0,4
BRDA:99,8,1,4
BRDA:109,9,0,2
BRDA:109,9,1,2
BRDA:112,10,0,2
BRDA:112,10,1,0
BRDA:151,11,0,2
BRDA:151,11,1,0
BRDA:151,12,0,2
BRDA:151,12,1,2
BRDA:155,13,0,0
BRDA:155,13,1,2
BRDA:155,14,0,2
BRDA:155,14,1,0
BRDA:159,15,0,0
BRDA:159,15,1,2
BRDA:159,16,0,2
BRDA:159,16,1,0
BRDA:162,17,0,0
BRDA:162,17,1,2
BRDA:162,18,0,2
BRDA:162,18,1,0
BRDA:162,18,2,0
BRDA:172,19,0,2
BRDA:172,19,1,0
BRDA:173,20,0,2
BRDA:173,20,1,0
BRDA:181,21,0,0
BRDA:181,21,1,2
BRDA:181,22,0,2
BRDA:181,22,1,0
BRDA:182,23,0,0
BRDA:182,23,1,0
BRDA:185,24,0,0
BRDA:185,24,1,0
BRDA:190,25,0,0
BRDA:190,25,1,0
BRDA:193,26,0,0
BRDA:193,26,1,0
BRDA:199,27,0,0
BRDA:199,27,1,0
BRDA:206,28,0,0
BRDA:206,28,1,0
BRDA:224,29,0,2
BRDA:224,29,1,0
BRDA:226,30,0,2
BRDA:226,30,1,0
BRDA:229,31,0,0
BRDA:229,31,1,2
BRDA:230,32,0,0
BRDA:230,32,1,2
BRDA:232,33,0,2
BRDA:232,33,1,0
BRDA:240,34,0,2
BRDA:240,34,1,0
BRDA:245,35,0,0
BRDA:245,35,1,4
BRDA:255,36,0,0
BRDA:255,36,1,2
BRDA:258,37,0,2
BRDA:258,37,1,0
BRDA:275,38,0,2
BRDA:275,38,1,2
BRDA:275,38,2,2
BRDA:277,39,0,0
BRDA:277,39,1,2
BRF:83
BRH:44
end_of_record
TN:
SF:src\core\workers\preprocessing\BusDetector.ts
FN:28,(anonymous_0)
FN:36,(anonymous_1)
FN:49,(anonymous_2)
FN:54,(anonymous_3)
FN:55,(anonymous_4)
FN:57,(anonymous_5)
FN:95,(anonymous_6)
FN:102,(anonymous_7)
FN:104,(anonymous_8)
FN:106,(anonymous_9)
FN:131,(anonymous_10)
FN:143,(anonymous_11)
FN:148,(anonymous_12)
FN:151,(anonymous_13)
FN:152,(anonymous_14)
FN:166,(anonymous_15)
FN:204,(anonymous_16)
FN:211,(anonymous_17)
FN:216,(anonymous_18)
FN:223,(anonymous_19)
FN:224,(anonymous_20)
FN:233,(anonymous_21)
FN:256,(anonymous_22)
FN:276,(anonymous_23)
FN:278,(anonymous_24)
FN:312,(anonymous_25)
FN:378,(anonymous_26)
FN:398,(anonymous_27)
FN:409,(anonymous_28)
FNF:29
FNH:27
FNDA:2,(anonymous_0)
FNDA:9,(anonymous_1)
FNDA:3,(anonymous_2)
FNDA:1,(anonymous_3)
FNDA:9,(anonymous_4)
FNDA:10,(anonymous_5)
FNDA:5,(anonymous_6)
FNDA:14,(anonymous_7)
FNDA:4,(anonymous_8)
FNDA:14,(anonymous_9)
FNDA:3,(anonymous_10)
FNDA:2,(anonymous_11)
FNDA:4,(anonymous_12)
FNDA:2,(anonymous_13)
FNDA:0,(anonymous_14)
FNDA:7,(anonymous_15)
FNDA:1,(anonymous_16)
FNDA:4,(anonymous_17)
FNDA:3,(anonymous_18)
FNDA:0,(anonymous_19)
FNDA:1,(anonymous_20)
FNDA:3,(anonymous_21)
FNDA:11,(anonymous_22)
FNDA:11,(anonymous_23)
FNDA:12,(anonymous_24)
FNDA:10,(anonymous_25)
FNDA:4,(anonymous_26)
FNDA:2,(anonymous_27)
FNDA:8,(anonymous_28)
DA:29,2
DA:44,9
DA:45,2
DA:49,7
DA:51,9
DA:52,9
DA:53,9
DA:54,1
DA:55,9
DA:57,9
DA:59,10
DA:60,10
DA:61,10
DA:62,10
DA:63,10
DA:64,10
DA:65,10
DA:66,10
DA:67,10
DA:68,10
DA:69,10
DA:74,10
DA:77,10
DA:78,6
DA:82,9
DA:83,9
DA:84,5
DA:86,1
DA:89,7
DA:102,14
DA:103,5
DA:104,4
DA:105,4
DA:106,14
DA:108,5
DA:110,4
DA:111,4
DA:113,4
DA:117,5
DA:121,5
DA:122,5
DA:124,5
DA:125,2
DA:142,3
DA:143,2
DA:144,1
DA:148,4
DA:150,3
DA:151,3
DA:152,3
DA:154,2
DA:155,2
DA:156,3
DA:158,3
DA:159,3
DA:160,2
DA:161,2
DA:162,2
DA:163,2
DA:166,2
DA:167,7
DA:168,5
DA:169,7
DA:170,7
DA:172,5
DA:176,7
DA:177,7
DA:181,7
DA:182,7
DA:184,7
DA:185,3
DA:186,3
DA:187,0
DA:188,0
DA:191,2
DA:192,2
DA:193,0
DA:194,0
DA:197,3
DA:211,4
DA:212,1
DA:213,1
DA:214,1
DA:216,1
DA:217,3
DA:218,3
DA:219,3
DA:220,2
DA:223,1
DA:224,1
DA:226,1
DA:238,3
DA:239,3
DA:240,3
DA:241,3
DA:243,3
DA:245,3
DA:246,3
DA:247,3
DA:248,3
DA:250,3
DA:266,11
DA:267,1
DA:270,10
DA:271,1
DA:274,9
DA:275,9
DA:276,9
DA:277,11
DA:278,12
DA:279,11
DA:281,10
DA:282,10
DA:283,10
DA:284,11
DA:285,11
DA:291,11
DA:297,9
DA:298,1
DA:301,8
DA:302,8
DA:304,8
DA:305,8
DA:306,8
DA:308,8
DA:309,8
DA:310,8
DA:311,8
DA:312,8
DA:313,10
DA:314,10
DA:315,10
DA:316,10
DA:319,8
DA:320,8
DA:321,8
DA:322,8
DA:323,8
DA:324,8
DA:325,8
DA:328,8
DA:329,8
DA:332,8
DA:333,2
DA:334,6
DA:335,1
DA:337,5
DA:338,5
DA:339,5
DA:340,1
DA:341,4
DA:342,2
DA:343,2
DA:344,0
DA:346,2
DA:347,1
DA:348,0
DA:355,8
DA:356,4
DA:357,4
DA:359,4
DA:360,4
DA:363,8
DA:364,11
DA:366,11
DA:370,11
DA:384,4
DA:385,4
DA:386,4
DA:388,4
DA:389,2
DA:393,2
DA:396,4
DA:397,4
DA:398,1
DA:399,2
DA:402,1
DA:405,2
DA:406,2
DA:410,8
DA:411,8
DA:412,8
LF:182
LH:176
BRDA:44,0,0,2
BRDA:44,0,1,7
BRDA:44,1,0,9
BRDA:44,1,1,8
BRDA:44,1,2,7
BRDA:45,2,0,2
BRDA:45,2,1,2
BRDA:49,3,0,7
BRDA:49,3,1,1
BRDA:53,4,0,1
BRDA:53,4,1,6
BRDA:61,5,0,10
BRDA:61,5,1,0
BRDA:61,6,0,10
BRDA:61,6,1,10
BRDA:64,7,0,10
BRDA:64,7,1,4
BRDA:64,7,2,0
BRDA:65,8,0,10
BRDA:65,8,1,4
BRDA:65,8,2,0
BRDA:66,9,0,10
BRDA:66,9,1,4
BRDA:66,9,2,0
BRDA:67,10,0,10
BRDA:67,10,1,4
BRDA:67,10,2,0
BRDA:74,11,0,6
BRDA:74,11,1,4
BRDA:74,12,0,10
BRDA:74,12,1,8
BRDA:77,13,0,4
BRDA:77,13,1,6
BRDA:78,14,0,6
BRDA:78,14,1,0
BRDA:83,15,0,2
BRDA:83,15,1,5
BRDA:84,16,0,4
BRDA:84,16,1,1
BRDA:89,17,0,7
BRDA:89,17,1,5
BRDA:103,18,0,1
BRDA:103,18,1,4
BRDA:105,19,0,3
BRDA:105,19,1,1
BRDA:108,20,0,0
BRDA:108,20,1,5
BRDA:108,21,0,5
BRDA:108,21,1,4
BRDA:114,22,0,4
BRDA:114,22,1,0
BRDA:114,22,2,0
BRDA:115,23,0,5
BRDA:115,23,1,0
BRDA:115,23,2,0
BRDA:118,24,0,5
BRDA:118,24,1,0
BRDA:118,24,2,0
BRDA:119,25,0,5
BRDA:119,25,1,0
BRDA:119,25,2,0
BRDA:124,26,0,2
BRDA:124,26,1,3
BRDA:124,27,0,1
BRDA:124,27,1,1
BRDA:125,28,0,1
BRDA:125,28,1,1
BRDA:142,29,0,1
BRDA:142,29,1,2
BRDA:144,30,0,1
BRDA:144,30,1,0
BRDA:148,31,0,2
BRDA:148,31,1,1
BRDA:152,32,0,0
BRDA:152,32,1,3
BRDA:152,33,0,3
BRDA:152,33,1,2
BRDA:155,34,0,2
BRDA:155,34,1,0
BRDA:159,35,0,2
BRDA:159,35,1,1
BRDA:161,36,0,2
BRDA:161,36,1,0
BRDA:161,37,0,2
BRDA:161,37,1,0
BRDA:162,38,0,2
BRDA:162,38,1,0
BRDA:162,39,0,2
BRDA:162,39,1,0
BRDA:167,40,0,2
BRDA:167,40,1,5
BRDA:168,41,0,5
BRDA:168,41,1,0
BRDA:170,42,0,0
BRDA:170,42,1,7
BRDA:173,43,0,5
BRDA:173,43,1,0
BRDA:173,43,2,0
BRDA:174,44,0,7
BRDA:174,44,1,0
BRDA:174,44,2,0
BRDA:178,45,0,7
BRDA:178,45,1,0
BRDA:178,45,2,0
BRDA:179,46,0,7
BRDA:179,46,1,0
BRDA:179,46,2,0
BRDA:184,47,0,3
BRDA:184,47,1,2
BRDA:185,48,0,3
BRDA:185,48,1,0
BRDA:185,49,0,3
BRDA:185,49,1,0
BRDA:185,49,2,0
BRDA:186,50,0,1
BRDA:186,50,1,2
BRDA:187,51,0,0
BRDA:187,51,1,0
BRDA:188,52,0,0
BRDA:188,52,1,0
BRDA:191,53,0,2
BRDA:191,53,1,0
BRDA:191,54,0,2
BRDA:191,54,1,0
BRDA:191,54,2,0
BRDA:192,55,0,1
BRDA:192,55,1,1
BRDA:193,56,0,0
BRDA:193,56,1,0
BRDA:194,57,0,0
BRDA:194,57,1,0
BRDA:211,58,0,1
BRDA:211,58,1,1
BRDA:219,59,0,1
BRDA:219,59,1,2
BRDA:223,60,0,0
BRDA:223,60,1,0
BRDA:223,61,0,0
BRDA:223,61,1,0
BRDA:224,62,0,1
BRDA:224,62,1,0
BRDA:224,63,0,1
BRDA:224,63,1,0
BRDA:238,64,0,3
BRDA:238,64,1,0
BRDA:239,65,0,3
BRDA:239,65,1,0
BRDA:243,66,0,0
BRDA:243,66,1,3
BRDA:243,67,0,3
BRDA:243,67,1,3
BRDA:245,68,0,3
BRDA:245,68,1,0
BRDA:245,69,0,3
BRDA:245,69,1,0
BRDA:246,70,0,3
BRDA:246,70,1,0
BRDA:246,71,0,3
BRDA:246,71,1,0
BRDA:250,72,0,3
BRDA:250,72,1,0
BRDA:266,73,0,1
BRDA:266,73,1,10
BRDA:270,74,0,1
BRDA:270,74,1,9
BRDA:277,75,0,4
BRDA:277,75,1,7
BRDA:279,76,0,1
BRDA:279,76,1,10
BRDA:283,77,0,10
BRDA:283,77,1,0
BRDA:283,77,2,0
BRDA:284,78,0,11
BRDA:284,78,1,0
BRDA:284,78,2,0
BRDA:297,79,0,1
BRDA:297,79,1,8
BRDA:321,80,0,8
BRDA:321,80,1,0
BRDA:332,81,0,2
BRDA:332,81,1,6
BRDA:332,82,0,8
BRDA:332,82,1,2
BRDA:334,83,0,1
BRDA:334,83,1,5
BRDA:334,84,0,6
BRDA:334,84,1,1
BRDA:337,85,0,3
BRDA:337,85,1,2
BRDA:339,86,0,1
BRDA:339,86,1,4
BRDA:339,87,0,5
BRDA:339,87,1,1
BRDA:341,88,0,2
BRDA:341,88,1,2
BRDA:343,89,0,0
BRDA:343,89,1,2
BRDA:346,90,0,1
BRDA:346,90,1,1
BRDA:347,91,0,1
BRDA:347,91,1,0
BRDA:355,92,0,4
BRDA:355,92,1,4
BRDA:356,93,0,4
BRDA:356,93,1,0
BRDA:357,94,0,2
BRDA:357,94,1,2
BRDA:359,95,0,4
BRDA:359,95,1,0
BRDA:360,96,0,4
BRDA:360,96,1,0
BRDA:363,97,0,8
BRDA:363,97,1,8
BRDA:364,98,0,11
BRDA:364,98,1,8
BRDA:366,99,0,1
BRDA:366,99,1,7
BRDA:366,100,0,11
BRDA:366,100,1,1
BRDA:386,101,0,4
BRDA:386,101,1,0
BRDA:388,102,0,2
BRDA:388,102,1,2
BRDA:388,103,0,4
BRDA:388,103,1,3
BRDA:393,104,0,2
BRDA:393,104,1,0
BRDA:397,105,0,1
BRDA:397,105,1,3
BRDA:397,106,0,4
BRDA:397,106,1,1
BRDA:399,107,0,2
BRDA:399,107,1,0
BRF:233
BRH:160
end_of_record
TN:
SF:src\core\workers\preprocessing\ObstacleAnalyzer.ts
FN:22,(anonymous_0)
FN:30,(anonymous_1)
FN:89,(anonymous_2)
FN:144,(anonymous_3)
FN:172,(anonymous_4)
FNF:5
FNH:5
FNDA:15,(anonymous_0)
FNDA:21,(anonymous_1)
FNDA:6,(anonymous_2)
FNDA:5,(anonymous_3)
FNDA:2,(anonymous_4)
DA:28,15
DA:30,15
DA:31,21
DA:33,15
DA:36,15
DA:37,15
DA:38,15
DA:39,15
DA:42,15
DA:49,15
DA:53,15
DA:55,5
DA:57,6
DA:58,5
DA:60,3
DA:65,3
DA:72,6
DA:73,3
DA:77,2
DA:95,6
DA:98,6
DA:100,5
DA:107,5
DA:109,2
DA:115,2
DA:117,1
DA:123,1
DA:125,1
DA:131,1
DA:133,1
DA:139,1
DA:141,0
DA:144,5
DA:145,5
DA:147,5
DA:148,1
DA:149,1
DA:153,4
DA:154,4
DA:155,4
DA:156,20
DA:162,4
DA:166,4
DA:173,2
DA:175,1
DA:177,1
DA:178,2
DA:179,2
DA:180,2
DA:181,2
DA:182,2
DA:185,1
LF:52
LH:51
BRDA:26,0,0,15
BRDA:28,1,0,0
BRDA:28,1,1,15
BRDA:49,2,0,1
BRDA:49,2,1,14
BRDA:53,3,0,10
BRDA:53,3,1,5
BRDA:53,4,0,15
BRDA:53,4,1,15
BRDA:57,5,0,5
BRDA:57,5,1,1
BRDA:58,6,0,3
BRDA:58,6,1,2
BRDA:58,7,0,5
BRDA:58,7,1,3
BRDA:58,7,2,3
BRDA:58,7,3,2
BRDA:65,8,0,2
BRDA:65,8,1,1
BRDA:72,9,0,3
BRDA:72,9,1,3
BRDA:93,10,0,6
BRDA:95,11,0,0
BRDA:95,11,1,6
BRDA:95,12,0,6
BRDA:95,12,1,6
BRDA:98,13,0,1
BRDA:98,13,1,5
BRDA:98,14,0,6
BRDA:98,14,1,5
BRDA:107,15,0,5
BRDA:107,15,1,1
BRDA:107,15,2,1
BRDA:107,15,3,1
BRDA:107,15,4,0
BRDA:147,16,0,1
BRDA:147,16,1,4
BRDA:156,17,0,4
BRDA:156,17,1,16
BRDA:157,18,0,20
BRDA:157,18,1,13
BRDA:157,18,2,8
BRDA:157,18,3,6
BRDA:173,19,0,1
BRDA:173,19,1,1
BRDA:179,20,0,2
BRDA:179,20,1,0
BRDA:180,21,0,1
BRDA:180,21,1,1
BRDA:181,22,0,1
BRDA:181,22,1,1
BRDA:182,23,0,2
BRDA:182,23,1,0
BRF:53
BRH:48
end_of_record
TN:
SF:src\core\workers\preprocessing\PortSelector.ts
FN:15,(anonymous_0)
FN:25,(anonymous_1)
FN:66,(anonymous_2)
FN:76,(anonymous_3)
FN:94,(anonymous_4)
FN:132,(anonymous_5)
FN:133,(anonymous_6)
FN:144,(anonymous_7)
FN:167,(anonymous_8)
FNF:9
FNH:9
FNDA:10,(anonymous_0)
FNDA:6,(anonymous_1)
FNDA:4,(anonymous_2)
FNDA:16,(anonymous_3)
FNDA:20,(anonymous_4)
FNDA:5,(anonymous_5)
FNDA:5,(anonymous_6)
FNDA:13,(anonymous_7)
FNDA:4,(anonymous_8)
DA:16,10
DA:42,6
DA:67,4
DA:68,3
DA:69,2
DA:70,1
DA:77,16
DA:78,16
DA:79,16
DA:80,16
DA:81,16
DA:83,16
DA:99,20
DA:100,20
DA:103,20
DA:105,20
DA:107,20
DA:108,10
DA:109,8
DA:110,6
DA:111,4
DA:114,10
DA:119,10
DA:120,10
DA:121,10
DA:122,10
DA:123,10
DA:127,10
DA:128,10
DA:129,10
DA:130,10
DA:132,10
DA:133,10
DA:135,10
DA:136,7
DA:137,5
DA:138,3
DA:151,13
DA:152,9
DA:155,4
DA:160,13
DA:161,13
DA:162,13
DA:164,13
DA:165,13
DA:166,13
DA:167,13
DA:169,13
DA:170,2
DA:175,2
LF:50
LH:50
BRDA:46,0,0,6
BRDA:46,0,1,5
BRDA:67,1,0,1
BRDA:67,1,1,3
BRDA:68,2,0,1
BRDA:68,2,1,2
BRDA:69,3,0,1
BRDA:69,3,1,1
BRDA:77,4,0,16
BRDA:77,4,1,0
BRDA:103,5,0,20
BRDA:103,5,1,1
BRDA:105,6,0,20
BRDA:105,6,1,11
BRDA:105,6,2,11
BRDA:107,7,0,10
BRDA:107,7,1,10
BRDA:107,8,0,20
BRDA:107,8,1,10
BRDA:108,9,0,2
BRDA:108,9,1,8
BRDA:109,10,0,2
BRDA:109,10,1,6
BRDA:110,11,0,2
BRDA:110,11,1,4
BRDA:135,12,0,3
BRDA:135,12,1,7
BRDA:136,13,0,2
BRDA:136,13,1,5
BRDA:137,14,0,2
BRDA:137,14,1,3
BRDA:151,15,0,9
BRDA:151,15,1,4
BRDA:155,16,0,4
BRDA:155,16,1,3
BRDA:160,17,0,2
BRDA:160,17,1,2
BRDA:169,18,0,2
BRDA:169,18,1,2
BRDA:169,19,0,13
BRDA:169,19,1,3
BRF:41
BRH:40
end_of_record
TN:
SF:src\services\import\MermaidParser.ts
FN:15,(anonymous_0)
FN:17,(anonymous_1)
FN:24,(anonymous_2)
FN:35,(anonymous_3)
FN:36,(anonymous_4)
FN:36,(anonymous_5)
FN:56,(anonymous_6)
FN:131,(anonymous_7)
FN:155,(anonymous_8)
FN:158,(anonymous_9)
FN:229,(anonymous_10)
FN:252,(anonymous_11)
FN:257,(anonymous_12)
FN:309,(anonymous_13)
FNF:14
FNH:11
FNDA:1,(anonymous_0)
FNDA:1,(anonymous_1)
FNDA:5,(anonymous_2)
FNDA:5,(anonymous_3)
FNDA:18,(anonymous_4)
FNDA:18,(anonymous_5)
FNDA:18,(anonymous_6)
FNDA:18,(anonymous_7)
FNDA:0,(anonymous_8)
FNDA:0,(anonymous_9)
FNDA:0,(anonymous_10)
FNDA:22,(anonymous_11)
FNDA:31,(anonymous_12)
FNDA:18,(anonymous_13)
DA:4,1
DA:13,1
DA:18,1
DA:19,1
DA:21,1
DA:25,5
DA:27,5
DA:28,0
DA:30,5
DA:36,18
DA:37,5
DA:38,5
DA:39,5
DA:41,5
DA:56,5
DA:57,18
DA:58,18
DA:60,13
DA:61,13
DA:62,1
DA:63,1
DA:64,1
DA:65,1
DA:66,1
DA:68,12
DA:69,1
DA:70,1
DA:74,11
DA:76,11
DA:77,8
DA:81,11
DA:84,11
DA:91,11
DA:92,11
DA:93,11
DA:94,22
DA:95,22
DA:96,22
DA:98,11
DA:99,11
DA:100,11
DA:101,22
DA:103,22
DA:104,11
DA:105,11
DA:106,11
DA:114,11
DA:116,0
DA:121,11
DA:122,0
DA:123,0
DA:124,0
DA:125,0
DA:131,18
DA:136,5
DA:156,0
DA:158,0
DA:160,0
DA:161,0
DA:164,0
DA:165,0
DA:167,0
DA:168,0
DA:169,0
DA:171,0
DA:174,0
DA:175,0
DA:178,0
DA:179,0
DA:180,0
DA:183,0
DA:184,0
DA:185,0
DA:188,0
DA:191,0
DA:192,0
DA:193,0
DA:195,0
DA:209,0
DA:210,0
DA:211,0
DA:219,0
DA:222,0
DA:232,0
DA:233,0
DA:235,0
DA:236,0
DA:238,0
DA:239,0
DA:241,0
DA:242,0
DA:244,0
DA:245,0
DA:247,0
DA:253,22
DA:254,22
DA:266,31
DA:267,13
DA:268,13
DA:269,0
DA:271,13
DA:272,13
DA:273,0
DA:275,13
DA:278,18
DA:279,31
DA:281,31
DA:282,17
DA:283,17
DA:284,17
DA:285,181
DA:286,3
DA:287,3
DA:292,18
DA:310,18
DA:311,17
DA:312,16
LF:117
LH:70
BRDA:18,0,0,1
BRDA:18,0,1,0
BRDA:27,1,0,0
BRDA:27,1,1,5
BRDA:36,2,0,18
BRDA:36,2,1,18
BRDA:58,3,0,5
BRDA:58,3,1,13
BRDA:61,4,0,1
BRDA:61,4,1,12
BRDA:63,5,0,1
BRDA:63,5,1,0
BRDA:68,6,0,1
BRDA:68,6,1,11
BRDA:96,7,0,11
BRDA:96,7,1,11
BRDA:100,8,0,11
BRDA:100,8,1,8
BRDA:103,9,0,11
BRDA:103,9,1,0
BRDA:103,10,0,22
BRDA:103,10,1,11
BRDA:121,11,0,0
BRDA:121,11,1,11
BRDA:121,12,0,11
BRDA:121,12,1,2
BRDA:121,12,2,2
BRDA:123,13,0,0
BRDA:123,13,1,0
BRDA:123,14,0,0
BRDA:123,14,1,0
BRDA:124,15,0,0
BRDA:124,15,1,0
BRDA:133,16,0,18
BRDA:133,16,1,0
BRDA:169,17,0,0
BRDA:169,17,1,0
BRDA:169,18,0,0
BRDA:169,18,1,0
BRDA:174,19,0,0
BRDA:174,19,1,0
BRDA:183,20,0,0
BRDA:183,20,1,0
BRDA:183,21,0,0
BRDA:183,21,1,0
BRDA:184,22,0,0
BRDA:184,22,1,0
BRDA:188,23,0,0
BRDA:188,23,1,0
BRDA:191,24,0,0
BRDA:191,24,1,0
BRDA:192,25,0,0
BRDA:192,25,1,0
BRDA:192,26,0,0
BRDA:192,26,1,0
BRDA:193,27,0,0
BRDA:193,27,1,0
BRDA:204,28,0,0
BRDA:204,28,1,0
BRDA:209,29,0,0
BRDA:209,29,1,0
BRDA:233,30,0,0
BRDA:233,30,1,0
BRDA:236,31,0,0
BRDA:236,31,1,0
BRDA:239,32,0,0
BRDA:239,32,1,0
BRDA:242,33,0,0
BRDA:242,33,1,0
BRDA:245,34,0,0
BRDA:245,34,1,0
BRDA:254,35,0,22
BRDA:254,35,1,0
BRDA:263,36,0,31
BRDA:266,37,0,13
BRDA:266,37,1,18
BRDA:268,38,0,0
BRDA:268,38,1,13
BRDA:268,39,0,13
BRDA:268,39,1,0
BRDA:268,39,2,0
BRDA:271,40,0,0
BRDA:271,40,1,13
BRDA:271,41,0,13
BRDA:271,41,1,0
BRDA:272,42,0,0
BRDA:272,42,1,13
BRDA:272,43,0,13
BRDA:272,43,1,0
BRDA:278,44,0,18
BRDA:278,44,1,9
BRDA:281,45,0,17
BRDA:281,45,1,14
BRDA:284,46,0,17
BRDA:284,46,1,0
BRDA:285,47,0,3
BRDA:285,47,1,178
BRDA:285,48,0,181
BRDA:285,48,1,181
BRDA:294,49,0,1
BRDA:294,49,1,17
BRDA:298,50,0,31
BRDA:298,50,1,15
BRDA:299,51,0,31
BRDA:299,51,1,10
BRDA:304,52,0,1
BRDA:304,52,1,17
BRDA:305,53,0,1
BRDA:305,53,1,17
BRDA:310,54,0,1
BRDA:310,54,1,17
BRDA:311,55,0,1
BRDA:311,55,1,16
BRF:113
BRH:56
end_of_record
