TN:
SF:src\app\AntdThemeBridge.tsx
FN:30,(anonymous_0)
FN:48,(anonymous_1)
FN:55,(anonymous_2)
FN:62,(anonymous_3)
FN:68,(anonymous_4)
FN:74,(anonymous_5)
FN:87,(anonymous_6)
FN:123,(anonymous_7)
FN:127,(anonymous_8)
FN:131,(anonymous_9)
FN:133,(anonymous_10)
FN:138,(anonymous_11)
FN:139,(anonymous_12)
FN:142,(anonymous_13)
FN:146,(anonymous_14)
FNF:15
FNH:14
FNDA:6,(anonymous_0)
FNDA:48,(anonymous_1)
FNDA:0,(anonymous_2)
FNDA:144,(anonymous_3)
FNDA:48,(anonymous_4)
FNDA:6,(anonymous_5)
FNDA:6,(anonymous_6)
FNDA:8,(anonymous_7)
FNDA:5,(anonymous_8)
FNDA:6,(anonymous_9)
FNDA:6,(anonymous_10)
FNDA:1,(anonymous_11)
FNDA:5,(anonymous_12)
FNDA:3,(anonymous_13)
FNDA:5,(anonymous_14)
DA:19,1
DA:30,1
DA:31,6
DA:33,6
DA:34,6
DA:36,6
DA:48,1
DA:49,48
DA:50,48
DA:51,48
DA:52,0
DA:53,0
DA:54,0
DA:55,0
DA:56,0
DA:58,48
DA:59,48
DA:60,48
DA:61,48
DA:62,144
DA:63,48
DA:65,0
DA:68,1
DA:69,48
DA:70,48
DA:71,48
DA:74,1
DA:75,6
DA:87,1
DA:88,6
DA:89,6
DA:90,6
DA:91,6
DA:92,6
DA:93,6
DA:94,6
DA:95,6
DA:96,6
DA:97,6
DA:99,6
DA:100,6
DA:101,6
DA:103,6
DA:104,6
DA:105,6
DA:106,6
DA:107,6
DA:109,6
DA:110,6
DA:111,6
DA:112,6
DA:114,6
DA:115,6
DA:116,6
DA:118,6
DA:119,6
DA:120,0
DA:123,1
DA:124,8
DA:125,8
DA:127,8
DA:128,5
DA:129,5
DA:131,5
DA:132,6
DA:133,6
DA:134,6
DA:137,5
DA:138,5
DA:139,5
DA:142,8
DA:143,3
DA:146,8
DA:147,5
DA:176,8
LF:75
LH:68
BRDA:31,0,0,0
BRDA:31,0,1,6
BRDA:33,1,0,6
BRDA:33,1,1,0
BRDA:34,2,0,6
BRDA:34,2,1,0
BRDA:37,3,0,2
BRDA:37,3,1,4
BRDA:38,4,0,6
BRDA:38,4,1,0
BRDA:39,5,0,6
BRDA:39,5,1,0
BRDA:40,6,0,6
BRDA:40,6,1,0
BRDA:41,7,0,6
BRDA:41,7,1,0
BRDA:42,8,0,6
BRDA:42,8,1,0
BRDA:49,9,0,48
BRDA:49,9,1,0
BRDA:50,10,0,48
BRDA:50,10,1,0
BRDA:51,11,0,0
BRDA:51,11,1,48
BRDA:55,12,0,0
BRDA:55,12,1,0
BRDA:58,13,0,48
BRDA:58,13,1,0
BRDA:62,14,0,0
BRDA:62,14,1,48
BRDA:70,15,0,0
BRDA:70,15,1,48
BRDA:76,16,0,6
BRDA:76,16,1,5
BRDA:76,16,2,5
BRDA:76,16,3,5
BRDA:76,16,4,5
BRDA:76,16,5,5
BRDA:76,16,6,5
BRDA:76,16,7,3
BRDA:99,17,0,6
BRDA:99,17,1,0
BRDA:99,18,0,0
BRDA:99,18,1,0
BRDA:100,19,0,6
BRDA:100,19,1,0
BRDA:100,20,0,0
BRDA:100,20,1,0
BRDA:101,21,0,6
BRDA:101,21,1,0
BRDA:101,22,0,0
BRDA:101,22,1,0
BRDA:105,23,0,2
BRDA:105,23,1,4
BRDA:106,24,0,2
BRDA:106,24,1,4
BRDA:107,25,0,2
BRDA:107,25,1,4
BRDA:118,26,0,2
BRDA:118,26,1,4
BRDA:129,27,0,0
BRDA:129,27,1,5
BRDA:133,28,0,3
BRDA:133,28,1,3
BRDA:137,29,0,5
BRDA:137,29,1,0
BRDA:138,30,0,1
BRDA:138,30,1,0
BRDA:139,31,0,5
BRDA:139,31,1,0
BRDA:143,32,0,1
BRDA:143,32,1,2
BRF:72
BRH:43
end_of_record
TN:
SF:src\core\algorithms\OneBendVisibilityGraph.ts
FN:25,(anonymous_0)
FN:67,(anonymous_1)
FN:79,(anonymous_2)
FN:105,(anonymous_3)
FN:127,(anonymous_4)
FN:148,(anonymous_5)
FN:184,(anonymous_6)
FN:218,(anonymous_7)
FN:226,(anonymous_8)
FN:233,(anonymous_9)
FN:241,tryOneBendPath
FNF:11
FNH:2
FNDA:1,(anonymous_0)
FNDA:1,(anonymous_1)
FNDA:0,(anonymous_2)
FNDA:0,(anonymous_3)
FNDA:0,(anonymous_4)
FNDA:0,(anonymous_5)
FNDA:0,(anonymous_6)
FNDA:0,(anonymous_7)
FNDA:0,(anonymous_8)
FNDA:0,(anonymous_9)
FNDA:0,tryOneBendPath
DA:25,1
DA:26,1
DA:27,1
DA:28,1
DA:54,1
DA:68,1
DA:86,0
DA:87,0
DA:88,0
DA:92,0
DA:93,0
DA:94,0
DA:98,0
DA:99,0
DA:111,0
DA:113,0
DA:114,0
DA:115,0
DA:121,0
DA:134,0
DA:135,0
DA:137,0
DA:138,0
DA:140,0
DA:154,0
DA:157,0
DA:158,0
DA:160,0
DA:162,0
DA:166,0
DA:167,0
DA:168,0
DA:169,0
DA:176,0
DA:190,0
DA:193,0
DA:194,0
DA:196,0
DA:198,0
DA:202,0
DA:203,0
DA:204,0
DA:205,0
DA:212,0
DA:227,0
DA:234,0
DA:248,0
DA:249,0
DA:250,0
LF:49
LH:6
BRDA:67,0,0,1
BRDA:87,1,0,0
BRDA:87,1,1,0
BRDA:93,2,0,0
BRDA:93,2,1,0
BRDA:113,3,0,0
BRDA:113,3,1,0
BRDA:135,4,0,0
BRDA:135,4,1,0
BRDA:138,5,0,0
BRDA:138,5,1,0
BRDA:160,6,0,0
BRDA:160,6,1,0
BRDA:160,7,0,0
BRDA:160,7,1,0
BRDA:167,8,0,0
BRDA:167,8,1,0
BRDA:196,9,0,0
BRDA:196,9,1,0
BRDA:196,10,0,0
BRDA:196,10,1,0
BRDA:203,11,0,0
BRDA:203,11,1,0
BRDA:250,12,0,0
BRDA:250,12,1,0
BRF:25
BRH:1
end_of_record
TN:
SF:src\core\algorithms\RoutingStrategySelector.ts
FN:22,(anonymous_0)
FN:78,(anonymous_1)
FN:105,(anonymous_2)
FN:125,(anonymous_3)
FN:139,(anonymous_4)
FN:170,(anonymous_5)
FN:180,(anonymous_6)
FN:214,(anonymous_7)
FN:236,(anonymous_8)
FN:284,(anonymous_9)
FN:319,getStrategySelector
FN:326,resetStrategySelector
FNF:12
FNH:12
FNDA:10,(anonymous_0)
FNDA:112,(anonymous_1)
FNDA:1,(anonymous_2)
FNDA:1,(anonymous_3)
FNDA:2,(anonymous_4)
FNDA:1,(anonymous_5)
FNDA:113,(anonymous_6)
FNDA:16,(anonymous_7)
FNDA:8,(anonymous_8)
FNDA:1,(anonymous_9)
FNDA:2,getStrategySelector
FNDA:2,resetStrategySelector
DA:22,10
DA:23,10
DA:24,10
DA:25,10
DA:64,16
DA:65,16
DA:66,16
DA:68,16
DA:69,16
DA:70,16
DA:79,112
DA:83,112
DA:88,112
DA:89,107
DA:92,5
DA:93,5
DA:96,112
DA:106,1
DA:110,1
DA:113,1
DA:118,3
DA:119,3
DA:120,2
DA:125,1
DA:127,1
DA:140,2
DA:141,2
DA:143,2
DA:144,100
DA:151,2
DA:154,2
DA:155,2
DA:156,10
DA:157,10
DA:160,2
DA:171,1
DA:172,1
DA:181,113
DA:184,113
DA:185,22
DA:189,91
DA:190,77
DA:194,14
DA:195,14
DA:197,14
DA:199,13
DA:203,1
DA:208,0
DA:215,16
DA:216,14
DA:219,2
DA:220,2
DA:223,2
DA:224,2
DA:225,2
DA:228,2
DA:237,8
DA:239,8
DA:243,3
DA:244,3
DA:245,3
DA:246,3
DA:249,3
DA:255,3
DA:258,3
DA:261,3
DA:263,3
DA:269,1
DA:270,1
DA:271,1
DA:273,1
DA:277,1
DA:285,1
DA:287,1
DA:289,0
DA:290,0
DA:292,0
DA:293,0
DA:297,1
DA:298,1
DA:299,1
DA:301,0
DA:306,0
DA:309,0
DA:317,10
DA:320,2
DA:321,2
DA:323,2
DA:327,2
LF:89
LH:81
BRDA:88,0,0,107
BRDA:88,0,1,5
BRDA:119,1,0,2
BRDA:119,1,1,1
BRDA:146,2,0,100
BRDA:146,2,1,2
BRDA:151,3,0,1
BRDA:151,3,1,1
BRDA:157,4,0,10
BRDA:157,4,1,0
BRDA:184,5,0,22
BRDA:184,5,1,91
BRDA:189,6,0,77
BRDA:189,6,1,14
BRDA:189,7,0,91
BRDA:189,7,1,91
BRDA:194,8,0,14
BRDA:194,8,1,0
BRDA:197,9,0,13
BRDA:197,9,1,1
BRDA:215,10,0,14
BRDA:215,10,1,2
BRDA:215,11,0,16
BRDA:215,11,1,2
BRDA:239,12,0,3
BRDA:239,12,1,3
BRDA:239,12,2,1
BRDA:239,12,3,1
BRDA:287,13,0,0
BRDA:287,13,1,1
BRDA:287,13,2,0
BRDA:287,13,3,0
BRDA:289,14,0,0
BRDA:289,14,1,0
BRDA:298,15,0,1
BRDA:298,15,1,0
BRDA:320,16,0,2
BRDA:320,16,1,0
BRF:38
BRH:29
end_of_record
TN:
SF:src\core\algorithms\SpatialIndex.ts
FN:31,(anonymous_0)
FN:41,(anonymous_1)
FN:54,(anonymous_2)
FN:70,(anonymous_3)
FN:98,(anonymous_4)
FN:131,(anonymous_5)
FN:138,(anonymous_6)
FN:153,(anonymous_7)
FN:159,(anonymous_8)
FN:173,(anonymous_9)
FN:201,(anonymous_10)
FN:211,(anonymous_11)
FN:229,(anonymous_12)
FNF:13
FNH:13
FNDA:12,(anonymous_0)
FNDA:1,(anonymous_1)
FNDA:2,(anonymous_2)
FNDA:216,(anonymous_3)
FNDA:49,(anonymous_4)
FNDA:1,(anonymous_5)
FNDA:1,(anonymous_6)
FNDA:5,(anonymous_7)
FNDA:9,(anonymous_8)
FNDA:13,(anonymous_9)
FNDA:8,(anonymous_10)
FNDA:2,(anonymous_11)
FNDA:5,(anonymous_12)
DA:22,6
DA:23,6
DA:32,12
DA:33,12
DA:34,12
DA:35,12
DA:42,1
DA:43,1
DA:44,0
DA:45,0
DA:48,1
DA:55,2
DA:56,2
DA:57,2
DA:58,2
DA:60,2
DA:61,2
DA:62,2
DA:63,2
DA:71,216
DA:72,216
DA:73,216
DA:75,216
DA:76,216
DA:78,216
DA:79,123
DA:80,8
DA:81,115
DA:82,2
DA:84,93
DA:85,71
DA:86,3
DA:87,68
DA:88,2
DA:92,216
DA:99,49
DA:100,15
DA:102,15
DA:103,3
DA:104,3
DA:108,46
DA:110,46
DA:111,12
DA:112,2
DA:115,12
DA:116,12
DA:117,187
DA:118,187
DA:119,6
DA:120,6
DA:122,181
DA:132,1
DA:133,1
DA:134,0
DA:135,0
DA:138,1
DA:139,1
DA:143,1
DA:144,1
DA:154,5
DA:155,5
DA:156,5
DA:160,9
DA:161,20
DA:163,9
DA:164,4
DA:165,4
DA:174,13
DA:176,13
DA:179,13
DA:180,3
DA:181,1
DA:186,2
DA:188,8
DA:189,6
DA:195,13
DA:202,8
DA:213,2
DA:214,2
DA:215,2
DA:216,2
DA:218,2
DA:221,2
DA:227,2
DA:230,5
DA:231,5
DA:232,4
DA:233,4
DA:236,5
LF:89
LH:85
BRDA:31,0,0,12
BRDA:44,1,0,0
BRDA:44,1,1,0
BRDA:75,2,0,216
BRDA:75,2,1,210
BRDA:78,3,0,123
BRDA:78,3,1,93
BRDA:78,4,0,216
BRDA:78,4,1,144
BRDA:79,5,0,8
BRDA:79,5,1,115
BRDA:81,6,0,2
BRDA:81,6,1,113
BRDA:84,7,0,71
BRDA:84,7,1,22
BRDA:85,8,0,3
BRDA:85,8,1,68
BRDA:87,9,0,2
BRDA:87,9,1,66
BRDA:99,10,0,15
BRDA:99,10,1,34
BRDA:102,11,0,3
BRDA:102,11,1,12
BRDA:110,12,0,12
BRDA:110,12,1,34
BRDA:110,13,0,46
BRDA:110,13,1,12
BRDA:111,14,0,2
BRDA:111,14,1,10
BRDA:118,15,0,6
BRDA:118,15,1,181
BRDA:133,16,0,0
BRDA:133,16,1,1
BRDA:133,17,0,1
BRDA:133,17,1,1
BRDA:139,18,0,1
BRDA:139,18,1,1
BRDA:139,18,2,1
BRDA:139,18,3,1
BRDA:143,19,0,1
BRDA:143,19,1,0
BRDA:164,20,0,4
BRDA:164,20,1,0
BRDA:179,21,0,3
BRDA:179,21,1,10
BRDA:180,22,0,1
BRDA:180,22,1,2
BRDA:188,23,0,6
BRDA:188,23,1,2
BRDA:202,24,0,8
BRDA:202,24,1,6
BRDA:202,24,2,6
BRDA:202,24,3,6
BRDA:232,25,0,4
BRDA:232,25,1,0
BRF:55
BRH:49
end_of_record
TN:
SF:src\core\algorithms\VisibilityGraph.ts
FN:23,isSpatialIndex
FN:44,buildVisibilityGraph
FN:65,(anonymous_2)
FN:77,(anonymous_3)
FN:156,isVisible
FN:212,addPointToGraph
FN:246,aStarOnGraph
FN:274,(anonymous_7)
FN:346,heuristic
FN:353,reconstructPath
FN:372,findPathOnVisibilityGraph
FN:412,(anonymous_11)
FN:418,getGraphStats
FN:428,(anonymous_13)
FN:446,isLocalTangent
FNF:15
FNH:15
FNDA:59,isSpatialIndex
FNDA:6,buildVisibilityGraph
FNDA:6,(anonymous_2)
FNDA:20,(anonymous_3)
FNDA:53,isVisible
FNDA:7,addPointToGraph
FNDA:9,aStarOnGraph
FNDA:25,(anonymous_7)
FNDA:25,heuristic
FNDA:5,reconstructPath
FNDA:4,findPathOnVisibilityGraph
FNDA:8,(anonymous_11)
FNDA:2,getGraphStats
FNDA:3,(anonymous_13)
FNDA:56,isLocalTangent
DA:24,59
DA:56,6
DA:59,6
DA:62,6
DA:63,6
DA:65,6
DA:66,6
DA:67,6
DA:74,6
DA:76,5
DA:77,5
DA:78,20
DA:79,20
DA:83,6
DA:85,1
DA:91,1
DA:92,4
DA:98,6
DA:99,6
DA:102,6
DA:103,24
DA:107,6
DA:108,24
DA:109,24
DA:111,24
DA:112,36
DA:113,36
DA:116,36
DA:122,36
DA:123,20
DA:127,20
DA:128,20
DA:130,20
DA:131,20
DA:133,20
DA:134,20
DA:139,6
DA:162,53
DA:166,53
DA:167,5
DA:169,48
DA:172,53
DA:174,49
DA:176,49
DA:185,49
DA:186,49
DA:190,49
DA:192,20
DA:194,0
DA:196,20
DA:200,33
DA:218,7
DA:219,7
DA:220,7
DA:223,7
DA:224,25
DA:225,10
DA:227,10
DA:228,10
DA:230,10
DA:231,10
DA:235,7
DA:252,9
DA:254,9
DA:256,2
DA:259,7
DA:260,7
DA:261,7
DA:263,7
DA:268,7
DA:272,7
DA:274,7
DA:277,25
DA:278,25
DA:279,15
DA:280,15
DA:281,12
DA:283,25
DA:286,7
DA:287,7
DA:288,7
DA:290,7
DA:292,18
DA:293,18
DA:295,18
DA:296,5
DA:299,13
DA:301,13
DA:302,18
DA:303,26
DA:305,20
DA:308,20
DA:309,20
DA:310,3
DA:311,3
DA:312,3
DA:313,3
DA:314,3
DA:315,1
DA:320,20
DA:322,26
DA:324,17
DA:325,17
DA:326,17
DA:327,17
DA:328,17
DA:329,3
DA:330,1
DA:331,1
DA:334,1
DA:335,1
DA:340,2
DA:347,25
DA:355,5
DA:356,5
DA:357,11
DA:358,11
DA:360,5
DA:382,4
DA:383,1
DA:388,3
DA:390,2
DA:397,1
DA:401,3
DA:402,3
DA:405,3
DA:407,3
DA:408,1
DA:412,8
DA:424,2
DA:425,2
DA:426,2
DA:428,2
DA:429,3
DA:430,3
DA:433,2
DA:435,2
DA:447,56
DA:448,56
DA:449,56
DA:450,56
DA:452,56
DA:455,56
DA:460,56
DA:461,56
DA:462,56
DA:463,56
DA:464,56
DA:467,56
DA:469,16
DA:472,40
LF:151
LH:150
BRDA:24,0,0,59
BRDA:24,0,1,59
BRDA:46,1,0,6
BRDA:53,2,0,6
BRDA:54,3,0,6
BRDA:55,4,0,6
BRDA:59,5,0,1
BRDA:59,5,1,5
BRDA:66,6,0,6
BRDA:66,6,1,3
BRDA:74,7,0,5
BRDA:74,7,1,1
BRDA:83,8,0,1
BRDA:83,8,1,5
BRDA:116,9,0,36
BRDA:116,9,1,0
BRDA:116,10,0,36
BRDA:116,10,1,36
BRDA:122,11,0,16
BRDA:122,11,1,20
BRDA:122,12,0,36
BRDA:122,12,1,36
BRDA:123,13,0,0
BRDA:123,13,1,20
BRDA:123,14,0,20
BRDA:123,14,1,20
BRDA:127,15,0,20
BRDA:127,15,1,0
BRDA:160,16,0,53
BRDA:166,17,0,5
BRDA:166,17,1,48
BRDA:174,18,0,49
BRDA:174,18,1,17
BRDA:190,19,0,20
BRDA:190,19,1,29
BRDA:192,20,0,0
BRDA:192,20,1,20
BRDA:192,21,0,20
BRDA:192,21,1,0
BRDA:216,22,0,7
BRDA:224,23,0,10
BRDA:224,23,1,15
BRDA:254,24,0,2
BRDA:254,24,1,7
BRDA:254,25,0,9
BRDA:254,25,1,8
BRDA:254,25,2,8
BRDA:254,25,3,8
BRDA:280,26,0,3
BRDA:280,26,1,12
BRDA:295,27,0,5
BRDA:295,27,1,13
BRDA:301,28,0,13
BRDA:301,28,1,0
BRDA:303,29,0,6
BRDA:303,29,1,20
BRDA:309,30,0,3
BRDA:309,30,1,17
BRDA:309,31,0,20
BRDA:309,31,1,3
BRDA:314,32,0,1
BRDA:314,32,1,2
BRDA:320,33,0,20
BRDA:320,33,1,0
BRDA:320,34,0,26
BRDA:320,34,1,0
BRDA:322,35,0,17
BRDA:322,35,1,3
BRDA:329,36,0,1
BRDA:329,36,1,2
BRDA:329,37,0,3
BRDA:329,37,1,0
BRDA:377,38,0,4
BRDA:382,39,0,1
BRDA:382,39,1,3
BRDA:388,40,0,2
BRDA:388,40,1,1
BRDA:397,41,0,1
BRDA:397,41,1,1
BRDA:407,42,0,1
BRDA:407,42,1,2
BRDA:438,43,0,1
BRDA:438,43,1,1
BRDA:452,44,0,0
BRDA:452,44,1,56
BRDA:460,45,0,56
BRDA:460,45,1,26
BRDA:467,46,0,16
BRDA:467,46,1,40
BRDA:467,47,0,56
BRDA:467,47,1,46
BRDA:467,47,2,36
BRDA:467,47,3,26
BRF:93
BRH:83
end_of_record
TN:
SF:src\core\algorithms\VisibilityGraphCache.ts
FN:70,(anonymous_0)
FN:88,(anonymous_1)
FN:143,(anonymous_2)
FN:154,(anonymous_3)
FN:164,(anonymous_4)
FN:181,(anonymous_5)
FN:191,(anonymous_6)
FN:212,(anonymous_7)
FN:222,(anonymous_8)
FN:231,(anonymous_9)
FN:246,(anonymous_10)
FN:249,(anonymous_11)
FN:263,(anonymous_12)
FN:276,(anonymous_13)
FN:291,(anonymous_14)
FN:303,(anonymous_15)
FN:313,(anonymous_16)
FN:316,(anonymous_17)
FN:341,getVGCache
FN:348,resetVGCache
FNF:20
FNH:18
FNDA:18,(anonymous_0)
FNDA:9,(anonymous_1)
FNDA:6,(anonymous_2)
FNDA:1,(anonymous_3)
FNDA:1,(anonymous_4)
FNDA:0,(anonymous_5)
FNDA:4,(anonymous_6)
FNDA:2,(anonymous_7)
FNDA:1,(anonymous_8)
FNDA:0,(anonymous_9)
FNDA:16,(anonymous_10)
FNDA:16,(anonymous_11)
FNDA:16,(anonymous_12)
FNDA:7,(anonymous_13)
FNDA:2,(anonymous_14)
FNDA:1,(anonymous_15)
FNDA:4,(anonymous_16)
FNDA:4,(anonymous_17)
FNDA:2,getVGCache
FNDA:2,resetVGCache
DA:66,18
DA:67,18
DA:68,18
DA:71,18
DA:77,18
DA:95,9
DA:98,9
DA:99,2
DA:100,2
DA:102,2
DA:103,2
DA:104,2
DA:106,2
DA:110,7
DA:111,7
DA:113,7
DA:118,9
DA:119,9
DA:122,9
DA:132,9
DA:134,9
DA:144,6
DA:145,6
DA:155,1
DA:156,1
DA:165,1
DA:168,1
DA:169,2
DA:170,1
DA:171,1
DA:175,1
DA:182,0
DA:183,0
DA:184,0
DA:185,0
DA:192,4
DA:193,4
DA:195,4
DA:213,2
DA:214,1
DA:215,1
DA:218,1
DA:220,1
DA:222,1
DA:223,1
DA:232,0
DA:235,0
DA:236,0
DA:248,16
DA:249,16
DA:253,16
DA:264,16
DA:265,16
DA:267,168
DA:269,16
DA:278,7
DA:279,1
DA:283,7
DA:292,2
DA:293,2
DA:294,2
DA:295,2
DA:304,1
DA:305,1
DA:306,1
DA:314,4
DA:316,4
DA:317,4
DA:320,4
DA:323,4
DA:326,4
DA:329,4
DA:332,4
DA:339,10
DA:342,2
DA:343,2
DA:345,2
DA:349,2
LF:78
LH:71
BRDA:70,0,0,18
BRDA:72,1,0,18
BRDA:72,1,1,4
BRDA:73,2,0,18
BRDA:73,2,1,16
BRDA:74,3,0,18
BRDA:74,3,1,18
BRDA:95,4,0,9
BRDA:95,4,1,5
BRDA:98,5,0,2
BRDA:98,5,1,7
BRDA:113,6,0,6
BRDA:113,6,1,1
BRDA:114,7,0,1
BRDA:114,7,1,1
BRDA:115,8,0,1
BRDA:115,8,1,1
BRDA:144,9,0,6
BRDA:144,9,1,5
BRDA:155,10,0,1
BRDA:155,10,1,0
BRDA:169,11,0,1
BRDA:169,11,1,1
BRDA:193,12,0,3
BRDA:193,12,1,1
BRDA:202,13,0,3
BRDA:202,13,1,1
BRDA:213,14,0,1
BRDA:213,14,1,1
BRDA:220,15,0,1
BRDA:220,15,1,0
BRDA:278,16,0,1
BRDA:278,16,1,6
BRDA:278,17,0,7
BRDA:278,17,1,1
BRDA:293,18,0,2
BRDA:293,18,1,0
BRDA:305,19,0,1
BRDA:305,19,1,0
BRDA:342,20,0,2
BRDA:342,20,1,0
BRF:41
BRH:36
end_of_record
TN:
SF:src\core\algorithms\costAwarePorts.ts
FN:103,clamp
FN:107,getPortPoint
FN:152,getStubPoint
FN:170,estimateBendCount
FN:219,isPortDirectionValid
FN:297,generateProbePath
FN:378,calculatePathLength
FN:389,countLineCrossings
FN:396,(anonymous_8)
FN:410,evaluatePortCombination
FN:447,(anonymous_10)
FN:460,(anonymous_11)
FN:473,(anonymous_12)
FN:912,(anonymous_13)
FN:1005,selectOptimalPorts
FN:1059,(anonymous_15)
FN:1088,selectQuickPorts
FNF:17
FNH:12
FNDA:100,clamp
FNDA:100,getPortPoint
FNDA:100,getStubPoint
FNDA:50,estimateBendCount
FNDA:50,isPortDirectionValid
FNDA:50,generateProbePath
FNDA:50,calculatePathLength
FNDA:50,countLineCrossings
FNDA:0,(anonymous_8)
FNDA:50,evaluatePortCombination
FNDA:0,(anonymous_10)
FNDA:0,(anonymous_11)
FNDA:0,(anonymous_12)
FNDA:100,(anonymous_13)
FNDA:5,selectOptimalPorts
FNDA:138,(anonymous_15)
FNDA:0,selectQuickPorts
DA:40,8
DA:78,8
DA:104,100
DA:108,100
DA:109,100
DA:110,100
DA:111,100
DA:112,100
DA:113,100
DA:114,100
DA:115,100
DA:116,100
DA:117,100
DA:118,100
DA:119,100
DA:120,100
DA:121,100
DA:123,100
DA:125,26
DA:130,25
DA:135,24
DA:140,25
DA:145,0
DA:153,100
DA:155,26
DA:157,25
DA:159,24
DA:161,25
DA:163,0
DA:171,50
DA:172,50
DA:175,50
DA:176,50
DA:179,50
DA:180,50
DA:181,50
DA:184,50
DA:185,46
DA:188,45
DA:193,20
DA:196,10
DA:197,10
DA:199,6
DA:201,4
DA:204,4
DA:206,4
DA:210,4
DA:221,50
DA:223,38
DA:224,38
DA:225,38
DA:226,38
DA:227,38
DA:230,38
DA:233,38
DA:236,50
DA:237,50
DA:239,10
DA:240,10
DA:242,9
DA:243,9
DA:245,10
DA:246,10
DA:248,9
DA:249,9
DA:253,38
DA:255,38
DA:257,38
DA:259,9
DA:260,9
DA:262,9
DA:263,9
DA:265,11
DA:266,11
DA:268,9
DA:269,9
DA:273,38
DA:275,19
DA:281,19
DA:287,19
DA:291,33
DA:304,50
DA:305,50
DA:306,50
DA:310,50
DA:312,50
DA:313,50
DA:315,50
DA:316,50
DA:318,50
DA:319,12
DA:320,3
DA:321,3
DA:323,9
DA:324,3
DA:325,3
DA:327,6
DA:328,3
DA:329,3
DA:331,3
DA:332,3
DA:333,3
DA:338,38
DA:339,13
DA:342,6
DA:343,6
DA:353,7
DA:354,7
DA:366,25
DA:379,50
DA:380,50
DA:381,225
DA:383,50
DA:390,50
DA:391,50
DA:392,225
DA:393,225
DA:394,225
DA:396,0
DA:398,0
DA:400,0
DA:404,225
DA:422,50
DA:423,50
DA:424,50
DA:428,50
DA:429,50
DA:432,50
DA:435,50
DA:438,50
DA:439,50
DA:447,50
DA:448,0
DA:449,0
DA:450,0
DA:451,0
DA:452,0
DA:460,50
DA:461,0
DA:462,0
DA:463,0
DA:464,0
DA:465,0
DA:473,50
DA:475,0
DA:476,0
DA:477,0
DA:478,0
DA:480,0
DA:492,50
DA:494,50
DA:496,0
DA:497,0
DA:498,0
DA:499,0
DA:501,0
DA:502,0
DA:503,50
DA:504,50
DA:507,50
DA:508,50
DA:509,50
DA:511,50
DA:513,0
DA:514,0
DA:515,0
DA:516,0
DA:518,0
DA:519,0
DA:521,0
DA:523,0
DA:524,0
DA:526,0
DA:527,0
DA:529,0
DA:536,0
DA:544,50
DA:545,50
DA:547,50
DA:548,50
DA:550,50
DA:553,50
DA:554,50
DA:555,50
DA:556,50
DA:564,50
DA:567,50
DA:570,50
DA:573,50
DA:576,50
DA:577,0
DA:578,0
DA:588,50
DA:589,50
DA:590,50
DA:591,0
DA:595,50
DA:604,50
DA:605,50
DA:606,50
DA:607,50
DA:608,50
DA:610,50
DA:614,50
DA:616,50
DA:619,50
DA:620,50
DA:624,50
DA:633,50
DA:634,50
DA:636,50
DA:642,50
DA:644,11
DA:645,39
DA:647,12
DA:654,12
DA:655,4
DA:657,27
DA:664,27
DA:687,50
DA:688,50
DA:690,50
DA:691,12
DA:692,12
DA:693,12
DA:694,12
DA:695,12
DA:696,12
DA:697,5
DA:717,50
DA:718,50
DA:719,50
DA:720,50
DA:721,50
DA:724,50
DA:726,17
DA:727,5
DA:728,12
DA:729,8
DA:731,33
DA:736,16
DA:737,16
DA:738,16
DA:740,16
DA:741,4
DA:742,12
DA:743,8
DA:747,0
DA:748,0
DA:749,0
DA:750,0
DA:753,17
DA:755,17
DA:756,4
DA:757,13
DA:758,9
DA:770,50
DA:771,50
DA:772,50
DA:773,50
DA:780,50
DA:781,50
DA:784,50
DA:785,17
DA:788,17
DA:792,50
DA:793,17
DA:796,50
DA:798,17
DA:799,12
DA:801,33
DA:803,17
DA:804,13
DA:815,50
DA:816,50
DA:818,50
DA:819,33
DA:820,5
DA:821,5
DA:823,33
DA:824,3
DA:826,17
DA:827,17
DA:828,5
DA:829,5
DA:831,17
DA:832,3
DA:844,50
DA:846,50
DA:847,0
DA:849,50
DA:850,0
DA:860,50
DA:861,0
DA:862,0
DA:863,0
DA:864,0
DA:866,0
DA:868,0
DA:873,0
DA:874,0
DA:877,0
DA:878,0
DA:880,0
DA:885,0
DA:886,0
DA:889,0
DA:890,0
DA:911,50
DA:912,50
DA:913,100
DA:914,26
DA:915,25
DA:916,24
DA:917,25
DA:921,50
DA:922,50
DA:925,50
DA:926,50
DA:928,50
DA:929,17
DA:931,33
DA:935,50
DA:936,50
DA:937,50
DA:939,50
DA:940,50
DA:941,50
DA:943,50
DA:945,0
DA:946,50
DA:948,0
DA:953,50
DA:954,50
DA:955,50
DA:956,50
DA:957,0
DA:976,50
DA:1014,5
DA:1016,5
DA:1017,0
DA:1018,0
DA:1019,0
DA:1020,0
DA:1023,0
DA:1025,0
DA:1028,5
DA:1029,5
DA:1035,5
DA:1036,5
DA:1037,5
DA:1038,5
DA:1041,5
DA:1042,14
DA:1043,50
DA:1053,50
DA:1059,138
DA:1062,5
DA:1063,5
DA:1067,5
DA:1074,5
DA:1092,0
DA:1093,0
DA:1094,0
DA:1095,0
DA:1098,0
DA:1100,0
DA:1101,0
DA:1103,0
DA:1105,0
DA:1107,0
DA:1108,0
DA:1110,0
DA:1114,0
DA:1115,0
DA:1116,0
DA:1117,0
DA:1118,0
DA:1119,0
DA:1121,0
LF:380
LH:289
BRDA:110,0,0,100
BRDA:110,0,1,100
BRDA:111,1,0,100
BRDA:111,1,1,0
BRDA:120,2,0,100
BRDA:120,2,1,0
BRDA:121,3,0,100
BRDA:121,3,1,0
BRDA:123,4,0,26
BRDA:123,4,1,25
BRDA:123,4,2,24
BRDA:123,4,3,25
BRDA:123,4,4,0
BRDA:126,5,0,26
BRDA:126,5,1,0
BRDA:131,6,0,25
BRDA:131,6,1,0
BRDA:137,7,0,24
BRDA:137,7,1,0
BRDA:142,8,0,25
BRDA:142,8,1,0
BRDA:152,9,0,100
BRDA:153,10,0,26
BRDA:153,10,1,25
BRDA:153,10,2,24
BRDA:153,10,3,25
BRDA:153,10,4,0
BRDA:179,11,0,50
BRDA:179,11,1,38
BRDA:180,12,0,50
BRDA:180,12,1,38
BRDA:184,13,0,4
BRDA:184,13,1,46
BRDA:184,14,0,50
BRDA:184,14,1,6
BRDA:185,15,0,1
BRDA:185,15,1,45
BRDA:185,16,0,46
BRDA:185,16,1,1
BRDA:188,17,0,25
BRDA:188,17,1,20
BRDA:193,18,0,10
BRDA:193,18,1,10
BRDA:196,19,0,10
BRDA:196,19,1,0
BRDA:197,20,0,6
BRDA:197,20,1,4
BRDA:199,21,0,2
BRDA:199,21,1,4
BRDA:199,22,0,6
BRDA:199,22,1,3
BRDA:199,22,2,3
BRDA:201,23,0,2
BRDA:201,23,1,2
BRDA:201,24,0,4
BRDA:201,24,1,3
BRDA:201,24,2,3
BRDA:204,25,0,0
BRDA:204,25,1,4
BRDA:204,26,0,4
BRDA:204,26,1,2
BRDA:204,26,2,2
BRDA:206,27,0,2
BRDA:206,27,1,2
BRDA:206,28,0,4
BRDA:206,28,1,2
BRDA:206,28,2,2
BRDA:221,29,0,12
BRDA:221,29,1,38
BRDA:233,30,0,38
BRDA:233,30,1,32
BRDA:237,31,0,10
BRDA:237,31,1,9
BRDA:237,31,2,10
BRDA:237,31,3,9
BRDA:257,32,0,9
BRDA:257,32,1,9
BRDA:257,32,2,11
BRDA:257,32,3,9
BRDA:259,33,0,9
BRDA:259,33,1,0
BRDA:262,34,0,9
BRDA:262,34,1,9
BRDA:265,35,0,11
BRDA:265,35,1,7
BRDA:268,36,0,9
BRDA:268,36,1,6
BRDA:273,37,0,19
BRDA:273,37,1,19
BRDA:275,38,0,19
BRDA:275,38,1,3
BRDA:275,38,2,16
BRDA:275,38,3,6
BRDA:275,38,4,16
BRDA:275,38,5,5
BRDA:275,38,6,14
BRDA:275,38,7,5
BRDA:281,39,0,19
BRDA:281,39,1,3
BRDA:281,39,2,16
BRDA:281,39,3,6
BRDA:281,39,4,16
BRDA:281,39,5,5
BRDA:281,39,6,14
BRDA:281,39,7,5
BRDA:287,40,0,5
BRDA:287,40,1,14
BRDA:287,41,0,19
BRDA:287,41,1,8
BRDA:291,42,0,33
BRDA:291,42,1,17
BRDA:302,43,0,50
BRDA:315,44,0,50
BRDA:315,44,1,38
BRDA:316,45,0,50
BRDA:316,45,1,38
BRDA:318,46,0,12
BRDA:318,46,1,38
BRDA:319,47,0,3
BRDA:319,47,1,9
BRDA:323,48,0,3
BRDA:323,48,1,6
BRDA:327,49,0,3
BRDA:327,49,1,3
BRDA:331,50,0,3
BRDA:331,50,1,0
BRDA:338,51,0,13
BRDA:338,51,1,25
BRDA:339,52,0,6
BRDA:339,52,1,7
BRDA:369,53,0,13
BRDA:369,53,1,12
BRDA:369,54,0,13
BRDA:369,54,1,12
BRDA:398,55,0,0
BRDA:398,55,1,0
BRDA:398,56,0,0
BRDA:398,56,1,0
BRDA:418,57,0,50
BRDA:451,58,0,0
BRDA:451,58,1,0
BRDA:465,59,0,0
BRDA:465,59,1,0
BRDA:476,60,0,0
BRDA:476,60,1,0
BRDA:477,61,0,0
BRDA:477,61,1,0
BRDA:477,62,0,0
BRDA:477,62,1,0
BRDA:478,63,0,0
BRDA:478,63,1,0
BRDA:478,64,0,0
BRDA:478,64,1,0
BRDA:480,65,0,0
BRDA:480,65,1,0
BRDA:494,66,0,0
BRDA:494,66,1,50
BRDA:494,67,0,50
BRDA:494,67,1,0
BRDA:503,68,0,50
BRDA:503,68,1,0
BRDA:511,69,0,0
BRDA:511,69,1,50
BRDA:521,70,0,0
BRDA:521,70,1,0
BRDA:521,71,0,0
BRDA:521,71,1,0
BRDA:524,72,0,0
BRDA:524,72,1,0
BRDA:524,73,0,0
BRDA:524,73,1,0
BRDA:553,74,0,12
BRDA:553,74,1,38
BRDA:553,75,0,50
BRDA:553,75,1,12
BRDA:554,76,0,0
BRDA:554,76,1,50
BRDA:554,77,0,50
BRDA:554,77,1,13
BRDA:555,78,0,4
BRDA:555,78,1,46
BRDA:555,79,0,50
BRDA:555,79,1,12
BRDA:556,80,0,4
BRDA:556,80,1,46
BRDA:556,81,0,50
BRDA:556,81,1,13
BRDA:564,82,0,0
BRDA:564,82,1,50
BRDA:564,83,0,50
BRDA:564,83,1,12
BRDA:567,84,0,12
BRDA:567,84,1,38
BRDA:567,85,0,50
BRDA:567,85,1,12
BRDA:570,86,0,4
BRDA:570,86,1,46
BRDA:570,87,0,50
BRDA:570,87,1,14
BRDA:573,88,0,4
BRDA:573,88,1,46
BRDA:573,89,0,50
BRDA:573,89,1,12
BRDA:576,90,0,0
BRDA:576,90,1,50
BRDA:576,91,0,50
BRDA:576,91,1,50
BRDA:577,92,0,0
BRDA:577,92,1,0
BRDA:589,93,0,50
BRDA:589,93,1,0
BRDA:590,94,0,0
BRDA:590,94,1,50
BRDA:608,95,0,0
BRDA:608,95,1,50
BRDA:614,96,0,0
BRDA:614,96,1,50
BRDA:616,97,0,1
BRDA:616,97,1,49
BRDA:636,98,0,50
BRDA:636,98,1,0
BRDA:636,98,2,50
BRDA:636,98,3,0
BRDA:642,99,0,11
BRDA:642,99,1,39
BRDA:642,100,0,50
BRDA:642,100,1,11
BRDA:645,101,0,12
BRDA:645,101,1,27
BRDA:654,102,0,4
BRDA:654,102,1,8
BRDA:654,103,0,12
BRDA:654,103,1,4
BRDA:657,104,0,0
BRDA:657,104,1,27
BRDA:657,105,0,27
BRDA:657,105,1,0
BRDA:690,106,0,12
BRDA:690,106,1,38
BRDA:692,107,0,1
BRDA:692,107,1,11
BRDA:692,108,0,12
BRDA:692,108,1,3
BRDA:693,109,0,1
BRDA:693,109,1,11
BRDA:693,110,0,12
BRDA:693,110,1,3
BRDA:694,111,0,3
BRDA:694,111,1,9
BRDA:694,112,0,12
BRDA:694,112,1,3
BRDA:695,113,0,0
BRDA:695,113,1,12
BRDA:695,114,0,12
BRDA:695,114,1,3
BRDA:696,115,0,5
BRDA:696,115,1,7
BRDA:717,116,0,50
BRDA:717,116,1,38
BRDA:718,117,0,50
BRDA:718,117,1,36
BRDA:719,118,0,50
BRDA:719,118,1,38
BRDA:720,119,0,50
BRDA:720,119,1,38
BRDA:724,120,0,17
BRDA:724,120,1,33
BRDA:726,121,0,5
BRDA:726,121,1,12
BRDA:726,122,0,17
BRDA:726,122,1,9
BRDA:728,123,0,8
BRDA:728,123,1,4
BRDA:728,124,0,12
BRDA:728,124,1,8
BRDA:731,125,0,16
BRDA:731,125,1,17
BRDA:738,126,0,16
BRDA:738,126,1,0
BRDA:740,127,0,4
BRDA:740,127,1,12
BRDA:740,128,0,16
BRDA:740,128,1,8
BRDA:742,129,0,8
BRDA:742,129,1,4
BRDA:742,130,0,12
BRDA:742,130,1,8
BRDA:747,131,0,0
BRDA:747,131,1,0
BRDA:747,132,0,0
BRDA:747,132,1,0
BRDA:749,133,0,0
BRDA:749,133,1,0
BRDA:749,134,0,0
BRDA:749,134,1,0
BRDA:753,135,0,17
BRDA:753,135,1,0
BRDA:753,136,0,17
BRDA:753,136,1,0
BRDA:755,137,0,4
BRDA:755,137,1,13
BRDA:755,138,0,17
BRDA:755,138,1,9
BRDA:757,139,0,9
BRDA:757,139,1,4
BRDA:757,140,0,13
BRDA:757,140,1,8
BRDA:784,141,0,17
BRDA:784,141,1,33
BRDA:784,142,0,50
BRDA:784,142,1,33
BRDA:788,143,0,17
BRDA:788,143,1,0
BRDA:788,144,0,17
BRDA:788,144,1,17
BRDA:792,145,0,17
BRDA:792,145,1,33
BRDA:792,146,0,50
BRDA:792,146,1,17
BRDA:796,147,0,17
BRDA:796,147,1,33
BRDA:798,148,0,12
BRDA:798,148,1,5
BRDA:798,149,0,17
BRDA:798,149,1,9
BRDA:801,150,0,17
BRDA:801,150,1,16
BRDA:803,151,0,13
BRDA:803,151,1,4
BRDA:803,152,0,17
BRDA:803,152,1,9
BRDA:818,153,0,33
BRDA:818,153,1,17
BRDA:819,154,0,5
BRDA:819,154,1,28
BRDA:819,155,0,33
BRDA:819,155,1,9
BRDA:823,156,0,3
BRDA:823,156,1,30
BRDA:823,157,0,33
BRDA:823,157,1,9
BRDA:823,157,2,5
BRDA:826,158,0,17
BRDA:826,158,1,0
BRDA:827,159,0,5
BRDA:827,159,1,12
BRDA:827,160,0,17
BRDA:827,160,1,5
BRDA:831,161,0,3
BRDA:831,161,1,14
BRDA:831,162,0,17
BRDA:831,162,1,4
BRDA:831,162,2,4
BRDA:846,163,0,0
BRDA:846,163,1,50
BRDA:846,164,0,50
BRDA:846,164,1,0
BRDA:849,165,0,0
BRDA:849,165,1,50
BRDA:849,166,0,50
BRDA:849,166,1,0
BRDA:860,167,0,0
BRDA:860,167,1,50
BRDA:860,168,0,50
BRDA:860,168,1,0
BRDA:860,168,2,0
BRDA:868,169,0,0
BRDA:868,169,1,0
BRDA:873,170,0,0
BRDA:873,170,1,0
BRDA:873,171,0,0
BRDA:873,171,1,0
BRDA:874,172,0,0
BRDA:874,172,1,0
BRDA:874,173,0,0
BRDA:874,173,1,0
BRDA:877,174,0,0
BRDA:877,174,1,0
BRDA:877,175,0,0
BRDA:877,175,1,0
BRDA:878,176,0,0
BRDA:878,176,1,0
BRDA:878,177,0,0
BRDA:878,177,1,0
BRDA:880,178,0,0
BRDA:880,178,1,0
BRDA:885,179,0,0
BRDA:885,179,1,0
BRDA:885,180,0,0
BRDA:885,180,1,0
BRDA:886,181,0,0
BRDA:886,181,1,0
BRDA:886,182,0,0
BRDA:886,182,1,0
BRDA:889,183,0,0
BRDA:889,183,1,0
BRDA:889,184,0,0
BRDA:889,184,1,0
BRDA:890,185,0,0
BRDA:890,185,1,0
BRDA:890,186,0,0
BRDA:890,186,1,0
BRDA:911,187,0,50
BRDA:911,187,1,0
BRDA:913,188,0,26
BRDA:913,188,1,25
BRDA:913,188,2,24
BRDA:913,188,3,25
BRDA:928,189,0,17
BRDA:928,189,1,33
BRDA:929,190,0,17
BRDA:929,190,1,0
BRDA:931,191,0,17
BRDA:931,191,1,16
BRDA:935,192,0,50
BRDA:935,192,1,0
BRDA:939,193,0,50
BRDA:939,193,1,50
BRDA:940,194,0,50
BRDA:940,194,1,50
BRDA:943,195,0,0
BRDA:943,195,1,50
BRDA:946,196,0,0
BRDA:946,196,1,50
BRDA:953,197,0,50
BRDA:953,197,1,0
BRDA:955,198,0,50
BRDA:955,198,1,50
BRDA:956,199,0,0
BRDA:956,199,1,50
BRDA:982,200,0,50
BRDA:982,200,1,49
BRDA:1009,201,0,5
BRDA:1010,202,0,5
BRDA:1011,203,0,5
BRDA:1016,204,0,0
BRDA:1016,204,1,5
BRDA:1017,205,0,0
BRDA:1017,205,1,0
BRDA:1018,206,0,0
BRDA:1018,206,1,0
BRDA:1019,207,0,0
BRDA:1019,207,1,0
BRDA:1023,208,0,0
BRDA:1023,208,1,0
BRDA:1025,209,0,0
BRDA:1025,209,1,0
BRDA:1037,210,0,2
BRDA:1037,210,1,3
BRDA:1038,211,0,2
BRDA:1038,211,1,3
BRDA:1067,212,0,3
BRDA:1067,212,1,2
BRDA:1079,213,0,0
BRDA:1079,213,1,5
BRDA:1098,214,0,0
BRDA:1098,214,1,0
BRDA:1100,215,0,0
BRDA:1100,215,1,0
BRDA:1105,216,0,0
BRDA:1105,216,1,0
BRDA:1107,217,0,0
BRDA:1107,217,1,0
BRDA:1114,218,0,0
BRDA:1114,218,1,0
BRDA:1114,219,0,0
BRDA:1114,219,1,0
BRDA:1116,220,0,0
BRDA:1116,220,1,0
BRDA:1116,221,0,0
BRDA:1116,221,1,0
BRDA:1118,222,0,0
BRDA:1118,222,1,0
BRDA:1118,223,0,0
BRDA:1118,223,1,0
BRF:475
BRH:321
end_of_record
TN:
SF:src\core\algorithms\edgeCrossingRepair.ts
FN:32,repairEdgeCrossingViolations
FN:39,(anonymous_1)
FN:40,(anonymous_2)
FN:44,(anonymous_3)
FN:77,chooseBestCrossingRepair
FN:111,buildShiftCandidates
FN:132,(anonymous_6)
FN:152,axisValues
FN:163,findFirstNonBuddyCrossing
FN:191,extractSegments
FN:206,touchesProtectedJunction
FN:213,preservesProtectedJunctions
FN:220,pathHitsObstacle
FN:223,(anonymous_13)
FN:230,segmentIntersectsRectInterior
FN:250,isOrthogonal
FN:260,buildBuddyGroupLookup
FN:262,(anonymous_17)
FN:264,(anonymous_18)
FN:272,buildBuddyTypeLookup
FN:274,(anonymous_20)
FN:275,(anonymous_21)
FN:283,shareBuddyGroup
FN:293,samePoint
FN:297,sameRect
FNF:25
FNH:21
FNDA:1,repairEdgeCrossingViolations
FNDA:3,(anonymous_1)
FNDA:14,(anonymous_2)
FNDA:0,(anonymous_3)
FNDA:1,chooseBestCrossingRepair
FNDA:2,buildShiftCandidates
FNDA:60,(anonymous_6)
FNDA:2,axisValues
FNDA:2,findFirstNonBuddyCrossing
FNDA:2,extractSegments
FNDA:2,touchesProtectedJunction
FNDA:6,preservesProtectedJunctions
FNDA:6,pathHitsObstacle
FNDA:0,(anonymous_13)
FNDA:0,segmentIntersectsRectInterior
FNDA:12,isOrthogonal
FNDA:1,buildBuddyGroupLookup
FNDA:2,(anonymous_17)
FNDA:4,(anonymous_18)
FNDA:1,buildBuddyTypeLookup
FNDA:2,(anonymous_20)
FNDA:4,(anonymous_21)
FNDA:58,shareBuddyGroup
FNDA:24,samePoint
FNDA:0,sameRect
DA:30,2
DA:36,1
DA:38,1
DA:39,1
DA:40,14
DA:43,1
DA:44,1
DA:45,1
DA:46,1
DA:47,1
DA:51,1
DA:53,1
DA:54,2
DA:55,2
DA:57,1
DA:68,1
DA:70,1
DA:71,1
DA:74,1
DA:88,1
DA:93,1
DA:94,1
DA:95,6
DA:96,6
DA:98,6
DA:99,6
DA:100,6
DA:101,6
DA:103,3
DA:104,3
DA:105,1
DA:108,1
DA:119,2
DA:120,2
DA:121,2
DA:122,2
DA:124,2
DA:128,2
DA:129,2
DA:130,2
DA:131,12
DA:132,60
DA:133,12
DA:134,6
DA:135,6
DA:137,6
DA:138,6
DA:140,12
DA:141,12
DA:142,12
DA:143,12
DA:144,6
DA:145,6
DA:146,6
DA:149,2
DA:153,2
DA:167,2
DA:168,2
DA:169,15
DA:170,84
DA:171,84
DA:172,84
DA:173,58
DA:174,25
DA:175,12
DA:176,84
DA:177,84
DA:178,84
DA:179,84
DA:180,84
DA:181,84
DA:182,84
DA:183,84
DA:184,1
DA:188,1
DA:192,2
DA:193,2
DA:194,6
DA:195,22
DA:196,22
DA:197,22
DA:198,22
DA:199,22
DA:200,22
DA:203,2
DA:207,2
DA:208,2
DA:209,2
DA:210,2
DA:214,6
DA:215,6
DA:216,6
DA:217,6
DA:221,6
DA:222,30
DA:223,0
DA:224,0
DA:227,30
DA:231,0
DA:232,0
DA:233,0
DA:234,0
DA:235,0
DA:237,0
DA:238,0
DA:239,0
DA:240,0
DA:242,0
DA:243,0
DA:244,0
DA:245,0
DA:247,0
DA:251,12
DA:252,48
DA:253,48
DA:254,48
DA:255,48
DA:257,12
DA:261,1
DA:262,1
DA:263,2
DA:264,2
DA:265,4
DA:266,4
DA:269,1
DA:273,1
DA:274,1
DA:275,2
DA:276,4
DA:277,4
DA:280,1
DA:284,58
DA:285,58
DA:286,58
DA:287,58
DA:288,58
DA:290,25
DA:294,24
DA:298,0
LF:139
LH:122
BRDA:34,0,0,1
BRDA:36,1,0,0
BRDA:36,1,1,1
BRDA:43,2,0,1
BRDA:43,2,1,0
BRDA:44,3,0,1
BRDA:44,3,1,1
BRDA:44,4,0,0
BRDA:44,4,1,0
BRDA:44,4,2,0
BRDA:45,5,0,1
BRDA:45,5,1,0
BRDA:46,6,0,1
BRDA:46,6,1,0
BRDA:53,7,0,1
BRDA:53,7,1,2
BRDA:55,8,0,1
BRDA:55,8,1,1
BRDA:68,9,0,0
BRDA:68,9,1,1
BRDA:95,10,0,6
BRDA:95,10,1,6
BRDA:96,11,0,0
BRDA:96,11,1,6
BRDA:101,12,0,3
BRDA:101,12,1,3
BRDA:104,13,0,1
BRDA:104,13,1,2
BRDA:104,14,0,3
BRDA:104,14,1,2
BRDA:104,14,2,2
BRDA:104,14,3,2
BRDA:119,15,0,0
BRDA:119,15,1,2
BRDA:119,16,0,2
BRDA:119,16,1,0
BRDA:121,17,0,0
BRDA:121,17,1,2
BRDA:121,18,0,2
BRDA:121,18,1,2
BRDA:122,19,0,0
BRDA:122,19,1,2
BRDA:124,20,0,1
BRDA:124,20,1,1
BRDA:129,21,0,1
BRDA:129,21,1,1
BRDA:131,22,0,0
BRDA:131,22,1,12
BRDA:133,23,0,6
BRDA:133,23,1,6
BRDA:141,24,0,0
BRDA:141,24,1,12
BRDA:142,25,0,0
BRDA:142,25,1,12
BRDA:143,26,0,6
BRDA:143,26,1,6
BRDA:144,27,0,0
BRDA:144,27,1,6
BRDA:145,28,0,0
BRDA:145,28,1,6
BRDA:172,29,0,26
BRDA:172,29,1,58
BRDA:173,30,0,33
BRDA:173,30,1,25
BRDA:174,31,0,13
BRDA:174,31,1,12
BRDA:175,32,0,7
BRDA:175,32,1,5
BRDA:176,33,0,5
BRDA:176,33,1,7
BRDA:183,34,0,1
BRDA:183,34,1,83
BRDA:183,35,0,84
BRDA:183,35,1,7
BRDA:183,35,2,3
BRDA:183,35,3,1
BRDA:199,36,0,0
BRDA:199,36,1,22
BRDA:199,37,0,22
BRDA:199,37,1,14
BRDA:199,37,2,22
BRDA:207,38,0,0
BRDA:207,38,1,2
BRDA:208,39,0,0
BRDA:208,39,1,2
BRDA:208,40,0,2
BRDA:208,40,1,1
BRDA:209,41,0,0
BRDA:209,41,1,2
BRDA:209,42,0,2
BRDA:209,42,1,1
BRDA:214,43,0,0
BRDA:214,43,1,6
BRDA:215,44,0,0
BRDA:215,44,1,6
BRDA:215,45,0,6
BRDA:215,45,1,6
BRDA:215,45,2,6
BRDA:216,46,0,0
BRDA:216,46,1,6
BRDA:216,47,0,6
BRDA:216,47,1,0
BRDA:216,47,2,0
BRDA:223,48,0,0
BRDA:223,48,1,0
BRDA:224,49,0,0
BRDA:224,49,1,0
BRDA:235,50,0,0
BRDA:235,50,1,0
BRDA:235,51,0,0
BRDA:235,51,1,0
BRDA:237,52,0,0
BRDA:237,52,1,0
BRDA:239,53,0,0
BRDA:239,53,1,0
BRDA:239,54,0,0
BRDA:239,54,1,0
BRDA:242,55,0,0
BRDA:242,55,1,0
BRDA:244,56,0,0
BRDA:244,56,1,0
BRDA:244,57,0,0
BRDA:244,57,1,0
BRDA:254,58,0,48
BRDA:254,58,1,30
BRDA:255,59,0,0
BRDA:255,59,1,48
BRDA:255,60,0,48
BRDA:255,60,1,48
BRDA:255,60,2,18
BRDA:265,61,0,3
BRDA:265,61,1,1
BRDA:276,62,0,3
BRDA:276,62,1,1
BRDA:286,63,0,0
BRDA:286,63,1,58
BRDA:286,64,0,58
BRDA:286,64,1,58
BRDA:288,65,0,33
BRDA:288,65,1,25
BRDA:294,66,0,24
BRDA:294,66,1,18
BRDA:298,67,0,0
BRDA:298,67,1,0
BRDA:298,67,2,0
BRDA:298,67,3,0
BRF:146
BRH:93
end_of_record
TN:
SF:src\core\algorithms\geometry-classifier.ts
FN:74,analyzeGeometry
FN:227,getPortRulesForGeometry
FN:433,portCombinationToString
FN:434,(anonymous_3)
FNF:4
FNH:4
FNDA:69,analyzeGeometry
FNDA:55,getPortRulesForGeometry
FNDA:65,portCombinationToString
FNDA:130,(anonymous_3)
DA:79,69
DA:80,69
DA:86,69
DA:87,69
DA:88,55
DA:89,55
DA:91,55
DA:92,55
DA:94,55
DA:95,55
DA:98,14
DA:102,14
DA:103,14
DA:106,69
DA:107,0
DA:118,69
DA:119,69
DA:124,69
DA:125,69
DA:126,69
DA:129,69
DA:130,69
DA:133,69
DA:136,0
DA:137,0
DA:138,0
DA:149,69
DA:150,26
DA:152,43
DA:153,7
DA:160,36
DA:162,36
DA:163,36
DA:165,0
DA:168,36
DA:173,0
DA:185,0
DA:186,0
DA:187,0
DA:188,0
DA:192,0
DA:193,0
DA:194,0
DA:195,0
DA:196,0
DA:197,0
DA:198,0
DA:199,0
DA:200,0
DA:201,0
DA:202,0
DA:203,0
DA:204,0
DA:205,0
DA:206,0
DA:207,0
DA:210,0
DA:213,0
DA:228,55
DA:427,55
DA:434,65
DA:435,130
DA:436,37
DA:437,29
DA:438,30
DA:439,34
DA:440,0
DA:444,65
LF:68
LH:39
BRDA:87,0,0,55
BRDA:87,0,1,14
BRDA:87,1,0,69
BRDA:87,1,1,55
BRDA:95,2,0,55
BRDA:95,2,1,2
BRDA:98,3,0,7
BRDA:98,3,1,7
BRDA:98,4,0,14
BRDA:98,4,1,7
BRDA:103,5,0,14
BRDA:103,5,1,5
BRDA:106,6,0,0
BRDA:106,6,1,69
BRDA:124,7,0,69
BRDA:124,7,1,0
BRDA:129,8,0,5
BRDA:129,8,1,64
BRDA:129,9,0,19
BRDA:129,9,1,45
BRDA:130,10,0,5
BRDA:130,10,1,64
BRDA:130,11,0,19
BRDA:130,11,1,45
BRDA:133,12,0,5
BRDA:133,12,1,64
BRDA:133,13,0,19
BRDA:133,13,1,45
BRDA:149,14,0,26
BRDA:149,14,1,43
BRDA:149,15,0,69
BRDA:149,15,1,62
BRDA:150,16,0,25
BRDA:150,16,1,1
BRDA:152,17,0,7
BRDA:152,17,1,36
BRDA:152,18,0,43
BRDA:152,18,1,43
BRDA:153,19,0,6
BRDA:153,19,1,1
BRDA:162,20,0,36
BRDA:162,20,1,0
BRDA:163,21,0,0
BRDA:163,21,1,36
BRDA:165,22,0,0
BRDA:165,22,1,0
BRDA:168,23,0,18
BRDA:168,23,1,18
BRDA:192,24,0,0
BRDA:192,24,1,0
BRDA:192,25,0,0
BRDA:192,25,1,0
BRDA:194,26,0,0
BRDA:194,26,1,0
BRDA:194,27,0,0
BRDA:194,27,1,0
BRDA:196,28,0,0
BRDA:196,28,1,0
BRDA:196,29,0,0
BRDA:196,29,1,0
BRDA:198,30,0,0
BRDA:198,30,1,0
BRDA:198,31,0,0
BRDA:198,31,1,0
BRDA:200,32,0,0
BRDA:200,32,1,0
BRDA:200,33,0,0
BRDA:200,33,1,0
BRDA:202,34,0,0
BRDA:202,34,1,0
BRDA:202,35,0,0
BRDA:202,35,1,0
BRDA:204,36,0,0
BRDA:204,36,1,0
BRDA:204,37,0,0
BRDA:204,37,1,0
BRDA:206,38,0,0
BRDA:206,38,1,0
BRDA:206,39,0,0
BRDA:206,39,1,0
BRDA:435,40,0,37
BRDA:435,40,1,29
BRDA:435,40,2,30
BRDA:435,40,3,34
BRDA:435,40,4,0
BRF:85
BRH:46
end_of_record
TN:
SF:src\core\algorithms\geometryUtils.ts
FN:26,distance
FN:35,manhattanDistance
FN:42,pointInRect
FN:54,pointStrictlyInRect
FN:69,crossProduct
FN:76,pointOnSegment
FN:94,lineSegmentsIntersect
FN:137,lineIntersectsRect
FN:209,getRectCorners
FN:225,getExpandedRectCorners
FN:247,rectIntersects
FN:259,pointToSegmentDistance
FNF:12
FNH:12
FNDA:64,distance
FNDA:40,manhattanDistance
FNDA:345,pointInRect
FNDA:194,pointStrictlyInRect
FNDA:712,crossProduct
FNDA:22,pointOnSegment
FNDA:86,lineSegmentsIntersect
FNDA:94,lineIntersectsRect
FNDA:102,getRectCorners
FNDA:1,getExpandedRectCorners
FNDA:3,rectIntersects
FNDA:4,pointToSegmentDistance
DA:27,64
DA:28,64
DA:29,64
DA:36,40
DA:43,345
DA:55,194
DA:70,712
DA:77,22
DA:99,86
DA:100,86
DA:101,86
DA:102,86
DA:105,86
DA:106,86
DA:107,86
DA:108,86
DA:111,86
DA:113,31
DA:116,55
DA:117,6
DA:121,49
DA:122,49
DA:123,40
DA:124,38
DA:126,38
DA:142,94
DA:145,94
DA:146,94
DA:148,94
DA:150,2
DA:154,92
DA:155,86
DA:156,86
DA:159,86
DA:169,92
DA:170,92
DA:171,92
DA:173,92
DA:174,368
DA:176,368
DA:177,368
DA:182,92
DA:183,55
DA:187,37
DA:197,37
DA:198,72
DA:199,36
DA:203,1
DA:210,102
DA:226,1
DA:229,1
DA:230,1
DA:233,1
DA:240,1
DA:248,3
DA:260,4
DA:263,4
DA:264,4
DA:265,4
DA:266,4
DA:269,4
DA:272,4
DA:274,4
DA:276,1
DA:280,3
DA:283,3
DA:288,3
LF:67
LH:67
BRDA:42,0,0,345
BRDA:44,1,0,345
BRDA:44,1,1,230
BRDA:44,1,2,118
BRDA:44,1,3,115
BRDA:56,2,0,194
BRDA:56,2,1,101
BRDA:56,2,2,16
BRDA:56,2,3,13
BRDA:78,3,0,22
BRDA:78,3,1,18
BRDA:78,3,2,11
BRDA:78,3,3,11
BRDA:97,4,0,86
BRDA:111,5,0,31
BRDA:111,5,1,55
BRDA:111,6,0,86
BRDA:111,6,1,61
BRDA:111,6,2,67
BRDA:111,6,3,19
BRDA:111,6,4,33
BRDA:111,6,5,13
BRDA:111,6,6,20
BRDA:111,6,7,19
BRDA:116,7,0,6
BRDA:116,7,1,49
BRDA:121,8,0,0
BRDA:121,8,1,49
BRDA:121,9,0,49
BRDA:121,9,1,3
BRDA:122,10,0,9
BRDA:122,10,1,40
BRDA:122,11,0,49
BRDA:122,11,1,11
BRDA:123,12,0,2
BRDA:123,12,1,38
BRDA:123,13,0,40
BRDA:123,13,1,5
BRDA:124,14,0,0
BRDA:124,14,1,38
BRDA:124,15,0,38
BRDA:124,15,1,3
BRDA:140,16,0,94
BRDA:148,17,0,2
BRDA:148,17,1,92
BRDA:148,18,0,94
BRDA:148,18,1,3
BRDA:154,19,0,86
BRDA:154,19,1,6
BRDA:155,20,0,86
BRDA:155,20,1,42
BRDA:156,21,0,86
BRDA:156,21,1,61
BRDA:159,22,0,57
BRDA:159,22,1,29
BRDA:159,23,0,86
BRDA:159,23,1,45
BRDA:159,23,2,57
BRDA:159,23,3,57
BRDA:176,24,0,146
BRDA:176,24,1,222
BRDA:177,25,0,115
BRDA:177,25,1,253
BRDA:182,26,0,55
BRDA:182,26,1,37
BRDA:182,27,0,92
BRDA:182,27,1,86
BRDA:182,27,2,66
BRDA:198,28,0,36
BRDA:198,28,1,36
BRDA:225,29,0,1
BRDA:249,30,0,3
BRDA:249,30,1,2
BRDA:249,30,2,2
BRDA:249,30,3,2
BRDA:274,31,0,1
BRDA:274,31,1,3
BRF:77
BRH:75
end_of_record
TN:
SF:src\core\algorithms\globalChannelRouting.ts
FN:43,globalChannelRouting
FN:52,(anonymous_1)
FN:101,(anonymous_2)
FN:136,(anonymous_3)
FN:149,(anonymous_4)
FN:236,(anonymous_5)
FN:237,(anonymous_6)
FN:257,(anonymous_7)
FN:280,shareBuddyGroup
FN:288,getTrackSpacing
FNF:10
FNH:7
FNDA:2,globalChannelRouting
FNDA:0,(anonymous_1)
FNDA:4,(anonymous_2)
FNDA:2,(anonymous_3)
FNDA:0,(anonymous_4)
FNDA:6,(anonymous_5)
FNDA:6,(anonymous_6)
FNDA:12,(anonymous_7)
FNDA:0,shareBuddyGroup
FNDA:2,getTrackSpacing
DA:49,2
DA:50,2
DA:51,2
DA:52,0
DA:53,0
DA:54,0
DA:55,0
DA:56,0
DA:57,0
DA:59,0
DA:65,2
DA:66,2
DA:68,2
DA:69,4
DA:70,4
DA:72,4
DA:73,10
DA:74,10
DA:75,10
DA:76,10
DA:77,10
DA:78,10
DA:80,10
DA:81,2
DA:88,8
DA:89,4
DA:101,2
DA:103,4
DA:104,4
DA:105,6
DA:106,6
DA:107,3
DA:108,2
DA:109,2
DA:112,6
DA:113,6
DA:114,6
DA:117,4
DA:119,4
DA:120,4
DA:123,2
DA:124,2
DA:125,2
DA:126,2
DA:127,2
DA:128,2
DA:129,2
DA:130,2
DA:134,2
DA:136,2
DA:139,2
DA:140,2
DA:143,2
DA:144,4
DA:149,1
DA:150,0
DA:151,0
DA:152,0
DA:153,0
DA:154,0
DA:155,0
DA:156,0
DA:158,1
DA:159,0
DA:160,0
DA:161,0
DA:164,1
DA:165,1
DA:166,0
DA:167,0
DA:168,0
DA:169,0
DA:170,0
DA:173,1
DA:174,1
DA:175,1
DA:180,2
DA:183,2
DA:184,4
DA:185,3
DA:188,3
DA:189,1
DA:190,0
DA:191,0
DA:192,0
DA:193,0
DA:197,3
DA:198,3
DA:199,1
DA:200,0
DA:201,0
DA:202,0
DA:203,0
DA:208,3
DA:209,3
DA:210,3
DA:214,2
DA:215,2
DA:219,2
DA:223,4
DA:224,4
DA:225,4
DA:226,3
DA:227,3
DA:228,3
DA:233,4
DA:236,6
DA:237,6
DA:239,2
DA:240,0
DA:244,2
DA:246,2
DA:247,4
DA:248,1
DA:249,1
DA:252,3
DA:253,0
DA:254,0
DA:257,12
DA:261,3
DA:262,6
DA:263,6
DA:265,6
DA:266,6
DA:267,6
DA:269,6
DA:270,6
DA:271,6
DA:274,3
DA:277,2
DA:281,0
DA:282,0
DA:283,0
DA:285,0
DA:289,2
DA:291,2
DA:292,2
DA:293,4
DA:294,2
DA:295,2
DA:296,2
DA:304,2
DA:305,2
DA:307,2
DA:308,2
LF:145
LH:108
BRDA:45,0,0,2
BRDA:47,1,0,2
BRDA:51,2,0,0
BRDA:51,2,1,2
BRDA:56,3,0,0
BRDA:56,3,1,0
BRDA:69,4,0,0
BRDA:69,4,1,4
BRDA:70,5,0,4
BRDA:70,5,1,4
BRDA:77,6,0,2
BRDA:77,6,1,8
BRDA:78,7,0,0
BRDA:78,7,1,10
BRDA:80,8,0,2
BRDA:80,8,1,8
BRDA:88,9,0,4
BRDA:88,9,1,4
BRDA:107,10,0,2
BRDA:107,10,1,1
BRDA:112,11,0,6
BRDA:112,11,1,4
BRDA:113,12,0,4
BRDA:113,12,1,2
BRDA:120,13,0,2
BRDA:120,13,1,2
BRDA:126,14,0,0
BRDA:126,14,1,2
BRDA:128,15,0,2
BRDA:128,15,1,0
BRDA:134,16,0,0
BRDA:134,16,1,2
BRDA:144,17,0,3
BRDA:144,17,1,1
BRDA:151,18,0,0
BRDA:151,18,1,0
BRDA:152,19,0,0
BRDA:152,19,1,0
BRDA:153,20,0,0
BRDA:153,20,1,0
BRDA:154,21,0,0
BRDA:154,21,1,0
BRDA:158,22,0,0
BRDA:158,22,1,1
BRDA:166,23,0,0
BRDA:166,23,1,0
BRDA:173,24,0,1
BRDA:173,24,1,0
BRDA:184,25,0,1
BRDA:184,25,1,3
BRDA:189,26,0,0
BRDA:189,26,1,1
BRDA:197,27,0,3
BRDA:197,27,1,0
BRDA:199,28,0,0
BRDA:199,28,1,1
BRDA:208,29,0,3
BRDA:208,29,1,0
BRDA:215,30,0,0
BRDA:215,30,1,2
BRDA:219,31,0,1
BRDA:219,31,1,1
BRDA:225,32,0,1
BRDA:225,32,1,3
BRDA:227,33,0,3
BRDA:227,33,1,0
BRDA:239,34,0,0
BRDA:239,34,1,2
BRDA:239,35,0,2
BRDA:239,35,1,1
BRDA:247,36,0,1
BRDA:247,36,1,3
BRDA:247,37,0,4
BRDA:247,37,1,4
BRDA:252,38,0,0
BRDA:252,38,1,3
BRDA:265,39,0,6
BRDA:265,39,1,5
BRDA:266,40,0,6
BRDA:266,40,1,5
BRDA:267,41,0,5
BRDA:267,41,1,1
BRDA:269,42,0,6
BRDA:269,42,1,4
BRDA:270,43,0,6
BRDA:270,43,1,4
BRDA:271,44,0,4
BRDA:271,44,1,2
BRDA:281,45,0,0
BRDA:281,45,1,0
BRDA:281,46,0,0
BRDA:281,46,1,0
BRDA:283,47,0,0
BRDA:283,47,1,0
BRDA:289,48,0,0
BRDA:289,48,1,2
BRDA:289,49,0,2
BRDA:289,49,1,2
BRDA:294,50,0,0
BRDA:294,50,1,2
BRDA:305,51,0,0
BRDA:305,51,1,2
BRF:102
BRH:65
end_of_record
TN:
SF:src\core\algorithms\hardObstaclePathRepair.ts
FN:30,repairHardObstacleViolations
FN:34,(anonymous_1)
FN:38,(anonymous_2)
FN:39,(anonymous_3)
FN:69,chooseBestRepair
FN:81,(anonymous_5)
FN:83,(anonymous_6)
FN:108,buildRepairCandidates
FN:122,(anonymous_8)
FN:151,(anonymous_9)
FN:180,findFirstObstacleHit
FN:189,(anonymous_11)
FN:198,countObstacleHits
FN:202,(anonymous_13)
FN:209,segmentIntersectsRectInterior
FN:235,isOrthogonal
FN:247,simplifyRepairPoints
FN:248,(anonymous_17)
FN:273,samePath
FN:275,(anonymous_19)
FN:280,sameRect
FNF:21
FNH:15
FNDA:1,repairHardObstacleViolations
FNDA:1,(anonymous_1)
FNDA:2,(anonymous_2)
FNDA:6,(anonymous_3)
FNDA:1,chooseBestRepair
FNDA:2,(anonymous_5)
FNDA:2,(anonymous_6)
FNDA:1,buildRepairCandidates
FNDA:1,(anonymous_8)
FNDA:0,(anonymous_9)
FNDA:3,findFirstObstacleHit
FNDA:0,(anonymous_11)
FNDA:2,countObstacleHits
FNDA:0,(anonymous_13)
FNDA:17,segmentIntersectsRectInterior
FNDA:2,isOrthogonal
FNDA:2,simplifyRepairPoints
FNDA:0,(anonymous_17)
FNDA:3,samePath
FNDA:0,(anonymous_19)
FNDA:0,sameRect
DA:19,2
DA:34,1
DA:35,1
DA:37,1
DA:38,1
DA:39,6
DA:42,1
DA:43,1
DA:44,1
DA:49,1
DA:50,2
DA:51,2
DA:53,2
DA:54,2
DA:55,3
DA:56,3
DA:58,1
DA:59,1
DA:61,1
DA:62,1
DA:66,1
DA:79,1
DA:81,2
DA:83,2
DA:85,1
DA:86,1
DA:87,2
DA:88,2
DA:90,2
DA:91,2
DA:92,2
DA:93,2
DA:95,2
DA:101,1
DA:105,1
DA:109,1
DA:110,1
DA:111,1
DA:113,1
DA:114,1
DA:115,1
DA:117,1
DA:118,1
DA:119,1
DA:120,1
DA:121,1
DA:122,1
DA:124,1
DA:125,2
DA:131,2
DA:132,2
DA:133,2
DA:139,0
DA:147,0
DA:148,0
DA:149,0
DA:150,0
DA:151,0
DA:153,0
DA:154,0
DA:160,0
DA:161,0
DA:162,0
DA:168,0
DA:177,1
DA:181,3
DA:182,7
DA:183,7
DA:184,7
DA:185,7
DA:186,7
DA:188,7
DA:189,7
DA:190,7
DA:191,1
DA:195,6
DA:199,2
DA:200,2
DA:201,10
DA:202,10
DA:203,10
DA:206,10
DA:210,17
DA:211,17
DA:212,17
DA:213,17
DA:214,17
DA:216,17
DA:217,11
DA:218,11
DA:219,5
DA:220,5
DA:221,5
DA:224,6
DA:225,6
DA:226,6
DA:227,0
DA:228,0
DA:229,0
DA:232,0
DA:236,2
DA:237,10
DA:238,10
DA:239,10
DA:240,10
DA:241,0
DA:244,2
DA:248,2
DA:250,2
DA:251,2
DA:252,14
DA:253,14
DA:254,14
DA:257,2
DA:259,2
DA:260,2
DA:261,10
DA:262,10
DA:263,10
DA:264,10
DA:265,10
DA:266,10
DA:268,2
DA:270,2
DA:274,3
DA:275,0
DA:276,0
DA:281,0
LF:128
LH:108
BRDA:32,0,0,1
BRDA:34,1,0,1
BRDA:34,1,1,0
BRDA:34,2,0,1
BRDA:34,2,1,1
BRDA:34,2,2,1
BRDA:35,3,0,0
BRDA:35,3,1,1
BRDA:35,4,0,1
BRDA:35,4,1,1
BRDA:42,5,0,1
BRDA:42,5,1,0
BRDA:43,6,0,1
BRDA:43,6,1,1
BRDA:51,7,0,0
BRDA:51,7,1,2
BRDA:51,8,0,2
BRDA:51,8,1,2
BRDA:53,9,0,2
BRDA:53,9,1,2
BRDA:56,10,0,2
BRDA:56,10,1,1
BRDA:59,11,0,0
BRDA:59,11,1,1
BRDA:59,12,0,1
BRDA:59,12,1,1
BRDA:88,13,0,0
BRDA:88,13,1,2
BRDA:95,14,0,1
BRDA:95,14,1,1
BRDA:96,15,0,2
BRDA:96,15,1,1
BRDA:96,15,2,1
BRDA:96,15,3,1
BRDA:96,15,4,1
BRDA:96,15,5,1
BRDA:96,15,6,0
BRDA:105,16,0,1
BRDA:105,16,1,0
BRDA:111,17,0,0
BRDA:111,17,1,1
BRDA:111,18,0,1
BRDA:111,18,1,1
BRDA:117,19,0,1
BRDA:117,19,1,0
BRDA:119,20,0,0
BRDA:119,20,1,1
BRDA:120,21,0,0
BRDA:120,21,1,1
BRDA:132,22,0,2
BRDA:132,22,1,0
BRDA:132,23,0,2
BRDA:132,23,1,2
BRDA:148,24,0,0
BRDA:148,24,1,0
BRDA:149,25,0,0
BRDA:149,25,1,0
BRDA:161,26,0,0
BRDA:161,26,1,0
BRDA:161,27,0,0
BRDA:161,27,1,0
BRDA:186,28,0,0
BRDA:186,28,1,7
BRDA:186,29,0,7
BRDA:186,29,1,5
BRDA:189,30,0,0
BRDA:189,30,1,7
BRDA:190,31,0,1
BRDA:190,31,1,6
BRDA:202,32,0,0
BRDA:202,32,1,10
BRDA:203,33,0,0
BRDA:203,33,1,10
BRDA:214,34,0,0
BRDA:214,34,1,17
BRDA:214,35,0,17
BRDA:214,35,1,17
BRDA:216,36,0,11
BRDA:216,36,1,6
BRDA:218,37,0,6
BRDA:218,37,1,5
BRDA:218,38,0,11
BRDA:218,38,1,10
BRDA:224,39,0,6
BRDA:224,39,1,0
BRDA:226,40,0,6
BRDA:226,40,1,0
BRDA:226,41,0,6
BRDA:226,41,1,3
BRDA:239,42,0,10
BRDA:239,42,1,6
BRDA:240,43,0,0
BRDA:240,43,1,10
BRDA:240,44,0,10
BRDA:240,44,1,10
BRDA:240,44,2,4
BRDA:248,45,0,0
BRDA:248,45,1,2
BRDA:253,46,0,14
BRDA:253,46,1,0
BRDA:253,47,0,14
BRDA:253,47,1,12
BRDA:253,47,2,8
BRDA:257,48,0,0
BRDA:257,48,1,2
BRDA:264,49,0,10
BRDA:264,49,1,6
BRDA:265,50,0,10
BRDA:265,50,1,4
BRDA:266,51,0,8
BRDA:266,51,1,2
BRDA:266,52,0,10
BRDA:266,52,1,8
BRDA:274,53,0,3
BRDA:274,53,1,0
BRDA:276,54,0,0
BRDA:276,54,1,0
BRDA:281,55,0,0
BRDA:281,55,1,0
BRDA:281,55,2,0
BRDA:281,55,3,0
BRF:121
BRH:82
end_of_record
TN:
SF:src\core\algorithms\hubPortOrderOptimizer.ts
FN:24,optimizeHubPortOrder
FN:30,(anonymous_1)
FN:31,(anonymous_2)
FN:39,(anonymous_3)
FN:83,(anonymous_4)
FN:86,scoreOrder
FN:105,swap
FNF:7
FNH:0
FNDA:0,optimizeHubPortOrder
FNDA:0,(anonymous_1)
FNDA:0,(anonymous_2)
FNDA:0,(anonymous_3)
FNDA:0,(anonymous_4)
FNDA:0,scoreOrder
FNDA:0,swap
DA:28,0
DA:29,0
DA:30,0
DA:31,0
DA:34,0
DA:35,0
DA:36,0
DA:37,0
DA:39,0
DA:40,0
DA:52,0
DA:53,0
DA:54,0
DA:57,0
DA:58,0
DA:59,0
DA:60,0
DA:61,0
DA:62,0
DA:64,0
DA:69,0
DA:70,0
DA:71,0
DA:72,0
DA:73,0
DA:74,0
DA:76,0
DA:80,0
DA:83,0
DA:92,0
DA:93,0
DA:94,0
DA:95,0
DA:96,0
DA:97,0
DA:98,0
DA:99,0
DA:102,0
DA:106,0
DA:107,0
DA:108,0
LF:41
LH:0
BRDA:26,0,0,0
BRDA:28,1,0,0
BRDA:28,1,1,0
BRDA:30,2,0,0
BRDA:30,2,1,0
BRDA:30,2,2,0
BRDA:34,3,0,0
BRDA:34,3,1,0
BRDA:35,4,0,0
BRDA:35,4,1,0
BRDA:36,5,0,0
BRDA:36,5,1,0
BRDA:37,6,0,0
BRDA:37,6,1,0
BRDA:40,7,0,0
BRDA:40,7,1,0
BRDA:40,7,2,0
BRDA:40,7,3,0
BRDA:60,8,0,0
BRDA:60,8,1,0
BRDA:72,9,0,0
BRDA:72,9,1,0
BRDA:80,10,0,0
BRDA:80,10,1,0
BRDA:97,11,0,0
BRDA:97,11,1,0
BRDA:98,12,0,0
BRDA:98,12,1,0
BRDA:98,13,0,0
BRDA:98,13,1,0
BRDA:98,14,0,0
BRDA:98,14,1,0
BRDA:99,15,0,0
BRDA:99,15,1,0
BRF:34
BRH:0
end_of_record
TN:
SF:src\core\algorithms\manyToOneFanIn.ts
FN:17,refineManyToOneFanIn
FN:29,(anonymous_1)
FN:30,(anonymous_2)
FN:37,(anonymous_3)
FN:43,buildVerticalFanIn
FN:48,(anonymous_5)
FN:55,(anonymous_6)
FN:56,(anonymous_7)
FN:56,(anonymous_8)
FN:59,(anonymous_9)
FN:60,(anonymous_10)
FN:75,(anonymous_11)
FN:82,buildHorizontalFanIn
FN:87,(anonymous_13)
FN:94,(anonymous_14)
FN:95,(anonymous_15)
FN:95,(anonymous_16)
FN:98,(anonymous_17)
FN:99,(anonymous_18)
FN:114,(anonymous_19)
FN:121,buildPathToVerticalTrunk
FN:156,buildPathToHorizontalTrunk
FN:191,sourcePrefix
FN:214,sourceRectForEdge
FN:218,pointFacingJunction
FN:239,sourceAnchor
FN:243,inferVerticalEntryDirection
FN:253,(anonymous_27)
FN:258,inferHorizontalEntryDirection
FN:268,(anonymous_29)
FN:273,isCandidateAcceptable
FN:286,hitsObstacles
FN:293,(anonymous_32)
FN:300,segmentIntersectsRect
FN:321,sameRect
FN:328,simplifyOrthogonal
FN:351,isOrthogonal
FN:360,internalCrossings
FN:371,countCrossings
FN:381,segmentsCross
FN:401,pathLength
FN:409,median
FN:410,(anonymous_42)
FN:415,min
FN:419,max
FNF:45
FNH:40
FNDA:6,refineManyToOneFanIn
FNDA:14,(anonymous_1)
FNDA:14,(anonymous_2)
FNDA:12,(anonymous_3)
FNDA:6,buildVerticalFanIn
FNDA:14,(anonymous_5)
FNDA:11,(anonymous_6)
FNDA:11,(anonymous_7)
FNDA:11,(anonymous_8)
FNDA:11,(anonymous_9)
FNDA:11,(anonymous_10)
FNDA:9,(anonymous_11)
FNDA:2,buildHorizontalFanIn
FNDA:5,(anonymous_13)
FNDA:3,(anonymous_14)
FNDA:3,(anonymous_15)
FNDA:3,(anonymous_16)
FNDA:3,(anonymous_17)
FNDA:3,(anonymous_18)
FNDA:3,(anonymous_19)
FNDA:10,buildPathToVerticalTrunk
FNDA:3,buildPathToHorizontalTrunk
FNDA:13,sourcePrefix
FNDA:13,sourceRectForEdge
FNDA:13,pointFacingJunction
FNDA:0,sourceAnchor
FNDA:5,inferVerticalEntryDirection
FNDA:0,(anonymous_27)
FNDA:1,inferHorizontalEntryDirection
FNDA:0,(anonymous_29)
FNDA:13,isCandidateAcceptable
FNDA:13,hitsObstacles
FNDA:0,(anonymous_32)
FNDA:2,segmentIntersectsRect
FNDA:0,sameRect
FNDA:13,simplifyOrthogonal
FNDA:13,isOrthogonal
FNDA:10,internalCrossings
FNDA:18,countCrossings
FNDA:138,segmentsCross
FNDA:26,pathLength
FNDA:12,median
FNDA:16,(anonymous_42)
FNDA:6,min
FNDA:6,max
DA:15,2
DA:22,6
DA:24,6
DA:25,6
DA:27,6
DA:28,6
DA:29,14
DA:30,14
DA:31,6
DA:33,6
DA:35,6
DA:37,12
DA:40,6
DA:48,6
DA:49,14
DA:50,14
DA:51,14
DA:53,6
DA:55,11
DA:56,11
DA:57,5
DA:59,11
DA:60,11
DA:61,5
DA:62,5
DA:64,5
DA:65,5
DA:66,5
DA:68,5
DA:69,10
DA:70,10
DA:71,10
DA:72,9
DA:75,9
DA:76,0
DA:79,4
DA:87,2
DA:88,5
DA:89,5
DA:90,5
DA:92,2
DA:94,3
DA:95,3
DA:96,1
DA:98,3
DA:99,3
DA:100,1
DA:101,1
DA:103,1
DA:104,1
DA:105,1
DA:107,1
DA:108,3
DA:109,3
DA:110,3
DA:111,3
DA:114,3
DA:115,0
DA:118,1
DA:129,10
DA:130,10
DA:131,10
DA:132,10
DA:133,10
DA:135,10
DA:136,1
DA:137,1
DA:139,9
DA:140,9
DA:142,9
DA:143,6
DA:145,3
DA:149,10
DA:150,10
DA:153,10
DA:164,3
DA:165,3
DA:166,3
DA:167,3
DA:168,3
DA:170,3
DA:171,0
DA:172,0
DA:174,3
DA:175,3
DA:177,3
DA:178,2
DA:180,1
DA:184,3
DA:185,3
DA:188,3
DA:197,13
DA:198,13
DA:199,13
DA:200,13
DA:203,13
DA:204,8
DA:205,8
DA:206,8
DA:207,8
DA:209,7
DA:211,12
DA:215,13
DA:219,13
DA:221,1
DA:222,1
DA:223,1
DA:224,1
DA:226,1
DA:227,1
DA:233,0
DA:240,0
DA:244,5
DA:245,5
DA:246,11
DA:247,11
DA:248,11
DA:249,11
DA:251,5
DA:253,0
DA:254,0
DA:255,0
DA:259,1
DA:260,1
DA:261,3
DA:262,3
DA:263,3
DA:264,3
DA:266,1
DA:268,0
DA:269,0
DA:270,0
DA:280,13
DA:281,13
DA:282,13
DA:283,12
DA:287,13
DA:288,13
DA:289,1
DA:291,13
DA:292,2
DA:293,2
DA:294,2
DA:297,1
DA:301,2
DA:302,2
DA:303,2
DA:304,2
DA:306,2
DA:307,1
DA:308,1
DA:309,0
DA:312,1
DA:313,1
DA:314,1
DA:315,1
DA:318,0
DA:322,0
DA:329,13
DA:330,13
DA:331,55
DA:332,55
DA:333,55
DA:337,13
DA:338,13
DA:339,13
DA:340,29
DA:341,29
DA:342,29
DA:343,29
DA:344,29
DA:345,29
DA:347,13
DA:348,13
DA:352,13
DA:353,31
DA:354,0
DA:357,13
DA:361,10
DA:362,10
DA:363,10
DA:364,24
DA:365,18
DA:368,10
DA:372,18
DA:373,18
DA:374,58
DA:375,138
DA:378,18
DA:382,138
DA:383,138
DA:384,138
DA:386,59
DA:387,138
DA:388,138
DA:389,138
DA:390,138
DA:391,138
DA:392,138
DA:393,138
DA:394,138
DA:395,138
DA:397,138
DA:398,1
DA:402,26
DA:403,26
DA:404,74
DA:406,26
DA:410,16
DA:411,12
DA:412,12
DA:416,6
DA:420,6
LF:213
LH:197
BRDA:20,0,0,6
BRDA:22,1,0,0
BRDA:22,1,1,6
BRDA:22,2,0,6
BRDA:22,2,1,6
BRDA:24,3,0,6
BRDA:24,3,1,0
BRDA:30,4,0,14
BRDA:30,4,1,14
BRDA:31,5,0,0
BRDA:31,5,1,6
BRDA:33,6,0,6
BRDA:33,6,1,2
BRDA:35,7,0,1
BRDA:35,7,1,5
BRDA:53,8,0,1
BRDA:53,8,1,5
BRDA:57,9,0,0
BRDA:57,9,1,5
BRDA:62,10,0,0
BRDA:62,10,1,5
BRDA:71,11,0,1
BRDA:71,11,1,9
BRDA:75,12,0,0
BRDA:75,12,1,4
BRDA:92,13,0,1
BRDA:92,13,1,1
BRDA:96,14,0,0
BRDA:96,14,1,1
BRDA:101,15,0,0
BRDA:101,15,1,1
BRDA:110,16,0,0
BRDA:110,16,1,3
BRDA:114,17,0,0
BRDA:114,17,1,1
BRDA:133,18,0,10
BRDA:133,18,1,7
BRDA:135,19,0,1
BRDA:135,19,1,9
BRDA:135,20,0,10
BRDA:135,20,1,1
BRDA:139,21,0,9
BRDA:139,21,1,0
BRDA:142,22,0,6
BRDA:142,22,1,3
BRDA:149,23,0,10
BRDA:149,23,1,0
BRDA:168,24,0,3
BRDA:168,24,1,2
BRDA:170,25,0,0
BRDA:170,25,1,3
BRDA:170,26,0,3
BRDA:170,26,1,0
BRDA:174,27,0,3
BRDA:174,27,1,0
BRDA:177,28,0,2
BRDA:177,28,1,1
BRDA:184,29,0,3
BRDA:184,29,1,0
BRDA:200,30,0,13
BRDA:200,30,1,13
BRDA:200,30,2,4
BRDA:200,30,3,12
BRDA:200,30,4,9
BRDA:203,31,0,8
BRDA:203,31,1,5
BRDA:203,32,0,13
BRDA:203,32,1,9
BRDA:204,33,0,8
BRDA:204,33,1,0
BRDA:207,34,0,1
BRDA:207,34,1,7
BRDA:219,35,0,12
BRDA:219,35,1,1
BRDA:219,36,0,13
BRDA:219,36,1,13
BRDA:226,37,0,1
BRDA:226,37,1,0
BRDA:228,38,0,1
BRDA:228,38,1,0
BRDA:235,39,0,0
BRDA:235,39,1,0
BRDA:240,40,0,0
BRDA:240,40,1,0
BRDA:249,41,0,11
BRDA:249,41,1,0
BRDA:251,42,0,5
BRDA:251,42,1,0
BRDA:255,43,0,0
BRDA:255,43,1,0
BRDA:264,44,0,3
BRDA:264,44,1,0
BRDA:266,45,0,1
BRDA:266,45,1,0
BRDA:270,46,0,0
BRDA:270,46,1,0
BRDA:280,47,0,0
BRDA:280,47,1,13
BRDA:280,48,0,13
BRDA:280,48,1,13
BRDA:281,49,0,0
BRDA:281,49,1,13
BRDA:282,50,0,1
BRDA:282,50,1,12
BRDA:287,51,0,13
BRDA:287,51,1,12
BRDA:288,52,0,12
BRDA:288,52,1,1
BRDA:289,53,0,1
BRDA:289,53,1,1
BRDA:293,54,0,0
BRDA:293,54,1,2
BRDA:294,55,0,1
BRDA:294,55,1,1
BRDA:306,56,0,1
BRDA:306,56,1,1
BRDA:308,57,0,1
BRDA:308,57,1,0
BRDA:308,58,0,1
BRDA:308,58,1,0
BRDA:312,59,0,1
BRDA:312,59,1,0
BRDA:314,60,0,0
BRDA:314,60,1,1
BRDA:314,61,0,1
BRDA:314,61,1,1
BRDA:322,62,0,0
BRDA:322,62,1,0
BRDA:322,62,2,0
BRDA:322,62,3,0
BRDA:332,63,0,55
BRDA:332,63,1,0
BRDA:332,64,0,55
BRDA:332,64,1,42
BRDA:332,64,2,27
BRDA:337,65,0,0
BRDA:337,65,1,13
BRDA:343,66,0,29
BRDA:343,66,1,17
BRDA:344,67,0,29
BRDA:344,67,1,12
BRDA:345,68,0,18
BRDA:345,68,1,11
BRDA:345,69,0,29
BRDA:345,69,1,21
BRDA:353,70,0,0
BRDA:353,70,1,31
BRDA:353,71,0,31
BRDA:353,71,1,12
BRDA:375,72,0,1
BRDA:375,72,1,137
BRDA:384,73,0,79
BRDA:384,73,1,59
BRDA:386,74,0,32
BRDA:386,74,1,27
BRDA:387,75,0,32
BRDA:387,75,1,27
BRDA:388,76,0,32
BRDA:388,76,1,27
BRDA:389,77,0,32
BRDA:389,77,1,27
BRDA:397,78,0,58
BRDA:397,78,1,80
BRDA:397,79,0,138
BRDA:397,79,1,39
BRDA:397,79,2,12
BRDA:397,79,3,7
BRDA:412,80,0,8
BRDA:412,80,1,4
BRF:169
BRH:124
end_of_record
TN:
SF:src\core\algorithms\orthogonalWaypointRefiner.ts
FN:49,refineOrthogonalWaypoints
FN:56,refineOrthogonalWaypointsDetailed
FN:79,(anonymous_2)
FN:80,(anonymous_3)
FN:86,(anonymous_4)
FN:95,(anonymous_5)
FN:96,(anonymous_6)
FN:106,(anonymous_7)
FN:133,(anonymous_8)
FN:134,(anonymous_9)
FN:136,(anonymous_10)
FN:212,(anonymous_11)
FN:220,rerouteWorstEdges
FN:237,(anonymous_13)
FN:238,(anonymous_14)
FN:239,(anonymous_15)
FN:272,getDefaultMaxRerouteEdges
FN:279,getDefaultMaxPasses
FN:286,getDefaultMaxEdgesPerPass
FN:293,getDefaultMaxRerouteCandidates
FN:300,getDefaultMaxSegmentShiftCandidates
FN:319,getProtectedTrunkLocks
FN:327,summarizeScore
FN:339,findLowerScoreVariant
FN:382,(anonymous_24)
FN:420,findObstacleAwareDoglegCompaction
FN:451,(anonymous_26)
FN:452,(anonymous_27)
FN:457,(anonymous_28)
FN:458,(anonymous_29)
FN:546,findWrongSideDoglegCompaction
FN:676,findOuterLaneReroute
FN:704,(anonymous_32)
FN:705,(anonymous_33)
FN:747,getDominantVerticalAxis
FN:763,getParallelVerticalClearance
FN:786,rangesOverlap
FN:790,pathIntroducesObstacleHit
FN:804,collectHitObstacleIndexes
FN:818,isScoreNoWorse
FN:830,hasCompressibleDoglegs
FN:838,hasCompressibleDogleg
FN:853,touchesProtectedTrunkJunction
FN:861,buildEndpointLocks
FN:868,preservesProtectedTrunkJunctions
FN:884,findLowerScoreReroute
FN:944,mergeCandidateAxes
FN:954,buildRouteAwareAxes
FN:962,(anonymous_48)
FN:963,(anonymous_49)
FN:964,(anonymous_50)
FN:965,(anonymous_51)
FN:1010,buildPathAxes
FN:1025,preservesEndpointDirections
FN:1041,isStrictlyOrthogonalPath
FN:1053,getFirstDirection
FN:1061,getLastDirection
FN:1069,buildRerouteCandidates
FN:1190,(anonymous_58)
FN:1192,(anonymous_59)
FN:1196,(anonymous_60)
FN:1200,buildStartEscapePoints
FN:1208,(anonymous_62)
FN:1211,buildEndApproachPoints
FN:1219,(anonymous_64)
FN:1222,candidatePathLength
FN:1226,pointAlongDirection
FN:1235,oppositeDirection
FN:1244,isHorizontalDirection
FN:1248,uniquePoints
FN:1250,(anonymous_70)
FN:1258,clonePoint
FN:1262,samePoint
FN:1266,samePath
FN:1268,(anonymous_74)
FN:1271,selectNearAxes
FN:1280,(anonymous_76)
FN:1284,getCrossingAwareAxisValues
FN:1342,getDoglegShrinkAxisValues
FN:1357,(anonymous_79)
FN:1407,getDoglegCompactionAxisValues
FN:1420,(anonymous_81)
FN:1424,(anonymous_82)
FN:1426,(anonymous_83)
FN:1447,getCandidateAxisValues
FN:1449,(anonymous_85)
FN:1450,(anonymous_86)
FN:1463,(anonymous_87)
FNF:88
FNH:83
FNDA:0,refineOrthogonalWaypoints
FNDA:11,refineOrthogonalWaypointsDetailed
FNDA:5,(anonymous_2)
FNDA:9,(anonymous_3)
FNDA:9,(anonymous_4)
FNDA:31,(anonymous_5)
FNDA:162,(anonymous_6)
FNDA:11,(anonymous_7)
FNDA:39,(anonymous_8)
FNDA:18,(anonymous_9)
FNDA:9,(anonymous_10)
FNDA:3,(anonymous_11)
FNDA:2,rerouteWorstEdges
FNDA:15,(anonymous_13)
FNDA:6,(anonymous_14)
FNDA:7,(anonymous_15)
FNDA:2,getDefaultMaxRerouteEdges
FNDA:11,getDefaultMaxPasses
FNDA:11,getDefaultMaxEdgesPerPass
FNDA:2,getDefaultMaxRerouteCandidates
FNDA:11,getDefaultMaxSegmentShiftCandidates
FNDA:45,getProtectedTrunkLocks
FNDA:22,summarizeScore
FNDA:16,findLowerScoreVariant
FNDA:3732,(anonymous_24)
FNDA:9,findObstacleAwareDoglegCompaction
FNDA:4,(anonymous_26)
FNDA:4,(anonymous_27)
FNDA:6,(anonymous_28)
FNDA:0,(anonymous_29)
FNDA:8,findWrongSideDoglegCompaction
FNDA:6,findOuterLaneReroute
FNDA:6,(anonymous_32)
FNDA:0,(anonymous_33)
FNDA:13,getDominantVerticalAxis
FNDA:28,getParallelVerticalClearance
FNDA:175,rangesOverlap
FNDA:276,pathIntroducesObstacleHit
FNDA:16,collectHitObstacleIndexes
FNDA:388,isScoreNoWorse
FNDA:0,hasCompressibleDoglegs
FNDA:0,hasCompressibleDogleg
FNDA:92,touchesProtectedTrunkJunction
FNDA:6,buildEndpointLocks
FNDA:572,preservesProtectedTrunkJunctions
FNDA:6,findLowerScoreReroute
FNDA:12,mergeCandidateAxes
FNDA:6,buildRouteAwareAxes
FNDA:46,(anonymous_48)
FNDA:46,(anonymous_49)
FNDA:46,(anonymous_50)
FNDA:46,(anonymous_51)
FNDA:6,buildPathAxes
FNDA:785,preservesEndpointDirections
FNDA:980,isStrictlyOrthogonalPath
FNDA:822,getFirstDirection
FNDA:693,getLastDirection
FNDA:6,buildRerouteCandidates
FNDA:520,(anonymous_58)
FNDA:2664,(anonymous_59)
FNDA:2147,(anonymous_60)
FNDA:6,buildStartEscapePoints
FNDA:12,(anonymous_62)
FNDA:6,buildEndApproachPoints
FNDA:6,(anonymous_64)
FNDA:4294,candidatePathLength
FNDA:18,pointAlongDirection
FNDA:6,oppositeDirection
FNDA:15,isHorizontalDirection
FNDA:6,uniquePoints
FNDA:18,(anonymous_70)
FNDA:12,clonePoint
FNDA:2620,samePoint
FNDA:980,samePath
FNDA:2347,(anonymous_74)
FNDA:12,selectNearAxes
FNDA:1998,(anonymous_76)
FNDA:33,getCrossingAwareAxisValues
FNDA:33,getDoglegShrinkAxisValues
FNDA:19,(anonymous_79)
FNDA:33,getDoglegCompactionAxisValues
FNDA:20,(anonymous_81)
FNDA:16,(anonymous_82)
FNDA:4,(anonymous_83)
FNDA:33,getCandidateAxisValues
FNDA:462,(anonymous_85)
FNDA:62,(anonymous_86)
FNDA:1555,(anonymous_87)
DA:53,0
DA:60,11
DA:61,0
DA:62,0
DA:77,11
DA:78,11
DA:79,11
DA:80,5
DA:81,9
DA:82,9
DA:86,11
DA:87,11
DA:88,11
DA:94,11
DA:95,11
DA:96,162
DA:99,11
DA:100,11
DA:101,11
DA:102,11
DA:103,11
DA:104,11
DA:106,11
DA:119,11
DA:121,11
DA:122,11
DA:124,11
DA:126,11
DA:127,12
DA:128,12
DA:132,12
DA:133,39
DA:134,18
DA:136,9
DA:138,12
DA:139,18
DA:140,18
DA:141,16
DA:142,16
DA:143,16
DA:145,16
DA:158,18
DA:187,18
DA:188,11
DA:189,11
DA:190,11
DA:191,11
DA:192,11
DA:195,12
DA:198,12
DA:199,2
DA:211,2
DA:212,3
DA:213,2
DA:214,2
DA:217,11
DA:236,2
DA:237,15
DA:238,6
DA:239,7
DA:242,2
DA:243,2
DA:244,2
DA:245,2
DA:246,6
DA:247,6
DA:248,6
DA:250,6
DA:263,6
DA:264,3
DA:265,3
DA:266,3
DA:269,2
DA:273,2
DA:274,2
DA:275,2
DA:276,2
DA:280,11
DA:281,11
DA:282,11
DA:283,11
DA:287,11
DA:288,11
DA:289,11
DA:290,11
DA:294,2
DA:295,2
DA:296,2
DA:297,2
DA:301,11
DA:302,11
DA:303,11
DA:304,11
DA:320,45
DA:321,28
DA:328,22
DA:352,16
DA:353,16
DA:354,16
DA:355,16
DA:356,16
DA:358,16
DA:359,16
DA:360,54
DA:361,46
DA:362,46
DA:363,46
DA:364,46
DA:365,46
DA:367,33
DA:368,54
DA:379,54
DA:380,505
DA:382,3732
DA:383,505
DA:384,251
DA:385,251
DA:387,254
DA:388,254
DA:391,505
DA:392,505
DA:393,505
DA:394,505
DA:395,310
DA:396,255
DA:397,254
DA:398,234
DA:399,134
DA:401,134
DA:402,134
DA:403,134
DA:404,134
DA:405,134
DA:406,134
DA:407,134
DA:409,505
DA:411,68
DA:412,31
DA:417,54
DA:430,9
DA:432,9
DA:433,9
DA:434,9
DA:436,1
DA:437,1
DA:438,5
DA:439,5
DA:440,5
DA:441,2
DA:444,1
DA:446,1
DA:447,1
DA:448,1
DA:449,1
DA:451,4
DA:452,4
DA:453,1
DA:454,1
DA:456,1
DA:457,6
DA:458,0
DA:459,9
DA:460,9
DA:461,9
DA:463,1
DA:464,1
DA:465,1
DA:466,1
DA:467,1
DA:468,1
DA:469,1
DA:470,1
DA:472,1
DA:473,3
DA:474,3
DA:475,3
DA:477,1
DA:478,1
DA:480,1
DA:482,0
DA:484,0
DA:488,1
DA:492,9
DA:493,9
DA:494,5
DA:495,5
DA:497,5
DA:506,5
DA:507,5
DA:509,5
DA:511,5
DA:512,0
DA:513,0
DA:514,0
DA:516,0
DA:519,5
DA:520,5
DA:521,5
DA:522,5
DA:523,5
DA:525,3
DA:526,3
DA:528,3
DA:529,3
DA:530,3
DA:531,3
DA:536,5
DA:538,3
DA:539,1
DA:543,1
DA:556,8
DA:558,8
DA:559,8
DA:560,8
DA:561,8
DA:562,8
DA:563,8
DA:565,8
DA:566,8
DA:567,8
DA:568,8
DA:569,8
DA:571,8
DA:572,38
DA:574,32
DA:575,32
DA:576,32
DA:578,11
DA:579,11
DA:580,11
DA:581,11
DA:583,2
DA:584,38
DA:585,38
DA:586,38
DA:587,38
DA:588,38
DA:589,38
DA:591,38
DA:592,3
DA:593,1
DA:594,1
DA:596,1
DA:598,0
DA:600,0
DA:604,2
DA:626,38
DA:627,16
DA:628,16
DA:630,16
DA:639,16
DA:640,16
DA:641,16
DA:642,16
DA:643,16
DA:645,16
DA:646,16
DA:648,16
DA:649,16
DA:650,16
DA:651,16
DA:657,16
DA:659,15
DA:660,15
DA:664,16
DA:668,5
DA:673,8
DA:686,6
DA:687,6
DA:689,6
DA:690,6
DA:691,6
DA:692,6
DA:693,6
DA:696,6
DA:698,6
DA:700,1
DA:701,1
DA:702,1
DA:703,6
DA:704,6
DA:705,0
DA:706,6
DA:707,1
DA:709,1
DA:716,1
DA:717,1
DA:718,1
DA:719,1
DA:721,1
DA:722,0
DA:724,0
DA:726,1
DA:727,0
DA:728,0
DA:729,0
DA:731,0
DA:734,1
DA:735,1
DA:736,1
DA:737,1
DA:739,1
DA:740,1
DA:741,1
DA:742,1
DA:744,1
DA:748,13
DA:749,13
DA:750,13
DA:751,65
DA:752,65
DA:753,65
DA:754,39
DA:755,39
DA:756,26
DA:757,26
DA:760,13
DA:770,28
DA:771,28
DA:772,119
DA:773,91
DA:774,481
DA:775,481
DA:776,481
DA:777,169
DA:778,169
DA:779,169
DA:780,130
DA:783,28
DA:787,175
DA:791,276
DA:792,1345
DA:793,1345
DA:794,1345
DA:795,190
DA:796,64
DA:797,2
DA:801,274
DA:805,16
DA:806,16
DA:807,104
DA:808,104
DA:809,104
DA:810,60
DA:811,8
DA:815,16
DA:822,388
DA:831,0
DA:832,0
DA:833,0
DA:835,0
DA:839,0
DA:840,0
DA:841,0
DA:842,0
DA:843,0
DA:844,0
DA:845,0
DA:846,0
DA:847,0
DA:850,0
DA:856,92
DA:857,86
DA:858,78
DA:862,6
DA:873,572
DA:874,142
DA:875,142
DA:877,547
DA:878,131
DA:879,131
DA:881,526
DA:896,6
DA:897,6
DA:898,6
DA:899,6
DA:900,6
DA:901,6
DA:902,6
DA:903,6
DA:904,6
DA:914,6
DA:916,6
DA:917,453
DA:918,453
DA:919,453
DA:920,453
DA:921,453
DA:922,317
DA:923,272
DA:924,272
DA:925,272
DA:926,254
DA:928,254
DA:929,254
DA:930,254
DA:931,254
DA:932,254
DA:934,453
DA:936,90
DA:937,4
DA:941,6
DA:948,12
DA:960,6
DA:961,6
DA:962,46
DA:963,46
DA:964,46
DA:965,46
DA:967,6
DA:968,43
DA:969,37
DA:970,175
DA:971,175
DA:972,175
DA:973,175
DA:974,175
DA:975,67
DA:976,67
DA:977,67
DA:978,67
DA:979,49
DA:980,49
DA:981,49
DA:982,49
DA:983,49
DA:984,49
DA:985,49
DA:986,49
DA:987,108
DA:988,54
DA:989,54
DA:990,54
DA:991,54
DA:992,41
DA:993,41
DA:994,41
DA:995,41
DA:996,41
DA:997,41
DA:998,41
DA:999,41
DA:1004,6
DA:1011,6
DA:1012,6
DA:1013,6
DA:1014,40
DA:1015,40
DA:1016,40
DA:1017,14
DA:1018,26
DA:1019,11
DA:1022,6
DA:1030,785
DA:1031,785
DA:1032,785
DA:1034,656
DA:1035,656
DA:1036,656
DA:1038,594
DA:1042,980
DA:1043,3774
DA:1044,3774
DA:1045,3774
DA:1046,3774
DA:1047,3774
DA:1048,3774
DA:1050,785
DA:1054,822
DA:1055,822
DA:1056,822
DA:1058,0
DA:1062,693
DA:1063,693
DA:1064,693
DA:1066,0
DA:1079,6
DA:1080,6
DA:1081,6
DA:1082,6
DA:1083,6
DA:1084,6
DA:1085,6
DA:1086,6
DA:1087,6
DA:1090,6
DA:1091,6
DA:1094,6
DA:1102,6
DA:1111,6
DA:1112,96
DA:1114,6
DA:1115,96
DA:1118,6
DA:1119,6
DA:1120,6
DA:1121,6
DA:1123,6
DA:1124,6
DA:1125,4
DA:1126,8
DA:1127,10
DA:1128,160
DA:1129,160
DA:1130,157
DA:1141,2
DA:1142,1
DA:1143,3
DA:1144,9
DA:1145,144
DA:1146,144
DA:1147,144
DA:1158,1
DA:1159,0
DA:1160,0
DA:1161,0
DA:1171,1
DA:1172,3
DA:1173,3
DA:1186,6
DA:1187,6
DA:1189,6
DA:1190,6
DA:1191,520
DA:1192,2664
DA:1193,520
DA:1194,503
DA:1195,503
DA:1196,2147
DA:1206,6
DA:1207,4
DA:1208,12
DA:1217,6
DA:1218,2
DA:1219,6
DA:1223,4294
DA:1227,18
DA:1228,0
DA:1229,9
DA:1230,3
DA:1231,6
DA:1236,6
DA:1237,3
DA:1238,0
DA:1239,0
DA:1240,3
DA:1245,15
DA:1249,6
DA:1250,6
DA:1251,18
DA:1252,18
DA:1253,18
DA:1254,18
DA:1259,12
DA:1263,2620
DA:1267,980
DA:1268,2347
DA:1272,12
DA:1273,12
DA:1274,12
DA:1275,12
DA:1276,522
DA:1278,12
DA:1279,12
DA:1280,1998
DA:1293,33
DA:1294,33
DA:1295,33
DA:1296,33
DA:1297,33
DA:1298,33
DA:1300,33
DA:1301,146
DA:1302,113
DA:1303,549
DA:1304,549
DA:1305,549
DA:1306,549
DA:1307,549
DA:1308,79
DA:1309,79
DA:1310,79
DA:1311,79
DA:1312,11
DA:1313,11
DA:1315,470
DA:1316,98
DA:1317,98
DA:1318,98
DA:1319,98
DA:1320,5
DA:1321,5
DA:1327,33
DA:1328,1
DA:1329,1
DA:1330,1
DA:1331,1
DA:1333,0
DA:1334,0
DA:1335,0
DA:1339,33
DA:1350,33
DA:1351,33
DA:1352,33
DA:1353,33
DA:1354,33
DA:1355,33
DA:1357,33
DA:1358,19
DA:1359,19
DA:1362,19
DA:1364,6
DA:1365,19
DA:1366,19
DA:1369,33
DA:1370,146
DA:1372,113
DA:1373,549
DA:1374,549
DA:1375,549
DA:1376,549
DA:1378,549
DA:1379,88
DA:1380,88
DA:1381,88
DA:1383,88
DA:1384,9
DA:1386,88
DA:1387,4
DA:1389,461
DA:1390,72
DA:1391,72
DA:1392,72
DA:1394,72
DA:1395,3
DA:1397,72
DA:1398,3
DA:1404,33
DA:1413,33
DA:1414,33
DA:1415,33
DA:1416,33
DA:1417,33
DA:1419,33
DA:1420,33
DA:1421,20
DA:1422,20
DA:1423,20
DA:1424,16
DA:1425,16
DA:1426,4
DA:1430,33
DA:1431,16
DA:1432,16
DA:1433,16
DA:1434,8
DA:1437,17
DA:1438,17
DA:1439,17
DA:1440,12
DA:1444,33
DA:1448,33
DA:1449,462
DA:1450,33
DA:1451,62
DA:1454,33
DA:1455,0
DA:1456,0
DA:1457,0
DA:1458,0
DA:1462,33
DA:1463,1555
LF:672
LH:624
BRDA:51,0,0,0
BRDA:58,1,0,11
BRDA:60,2,0,0
BRDA:60,2,1,11
BRDA:78,3,0,11
BRDA:78,3,1,5
BRDA:79,4,0,11
BRDA:79,4,1,8
BRDA:81,5,0,8
BRDA:81,5,1,1
BRDA:86,6,0,11
BRDA:86,6,1,8
BRDA:86,7,0,9
BRDA:86,7,1,9
BRDA:86,7,2,9
BRDA:87,8,0,11
BRDA:87,8,1,0
BRDA:119,9,0,0
BRDA:119,9,1,11
BRDA:119,10,0,11
BRDA:119,10,1,0
BRDA:121,11,0,11
BRDA:121,11,1,0
BRDA:122,12,0,11
BRDA:122,12,1,11
BRDA:124,13,0,11
BRDA:124,13,1,11
BRDA:126,14,0,11
BRDA:126,14,1,12
BRDA:126,14,2,0
BRDA:134,15,0,18
BRDA:134,15,1,0
BRDA:134,16,0,18
BRDA:134,16,1,0
BRDA:136,17,0,9
BRDA:136,17,1,0
BRDA:136,18,0,9
BRDA:136,18,1,0
BRDA:140,19,0,2
BRDA:140,19,1,16
BRDA:140,20,0,18
BRDA:140,20,1,18
BRDA:143,21,0,0
BRDA:143,21,1,16
BRDA:151,22,0,16
BRDA:151,22,1,15
BRDA:158,23,0,18
BRDA:158,23,1,9
BRDA:158,23,2,8
BRDA:158,23,3,6
BRDA:187,24,0,5
BRDA:187,24,1,13
BRDA:195,25,0,1
BRDA:195,25,1,11
BRDA:198,26,0,2
BRDA:198,26,1,10
BRDA:198,27,0,12
BRDA:198,27,1,2
BRDA:208,28,0,2
BRDA:208,28,1,0
BRDA:209,29,0,2
BRDA:209,29,1,2
BRDA:238,30,0,6
BRDA:238,30,1,0
BRDA:239,31,0,7
BRDA:239,31,1,0
BRDA:239,32,0,7
BRDA:239,32,1,0
BRDA:247,33,0,0
BRDA:247,33,1,6
BRDA:247,34,0,6
BRDA:247,34,1,6
BRDA:247,34,2,6
BRDA:247,35,0,6
BRDA:247,35,1,0
BRDA:263,36,0,3
BRDA:263,36,1,3
BRDA:273,37,0,0
BRDA:273,37,1,2
BRDA:274,38,0,0
BRDA:274,38,1,2
BRDA:275,39,0,0
BRDA:275,39,1,2
BRDA:280,40,0,0
BRDA:280,40,1,11
BRDA:281,41,0,0
BRDA:281,41,1,11
BRDA:282,42,0,0
BRDA:282,42,1,11
BRDA:287,43,0,0
BRDA:287,43,1,11
BRDA:288,44,0,0
BRDA:288,44,1,11
BRDA:289,45,0,0
BRDA:289,45,1,11
BRDA:294,46,0,0
BRDA:294,46,1,2
BRDA:295,47,0,0
BRDA:295,47,1,2
BRDA:296,48,0,0
BRDA:296,48,1,2
BRDA:301,49,0,0
BRDA:301,49,1,11
BRDA:302,50,0,0
BRDA:302,50,1,11
BRDA:303,51,0,0
BRDA:303,51,1,11
BRDA:320,52,0,17
BRDA:320,52,1,28
BRDA:349,53,0,16
BRDA:350,54,0,16
BRDA:360,55,0,8
BRDA:360,55,1,46
BRDA:365,56,0,13
BRDA:365,56,1,33
BRDA:365,57,0,46
BRDA:365,57,1,29
BRDA:367,58,0,17
BRDA:367,58,1,16
BRDA:370,59,0,17
BRDA:370,59,1,16
BRDA:380,60,0,0
BRDA:380,60,1,505
BRDA:383,61,0,251
BRDA:383,61,1,254
BRDA:392,62,0,0
BRDA:392,62,1,505
BRDA:393,63,0,0
BRDA:393,63,1,505
BRDA:394,64,0,195
BRDA:394,64,1,310
BRDA:395,65,0,55
BRDA:395,65,1,255
BRDA:396,66,0,1
BRDA:396,66,1,254
BRDA:397,67,0,20
BRDA:397,67,1,234
BRDA:398,68,0,100
BRDA:398,68,1,134
BRDA:399,69,0,0
BRDA:399,69,1,134
BRDA:407,70,0,134
BRDA:407,70,1,121
BRDA:409,71,0,66
BRDA:409,71,1,439
BRDA:409,72,0,505
BRDA:409,72,1,77
BRDA:411,73,0,31
BRDA:411,73,1,37
BRDA:411,74,0,68
BRDA:411,74,1,61
BRDA:411,74,2,53
BRDA:411,74,3,44
BRDA:417,75,0,7
BRDA:417,75,1,9
BRDA:428,76,0,9
BRDA:430,77,0,0
BRDA:430,77,1,9
BRDA:434,78,0,8
BRDA:434,78,1,1
BRDA:440,79,0,2
BRDA:440,79,1,3
BRDA:440,80,0,5
BRDA:440,80,1,2
BRDA:444,81,0,0
BRDA:444,81,1,1
BRDA:452,82,0,2
BRDA:452,82,1,2
BRDA:454,83,0,0
BRDA:454,83,1,1
BRDA:454,84,0,1
BRDA:454,84,1,1
BRDA:456,85,0,1
BRDA:456,85,1,0
BRDA:461,86,0,0
BRDA:461,86,1,9
BRDA:475,87,0,2
BRDA:475,87,1,1
BRDA:477,88,0,1
BRDA:477,88,1,0
BRDA:478,89,0,1
BRDA:478,89,1,1
BRDA:480,90,0,1
BRDA:480,90,1,0
BRDA:482,91,0,0
BRDA:482,91,1,0
BRDA:484,92,0,0
BRDA:484,92,1,0
BRDA:488,93,0,1
BRDA:488,93,1,0
BRDA:494,94,0,0
BRDA:494,94,1,5
BRDA:494,95,0,5
BRDA:494,95,1,5
BRDA:494,95,2,5
BRDA:495,96,0,0
BRDA:495,96,1,5
BRDA:495,97,0,5
BRDA:495,97,1,0
BRDA:495,97,2,0
BRDA:506,98,0,5
BRDA:506,98,1,0
BRDA:506,99,0,5
BRDA:506,99,1,5
BRDA:507,100,0,5
BRDA:507,100,1,5
BRDA:509,101,0,0
BRDA:509,101,1,5
BRDA:511,102,0,0
BRDA:511,102,1,5
BRDA:511,103,0,5
BRDA:511,103,1,0
BRDA:514,104,0,0
BRDA:514,104,1,0
BRDA:516,105,0,0
BRDA:516,105,1,0
BRDA:519,106,0,0
BRDA:519,106,1,5
BRDA:520,107,0,0
BRDA:520,107,1,5
BRDA:521,108,0,0
BRDA:521,108,1,5
BRDA:522,109,0,0
BRDA:522,109,1,5
BRDA:523,110,0,2
BRDA:523,110,1,3
BRDA:526,111,0,0
BRDA:526,111,1,3
BRDA:531,112,0,3
BRDA:531,112,1,3
BRDA:531,112,2,3
BRDA:531,112,3,3
BRDA:531,112,4,3
BRDA:536,113,0,0
BRDA:536,113,1,5
BRDA:538,114,0,1
BRDA:538,114,1,2
BRDA:538,115,0,3
BRDA:538,115,1,2
BRDA:538,115,2,2
BRDA:538,115,3,0
BRDA:543,116,0,1
BRDA:543,116,1,0
BRDA:554,117,0,8
BRDA:556,118,0,0
BRDA:556,118,1,8
BRDA:563,119,0,0
BRDA:563,119,1,8
BRDA:572,120,0,6
BRDA:572,120,1,32
BRDA:576,121,0,21
BRDA:576,121,1,11
BRDA:576,122,0,32
BRDA:576,122,1,11
BRDA:581,123,0,9
BRDA:581,123,1,2
BRDA:581,124,0,11
BRDA:581,124,1,9
BRDA:583,125,0,2
BRDA:583,125,1,0
BRDA:589,126,0,2
BRDA:589,126,1,0
BRDA:592,127,0,2
BRDA:592,127,1,1
BRDA:593,128,0,1
BRDA:593,128,1,0
BRDA:594,129,0,1
BRDA:594,129,1,1
BRDA:596,130,0,1
BRDA:596,130,1,0
BRDA:598,131,0,0
BRDA:598,131,1,0
BRDA:600,132,0,0
BRDA:600,132,1,0
BRDA:604,133,0,2
BRDA:604,133,1,0
BRDA:627,134,0,0
BRDA:627,134,1,16
BRDA:627,135,0,16
BRDA:627,135,1,16
BRDA:628,136,0,0
BRDA:628,136,1,16
BRDA:639,137,0,0
BRDA:639,137,1,16
BRDA:640,138,0,0
BRDA:640,138,1,16
BRDA:641,139,0,0
BRDA:641,139,1,16
BRDA:642,140,0,0
BRDA:642,140,1,16
BRDA:643,141,0,0
BRDA:643,141,1,16
BRDA:646,142,0,0
BRDA:646,142,1,16
BRDA:651,143,0,16
BRDA:651,143,1,15
BRDA:651,143,2,15
BRDA:651,143,3,15
BRDA:651,143,4,15
BRDA:651,143,5,15
BRDA:657,144,0,1
BRDA:657,144,1,15
BRDA:660,145,0,13
BRDA:660,145,1,2
BRDA:664,146,0,5
BRDA:664,146,1,11
BRDA:664,147,0,16
BRDA:664,147,1,13
BRDA:664,147,2,13
BRDA:664,147,3,13
BRDA:664,147,4,12
BRDA:664,147,5,12
BRDA:664,147,6,12
BRDA:673,148,0,2
BRDA:673,148,1,6
BRDA:684,149,0,6
BRDA:686,150,0,0
BRDA:686,150,1,6
BRDA:687,151,0,0
BRDA:687,151,1,6
BRDA:687,152,0,6
BRDA:687,152,1,0
BRDA:693,153,0,0
BRDA:693,153,1,6
BRDA:693,154,0,6
BRDA:693,154,1,6
BRDA:696,155,0,6
BRDA:696,155,1,3
BRDA:696,155,2,5
BRDA:696,155,3,2
BRDA:698,156,0,5
BRDA:698,156,1,1
BRDA:702,157,0,1
BRDA:702,157,1,0
BRDA:703,158,0,1
BRDA:703,158,1,0
BRDA:706,159,0,0
BRDA:706,159,1,6
BRDA:706,160,0,6
BRDA:706,160,1,1
BRDA:707,161,0,0
BRDA:707,161,1,1
BRDA:707,162,0,1
BRDA:707,162,1,0
BRDA:716,163,0,0
BRDA:716,163,1,1
BRDA:717,164,0,0
BRDA:717,164,1,1
BRDA:718,165,0,0
BRDA:718,165,1,1
BRDA:719,166,0,0
BRDA:719,166,1,1
BRDA:721,167,0,0
BRDA:721,167,1,1
BRDA:721,168,0,1
BRDA:721,168,1,0
BRDA:722,169,0,0
BRDA:722,169,1,0
BRDA:724,170,0,0
BRDA:724,170,1,0
BRDA:726,171,0,0
BRDA:726,171,1,1
BRDA:726,172,0,1
BRDA:726,172,1,0
BRDA:729,173,0,0
BRDA:729,173,1,0
BRDA:731,174,0,0
BRDA:731,174,1,0
BRDA:736,175,0,0
BRDA:736,175,1,1
BRDA:737,176,0,0
BRDA:737,176,1,1
BRDA:742,177,0,0
BRDA:742,177,1,1
BRDA:748,178,0,13
BRDA:748,178,1,0
BRDA:753,179,0,26
BRDA:753,179,1,39
BRDA:755,180,0,26
BRDA:755,180,1,13
BRDA:772,181,0,28
BRDA:772,181,1,91
BRDA:776,182,0,312
BRDA:776,182,1,169
BRDA:779,183,0,39
BRDA:779,183,1,130
BRDA:783,184,0,13
BRDA:783,184,1,15
BRDA:787,185,0,175
BRDA:787,185,1,160
BRDA:795,186,0,126
BRDA:795,186,1,64
BRDA:796,187,0,2
BRDA:796,187,1,62
BRDA:810,188,0,8
BRDA:810,188,1,52
BRDA:822,189,0,388
BRDA:822,189,1,247
BRDA:822,189,2,228
BRDA:822,189,3,228
BRDA:822,189,4,226
BRDA:822,189,5,226
BRDA:832,190,0,0
BRDA:832,190,1,0
BRDA:832,191,0,0
BRDA:832,191,1,0
BRDA:833,192,0,0
BRDA:833,192,1,0
BRDA:839,193,0,0
BRDA:839,193,1,0
BRDA:839,194,0,0
BRDA:839,194,1,0
BRDA:845,195,0,0
BRDA:845,195,1,0
BRDA:845,196,0,0
BRDA:845,196,1,0
BRDA:846,197,0,0
BRDA:846,197,1,0
BRDA:856,198,0,6
BRDA:856,198,1,86
BRDA:856,199,0,92
BRDA:856,199,1,34
BRDA:857,200,0,8
BRDA:857,200,1,78
BRDA:857,201,0,86
BRDA:857,201,1,26
BRDA:863,202,0,2
BRDA:863,202,1,4
BRDA:863,203,0,6
BRDA:863,203,1,2
BRDA:864,204,0,4
BRDA:864,204,1,2
BRDA:864,205,0,6
BRDA:864,205,1,4
BRDA:873,206,0,142
BRDA:873,206,1,430
BRDA:874,207,0,0
BRDA:874,207,1,142
BRDA:874,208,0,142
BRDA:874,208,1,142
BRDA:875,209,0,25
BRDA:875,209,1,117
BRDA:877,210,0,131
BRDA:877,210,1,416
BRDA:878,211,0,0
BRDA:878,211,1,131
BRDA:878,212,0,131
BRDA:878,212,1,131
BRDA:879,213,0,21
BRDA:879,213,1,110
BRDA:893,214,0,6
BRDA:894,215,0,6
BRDA:918,216,0,0
BRDA:918,216,1,453
BRDA:919,217,0,0
BRDA:919,217,1,453
BRDA:920,218,0,0
BRDA:920,218,1,453
BRDA:921,219,0,136
BRDA:921,219,1,317
BRDA:922,220,0,45
BRDA:922,220,1,272
BRDA:925,221,0,18
BRDA:925,221,1,254
BRDA:926,222,0,0
BRDA:926,222,1,254
BRDA:932,223,0,254
BRDA:932,223,1,49
BRDA:934,224,0,164
BRDA:934,224,1,289
BRDA:934,225,0,453
BRDA:934,225,1,164
BRDA:936,226,0,4
BRDA:936,226,1,86
BRDA:936,227,0,90
BRDA:936,227,1,87
BRDA:936,227,2,86
BRDA:936,227,3,31
BRDA:941,228,0,3
BRDA:941,228,1,3
BRDA:949,229,0,12
BRDA:949,229,1,6
BRDA:950,230,0,12
BRDA:950,230,1,6
BRDA:968,231,0,6
BRDA:968,231,1,37
BRDA:974,232,0,67
BRDA:974,232,1,108
BRDA:978,233,0,18
BRDA:978,233,1,49
BRDA:978,234,0,67
BRDA:978,234,1,59
BRDA:978,234,2,53
BRDA:978,234,3,49
BRDA:987,235,0,54
BRDA:987,235,1,54
BRDA:991,236,0,13
BRDA:991,236,1,41
BRDA:991,237,0,54
BRDA:991,237,1,44
BRDA:991,237,2,42
BRDA:991,237,3,41
BRDA:1016,238,0,14
BRDA:1016,238,1,26
BRDA:1018,239,0,11
BRDA:1018,239,1,15
BRDA:1030,240,0,785
BRDA:1030,240,1,0
BRDA:1032,241,0,129
BRDA:1032,241,1,656
BRDA:1034,242,0,656
BRDA:1034,242,1,0
BRDA:1036,243,0,62
BRDA:1036,243,1,594
BRDA:1047,244,0,3774
BRDA:1047,244,1,1835
BRDA:1048,245,0,195
BRDA:1048,245,1,3579
BRDA:1048,246,0,3774
BRDA:1048,246,1,3774
BRDA:1048,246,2,2030
BRDA:1056,247,0,822
BRDA:1056,247,1,0
BRDA:1064,248,0,693
BRDA:1064,248,1,0
BRDA:1076,249,0,6
BRDA:1077,250,0,6
BRDA:1123,251,0,6
BRDA:1123,251,1,0
BRDA:1123,252,0,6
BRDA:1123,252,1,6
BRDA:1124,253,0,4
BRDA:1124,253,1,2
BRDA:1124,254,0,6
BRDA:1124,254,1,4
BRDA:1128,255,0,0
BRDA:1128,255,1,160
BRDA:1128,256,0,160
BRDA:1128,256,1,64
BRDA:1129,257,0,3
BRDA:1129,257,1,157
BRDA:1129,258,0,160
BRDA:1129,258,1,112
BRDA:1141,259,0,1
BRDA:1141,259,1,1
BRDA:1141,260,0,2
BRDA:1141,260,1,2
BRDA:1145,261,0,0
BRDA:1145,261,1,144
BRDA:1145,262,0,144
BRDA:1145,262,1,0
BRDA:1146,263,0,0
BRDA:1146,263,1,144
BRDA:1146,264,0,144
BRDA:1146,264,1,0
BRDA:1158,265,0,0
BRDA:1158,265,1,1
BRDA:1158,266,0,1
BRDA:1158,266,1,0
BRDA:1193,267,0,17
BRDA:1193,267,1,503
BRDA:1206,268,0,2
BRDA:1206,268,1,4
BRDA:1207,269,0,0
BRDA:1207,269,1,4
BRDA:1217,270,0,4
BRDA:1217,270,1,2
BRDA:1218,271,0,0
BRDA:1218,271,1,2
BRDA:1227,272,0,0
BRDA:1227,272,1,9
BRDA:1227,272,2,3
BRDA:1227,272,3,6
BRDA:1236,273,0,3
BRDA:1236,273,1,0
BRDA:1236,273,2,0
BRDA:1236,273,3,3
BRDA:1245,274,0,15
BRDA:1245,274,1,10
BRDA:1252,275,0,0
BRDA:1252,275,1,18
BRDA:1262,276,0,2620
BRDA:1263,277,0,2620
BRDA:1263,277,1,2205
BRDA:1266,278,0,980
BRDA:1267,279,0,259
BRDA:1267,279,1,721
BRDA:1275,280,0,12
BRDA:1275,280,1,0
BRDA:1276,281,0,470
BRDA:1276,281,1,52
BRDA:1276,282,0,522
BRDA:1276,282,1,481
BRDA:1298,283,0,17
BRDA:1298,283,1,16
BRDA:1301,284,0,33
BRDA:1301,284,1,113
BRDA:1307,285,0,79
BRDA:1307,285,1,470
BRDA:1307,286,0,549
BRDA:1307,286,1,243
BRDA:1311,287,0,11
BRDA:1311,287,1,68
BRDA:1311,288,0,79
BRDA:1311,288,1,62
BRDA:1311,288,2,31
BRDA:1311,288,3,25
BRDA:1315,289,0,98
BRDA:1315,289,1,372
BRDA:1315,290,0,470
BRDA:1315,290,1,306
BRDA:1319,291,0,5
BRDA:1319,291,1,93
BRDA:1319,292,0,98
BRDA:1319,292,1,55
BRDA:1319,292,2,29
BRDA:1319,292,3,18
BRDA:1328,293,0,1
BRDA:1328,293,1,0
BRDA:1329,294,0,1
BRDA:1329,294,1,0
BRDA:1329,295,0,1
BRDA:1329,295,1,1
BRDA:1329,295,2,1
BRDA:1329,295,3,1
BRDA:1333,296,0,0
BRDA:1333,296,1,0
BRDA:1333,297,0,0
BRDA:1333,297,1,0
BRDA:1333,297,2,0
BRDA:1333,297,3,0
BRDA:1355,298,0,0
BRDA:1355,298,1,33
BRDA:1355,299,0,33
BRDA:1355,299,1,33
BRDA:1359,300,0,8
BRDA:1359,300,1,11
BRDA:1360,301,0,8
BRDA:1360,301,1,5
BRDA:1361,302,0,11
BRDA:1361,302,1,9
BRDA:1362,303,0,13
BRDA:1362,303,1,6
BRDA:1364,304,0,4
BRDA:1364,304,1,2
BRDA:1366,305,0,4
BRDA:1366,305,1,2
BRDA:1370,306,0,33
BRDA:1370,306,1,113
BRDA:1378,307,0,88
BRDA:1378,307,1,461
BRDA:1378,308,0,549
BRDA:1378,308,1,306
BRDA:1383,309,0,9
BRDA:1383,309,1,79
BRDA:1383,310,0,88
BRDA:1383,310,1,19
BRDA:1383,310,2,12
BRDA:1386,311,0,4
BRDA:1386,311,1,84
BRDA:1386,312,0,88
BRDA:1386,312,1,19
BRDA:1386,312,2,17
BRDA:1389,313,0,72
BRDA:1389,313,1,389
BRDA:1389,314,0,461
BRDA:1389,314,1,243
BRDA:1394,315,0,3
BRDA:1394,315,1,69
BRDA:1394,316,0,72
BRDA:1394,316,1,20
BRDA:1394,316,2,20
BRDA:1397,317,0,3
BRDA:1397,317,1,69
BRDA:1397,318,0,72
BRDA:1397,318,1,20
BRDA:1397,318,2,10
BRDA:1417,319,0,0
BRDA:1417,319,1,33
BRDA:1417,320,0,33
BRDA:1417,320,1,33
BRDA:1423,321,0,4
BRDA:1423,321,1,16
BRDA:1425,322,0,1
BRDA:1425,322,1,15
BRDA:1430,323,0,16
BRDA:1430,323,1,17
BRDA:1433,324,0,8
BRDA:1433,324,1,8
BRDA:1433,325,0,16
BRDA:1433,325,1,8
BRDA:1439,326,0,12
BRDA:1439,326,1,5
BRDA:1439,327,0,17
BRDA:1439,327,1,12
BRDA:1447,328,0,33
BRDA:1451,329,0,52
BRDA:1451,329,1,10
BRDA:1454,330,0,33
BRDA:1454,330,1,33
BRDA:1455,331,0,0
BRDA:1455,331,1,0
BRF:702
BRH:532
end_of_record
TN:
SF:src\core\algorithms\pathfinding.ts
FN:45,setPathfindingConfig
FN:49,getPathfindingConfig
FN:84,(anonymous_2)
FN:90,(anonymous_3)
FN:103,(anonymous_4)
FN:114,(anonymous_5)
FN:118,(anonymous_6)
FN:130,(anonymous_7)
FN:153,(anonymous_8)
FN:163,isPointInRectangle
FN:173,isHLineIntersectingRect
FN:181,isVLineIntersectingRect
FN:189,areSegmentsCollinearAndOverlapping
FN:207,doLinesIntersect
FN:208,(anonymous_14)
FN:218,isPathBlocked
FN:219,(anonymous_16)
FN:337,generateSimplePath
FN:363,(anonymous_18)
FN:386,(anonymous_19)
FN:386,(anonymous_20)
FN:443,(anonymous_21)
FN:460,(anonymous_22)
FN:461,(anonymous_23)
FN:495,(anonymous_24)
FN:496,(anonymous_25)
FN:520,simplifyPath
FN:588,buildPathfindingGrid
FN:608,(anonymous_28)
FN:622,(anonymous_29)
FN:667,(anonymous_30)
FN:702,(anonymous_31)
FN:747,findPath
FN:765,(anonymous_33)
FN:916,(anonymous_34)
FN:921,(anonymous_35)
FN:930,(anonymous_36)
FN:947,(anonymous_37)
FN:955,(anonymous_38)
FN:1049,(anonymous_39)
FN:1112,(anonymous_40)
FN:1153,(anonymous_41)
FN:1347,(anonymous_42)
FN:1350,(anonymous_43)
FN:1560,optimizePath
FN:1569,(anonymous_45)
FN:1637,generateSmartCShapePath
FNF:47
FNH:38
FNDA:1,setPathfindingConfig
FNDA:1,getPathfindingConfig
FNDA:1,(anonymous_2)
FNDA:62,(anonymous_3)
FNDA:21,(anonymous_4)
FNDA:21,(anonymous_5)
FNDA:62,(anonymous_6)
FNDA:20,(anonymous_7)
FNDA:227,(anonymous_8)
FNDA:12,isPointInRectangle
FNDA:169,isHLineIntersectingRect
FNDA:37,isVLineIntersectingRect
FNDA:5,areSegmentsCollinearAndOverlapping
FNDA:13,doLinesIntersect
FNDA:26,(anonymous_14)
FNDA:169,isPathBlocked
FNDA:580,(anonymous_16)
FNDA:4,generateSimplePath
FNDA:37,(anonymous_18)
FNDA:0,(anonymous_19)
FNDA:0,(anonymous_20)
FNDA:2,(anonymous_21)
FNDA:20,(anonymous_22)
FNDA:38,(anonymous_23)
FNDA:6,(anonymous_24)
FNDA:0,(anonymous_25)
FNDA:2,simplifyPath
FNDA:1,buildPathfindingGrid
FNDA:4,(anonymous_28)
FNDA:1,(anonymous_29)
FNDA:6,(anonymous_30)
FNDA:1,(anonymous_31)
FNDA:4,findPath
FNDA:4,(anonymous_33)
FNDA:18,(anonymous_34)
FNDA:22,(anonymous_35)
FNDA:82,(anonymous_36)
FNDA:1,(anonymous_37)
FNDA:2,(anonymous_38)
FNDA:0,(anonymous_39)
FNDA:0,(anonymous_40)
FNDA:0,(anonymous_41)
FNDA:0,(anonymous_42)
FNDA:0,(anonymous_43)
FNDA:1,optimizePath
FNDA:11,(anonymous_45)
FNDA:0,generateSmartCShapePath
DA:37,9
DA:46,1
DA:50,1
DA:81,1
DA:85,1
DA:86,1
DA:87,1
DA:91,62
DA:93,0
DA:94,0
DA:95,0
DA:96,0
DA:97,0
DA:99,62
DA:100,62
DA:104,21
DA:105,21
DA:106,21
DA:107,21
DA:108,20
DA:109,20
DA:111,21
DA:115,21
DA:119,62
DA:120,189
DA:121,189
DA:122,164
DA:123,164
DA:125,25
DA:132,20
DA:133,20
DA:134,83
DA:135,83
DA:136,83
DA:138,83
DA:139,58
DA:141,83
DA:142,26
DA:144,83
DA:145,63
DA:146,63
DA:148,20
DA:154,227
DA:155,227
DA:156,227
DA:164,12
DA:174,169
DA:175,169
DA:176,169
DA:177,81
DA:178,47
DA:182,37
DA:183,37
DA:184,37
DA:185,4
DA:186,3
DA:190,5
DA:191,5
DA:192,5
DA:194,2
DA:195,2
DA:196,0
DA:197,0
DA:198,0
DA:200,0
DA:201,0
DA:202,0
DA:203,0
DA:208,13
DA:209,26
DA:211,13
DA:219,580
DA:221,169
DA:222,580
DA:223,580
DA:226,580
DA:228,0
DA:229,0
DA:230,0
DA:231,0
DA:232,0
DA:234,0
DA:236,0
DA:237,0
DA:238,0
DA:239,0
DA:241,0
DA:242,0
DA:243,0
DA:244,0
DA:248,0
DA:249,0
DA:251,0
DA:254,0
DA:255,0
DA:256,0
DA:257,0
DA:259,0
DA:260,0
DA:261,0
DA:262,0
DA:264,0
DA:267,0
DA:272,580
DA:273,328
DA:274,169
DA:275,169
DA:278,252
DA:279,249
DA:280,37
DA:281,37
DA:286,3
DA:287,2
DA:289,2
DA:292,2
DA:293,2
DA:294,2
DA:295,2
DA:297,2
DA:298,2
DA:299,2
DA:300,2
DA:302,2
DA:305,0
DA:311,530
DA:312,1
DA:314,5
DA:316,0
DA:321,119
DA:351,4
DA:360,4
DA:363,4
DA:364,37
DA:365,0
DA:366,0
DA:367,0
DA:368,0
DA:369,0
DA:370,0
DA:372,37
DA:373,0
DA:374,0
DA:375,0
DA:376,0
DA:377,0
DA:378,0
DA:379,0
DA:382,37
DA:383,37
[...]
BRDA:131,13,0,11
BRDA:131,13,1,2
BRDA:131,13,2,2
BRDA:131,13,3,2
BRDA:135,14,0,1
BRDA:135,14,1,5
BRDA:137,15,0,1
BRDA:137,15,1,4
BRDA:144,16,0,2
BRDA:144,16,1,40
BRDA:145,17,0,2
BRDA:145,17,1,1
BRDA:146,18,0,2
BRDA:146,18,1,0
BRDA:147,19,0,1
BRDA:147,19,1,1
BRDA:165,20,0,40
BRDA:165,20,1,8
BRDA:171,21,0,42
BRDA:171,21,1,12
BRDA:176,22,0,8
BRDA:176,22,1,32
BRDA:176,23,0,42
BRDA:176,23,1,8
BRDA:180,24,0,32
BRDA:180,24,1,0
BRDA:180,25,0,32
BRDA:180,25,1,32
BRDA:193,26,0,0
BRDA:193,26,1,40
BRDA:201,27,0,40
BRDA:201,27,1,0
BRDA:206,28,0,32
BRDA:206,28,1,8
BRDA:211,29,0,32
BRDA:211,29,1,0
BRDA:224,30,0,9
BRDA:224,30,1,23
BRDA:253,31,0,0
BRDA:253,31,1,32
BRDA:253,32,0,32
BRDA:253,32,1,32
BRDA:259,33,0,2
BRDA:259,33,1,30
BRDA:259,34,0,32
BRDA:259,34,1,4
BRDA:265,35,0,2
BRDA:265,35,1,4
BRDA:269,36,0,4
BRDA:269,36,1,3
BRDA:269,36,2,2
BRDA:269,36,3,2
BRDA:273,37,0,2
BRDA:273,37,1,2
BRDA:276,38,0,1
BRDA:276,38,1,1
BRDA:293,39,0,9
BRDA:293,39,1,23
BRDA:301,40,0,1
BRDA:301,40,1,49
BRDA:301,41,0,50
BRDA:301,41,1,13
BRDA:303,42,0,0
BRDA:303,42,1,1
BRDA:326,43,0,5
BRDA:326,43,1,3
BRDA:352,44,0,0
BRDA:352,44,1,8
BRDA:352,45,0,8
BRDA:352,45,1,8
BRDA:358,46,0,2
BRDA:358,46,1,6
BRDA:358,47,0,8
BRDA:358,47,1,2
BRDA:362,48,0,2
BRDA:362,48,1,4
BRDA:365,49,0,4
BRDA:365,49,1,3
BRDA:365,49,2,2
BRDA:365,49,3,2
BRDA:368,50,0,2
BRDA:368,50,1,2
BRDA:370,51,0,1
BRDA:370,51,1,1
BRDA:385,52,0,5
BRDA:385,52,1,3
BRDA:391,53,0,0
BRDA:391,53,1,8
BRDA:391,54,0,8
BRDA:391,54,1,0
BRDA:397,55,0,0
BRDA:397,55,1,9
BRDA:397,56,0,9
BRDA:397,56,1,5
BRDA:398,57,0,0
BRDA:398,57,1,0
BRDA:415,58,0,1
BRDA:415,58,1,40
BRDA:437,59,0,7
BRDA:461,60,0,11
BRDA:467,61,0,11
BRDA:467,61,1,0
BRDA:468,62,0,11
BRDA:468,62,1,0
BRDA:478,63,0,10
BRDA:478,63,1,1
BRDA:479,64,0,10
BRDA:479,64,1,1
BRDA:481,65,0,10
BRDA:481,65,1,1
BRDA:485,66,0,10
BRDA:485,66,1,1
BRDA:490,67,0,1
BRDA:490,67,1,10
BRDA:490,68,0,11
BRDA:490,68,1,1
BRDA:494,69,0,1
BRDA:494,69,1,9
BRDA:494,70,0,10
BRDA:494,70,1,10
BRDA:499,71,0,9
BRDA:499,71,1,0
BRDA:499,72,0,9
BRDA:499,72,1,9
BRDA:504,73,0,1
BRDA:504,73,1,8
BRDA:517,74,0,8
BRDA:517,74,1,0
BRDA:517,75,0,8
BRDA:517,75,1,8
BRDA:524,76,0,0
BRDA:524,76,1,0
BRDA:533,77,0,6
BRDA:533,77,1,2
BRDA:535,78,0,2
BRDA:535,78,1,4
BRDA:537,79,0,1
BRDA:537,79,1,3
BRDA:542,80,0,1
BRDA:542,80,1,1
BRDA:547,81,0,8
BRDA:547,81,1,0
BRDA:548,82,0,5
BRDA:548,82,1,3
BRDA:557,83,0,1
BRDA:557,83,1,2
BRDA:557,84,0,3
BRDA:557,84,1,2
BRDA:572,85,0,8
BRDA:572,85,1,0
BRDA:573,86,0,3
BRDA:573,86,1,5
BRDA:582,87,0,2
BRDA:582,87,1,3
BRDA:582,88,0,5
BRDA:582,88,1,4
BRF:181
BRH:160
end_of_record
TN:
SF:src\core\workers\core\VisibilityGraphRouter.ts
FN:29,(anonymous_0)
FN:53,(anonymous_1)
FN:60,(anonymous_2)
FN:121,(anonymous_3)
FN:134,(anonymous_4)
FN:148,(anonymous_5)
FN:155,(anonymous_6)
FN:162,(anonymous_7)
FNF:8
FNH:8
FNDA:6,(anonymous_0)
FNDA:6,(anonymous_1)
FNDA:6,(anonymous_2)
FNDA:3,(anonymous_3)
FNDA:3,(anonymous_4)
FNDA:1,(anonymous_5)
FNDA:1,(anonymous_6)
FNDA:1,(anonymous_7)
DA:20,2
DA:21,2
DA:30,6
DA:32,6
DA:33,6
DA:34,6
DA:60,6
DA:61,6
DA:67,6
DA:73,6
DA:78,6
DA:88,6
DA:89,3
DA:93,3
DA:94,2
DA:101,2
DA:104,1
DA:112,2
DA:113,2
DA:115,2
DA:122,3
DA:123,1
DA:126,2
DA:136,3
DA:137,3
DA:138,3
DA:142,0
DA:149,1
DA:156,1
DA:163,1
LF:30
LH:29
BRDA:73,0,0,1
BRDA:73,0,1,5
BRDA:88,1,0,3
BRDA:88,1,1,3
BRDA:93,2,0,2
BRDA:93,2,1,1
BRDA:101,3,0,1
BRDA:101,3,1,1
BRDA:122,4,0,1
BRDA:122,4,1,2
BRDA:137,5,0,3
BRDA:137,5,1,0
BRDA:137,6,0,3
BRDA:137,6,1,3
BRF:14
BRH:13
end_of_record
TN:
SF:src\core\workers\postprocessing\PathPostProcessor.ts
FN:56,(anonymous_0)
FN:67,(anonymous_1)
FN:79,(anonymous_2)
FN:81,(anonymous_3)
FN:91,(anonymous_4)
FN:159,(anonymous_5)
FN:163,(anonymous_6)
FNF:7
FNH:7
FNDA:1,(anonymous_0)
FNDA:5,(anonymous_1)
FNDA:9,(anonymous_2)
FNDA:41,(anonymous_3)
FNDA:2,(anonymous_4)
FNDA:10,(anonymous_5)
FNDA:9,(anonymous_6)
DA:57,1
DA:68,5
DA:69,0
DA:75,5
DA:76,5
DA:77,5
DA:79,5
DA:80,9
DA:81,41
DA:82,9
DA:83,32
DA:84,32
DA:85,32
DA:86,32
DA:88,9
DA:91,5
DA:92,2
DA:93,2
DA:94,12
DA:95,12
DA:96,12
DA:99,2
DA:102,5
DA:105,1
DA:107,1
DA:113,1
DA:116,1
DA:119,1
DA:120,1
DA:121,1
DA:123,1
DA:124,1
DA:125,1
DA:128,4
DA:129,2
DA:130,2
DA:131,2
DA:137,2
DA:138,2
DA:139,2
DA:142,2
DA:147,2
DA:148,2
DA:149,2
DA:150,2
DA:156,2
DA:157,2
DA:158,2
DA:159,2
DA:160,10
DA:163,2
DA:164,9
DA:165,5
DA:170,2
DA:174,2
DA:177,5
DA:179,5
DA:184,5
DA:186,5
DA:187,5
DA:190,5
DA:192,5
DA:193,5
DA:194,5
DA:196,5
DA:200,5
DA:201,2
DA:202,2
DA:204,2
DA:207,0
DA:208,2
DA:210,0
DA:211,2
DA:213,0
DA:220,2
DA:225,2
DA:230,2
DA:231,0
DA:232,0
DA:234,0
DA:235,0
DA:236,0
DA:237,0
DA:239,0
DA:241,0
DA:242,0
DA:243,0
DA:245,0
DA:248,0
DA:251,0
DA:252,0
DA:253,0
DA:255,0
DA:257,0
DA:258,0
DA:259,0
DA:260,0
DA:263,0
DA:264,0
DA:265,0
DA:266,0
DA:273,2
DA:274,2
DA:275,2
DA:281,2
DA:282,2
DA:283,2
DA:289,2
DA:293,5
DA:294,5
DA:295,0
DA:301,2
DA:304,2
DA:305,0
DA:307,2
DA:308,2
DA:309,2
DA:318,2
DA:325,2
DA:327,5
DA:328,5
DA:330,5
LF:122
LH:92
BRDA:68,0,0,0
BRDA:68,0,1,5
BRDA:77,1,0,5
BRDA:77,1,1,4
BRDA:80,2,0,0
BRDA:80,2,1,9
BRDA:85,3,0,16
BRDA:85,3,1,16
BRDA:86,4,0,16
BRDA:86,4,1,16
BRDA:95,5,0,12
BRDA:95,5,1,0
BRDA:95,6,0,12
BRDA:95,6,1,10
BRDA:95,6,2,5
BRDA:102,7,0,1
BRDA:102,7,1,4
BRDA:102,8,0,5
BRDA:102,8,1,5
BRDA:128,9,0,2
BRDA:128,9,1,2
BRDA:131,10,0,2
BRDA:131,10,1,0
BRDA:156,11,0,2
BRDA:156,11,1,0
BRDA:156,12,0,2
BRDA:156,12,1,2
BRDA:156,12,2,2
BRDA:160,13,0,10
BRDA:160,13,1,7
BRDA:160,13,2,4
BRDA:160,13,3,2
BRDA:164,14,0,4
BRDA:164,14,1,5
BRDA:164,15,0,9
BRDA:164,15,1,7
BRDA:165,16,0,5
BRDA:165,16,1,5
BRDA:174,17,0,2
BRDA:174,17,1,0
BRDA:174,18,0,2
BRDA:174,18,1,2
BRDA:200,19,0,2
BRDA:200,19,1,3
BRDA:200,20,0,5
BRDA:200,20,1,2
BRDA:204,21,0,0
BRDA:204,21,1,2
BRDA:204,22,0,2
BRDA:204,22,1,0
BRDA:208,23,0,0
BRDA:208,23,1,2
BRDA:208,24,0,2
BRDA:208,24,1,0
BRDA:211,25,0,0
BRDA:211,25,1,2
BRDA:211,26,0,2
BRDA:211,26,1,0
BRDA:211,26,2,0
BRDA:221,27,0,2
BRDA:221,27,1,0
BRDA:222,28,0,2
BRDA:222,28,1,0
BRDA:230,29,0,0
BRDA:230,29,1,2
BRDA:230,30,0,2
BRDA:230,30,1,0
BRDA:231,31,0,0
BRDA:231,31,1,0
BRDA:234,32,0,0
BRDA:234,32,1,0
BRDA:239,33,0,0
BRDA:239,33,1,0
BRDA:242,34,0,0
BRDA:242,34,1,0
BRDA:248,35,0,0
BRDA:248,35,1,0
BRDA:255,36,0,0
BRDA:255,36,1,0
BRDA:273,37,0,2
BRDA:273,37,1,0
BRDA:275,38,0,2
BRDA:275,38,1,0
BRDA:278,39,0,0
BRDA:278,39,1,2
BRDA:279,40,0,0
BRDA:279,40,1,2
BRDA:281,41,0,2
BRDA:281,41,1,0
BRDA:289,42,0,2
BRDA:289,42,1,0
BRDA:294,43,0,0
BRDA:294,43,1,5
BRDA:304,44,0,0
BRDA:304,44,1,2
BRDA:307,45,0,2
BRDA:307,45,1,0
BRDA:325,46,0,2
BRDA:325,46,1,2
BRDA:325,46,2,2
BRDA:327,47,0,0
BRDA:327,47,1,2
BRF:102
BRH:63
end_of_record
TN:
SF:src\core\workers\preprocessing\BusDetector.ts
FN:28,(anonymous_0)
FN:36,(anonymous_1)
FN:49,(anonymous_2)
FN:54,(anonymous_3)
FN:55,(anonymous_4)
FN:57,(anonymous_5)
FN:95,(anonymous_6)
FN:102,(anonymous_7)
FN:104,(anonymous_8)
FN:106,(anonymous_9)
FN:131,(anonymous_10)
FN:143,(anonymous_11)
FN:148,(anonymous_12)
FN:151,(anonymous_13)
FN:152,(anonymous_14)
FN:166,(anonymous_15)
FN:204,(anonymous_16)
FN:211,(anonymous_17)
FN:216,(anonymous_18)
FN:223,(anonymous_19)
FN:224,(anonymous_20)
FN:233,(anonymous_21)
FN:256,(anonymous_22)
FN:276,(anonymous_23)
FN:278,(anonymous_24)
FN:312,(anonymous_25)
FN:378,(anonymous_26)
FN:398,(anonymous_27)
FN:409,(anonymous_28)
FNF:29
FNH:27
FNDA:2,(anonymous_0)
FNDA:10,(anonymous_1)
FNDA:3,(anonymous_2)
FNDA:4,(anonymous_3)
FNDA:9,(anonymous_4)
FNDA:12,(anonymous_5)
FNDA:6,(anonymous_6)
FNDA:15,(anonymous_7)
FNDA:5,(anonymous_8)
FNDA:16,(anonymous_9)
FNDA:4,(anonymous_10)
FNDA:2,(anonymous_11)
FNDA:8,(anonymous_12)
FNDA:3,(anonymous_13)
FNDA:0,(anonymous_14)
FNDA:9,(anonymous_15)
FNDA:1,(anonymous_16)
FNDA:4,(anonymous_17)
FNDA:3,(anonymous_18)
FNDA:0,(anonymous_19)
FNDA:1,(anonymous_20)
FNDA:3,(anonymous_21)
FNDA:11,(anonymous_22)
FNDA:11,(anonymous_23)
FNDA:12,(anonymous_24)
FNDA:10,(anonymous_25)
FNDA:4,(anonymous_26)
FNDA:2,(anonymous_27)
FNDA:8,(anonymous_28)
DA:29,2
DA:44,10
DA:45,2
DA:49,8
DA:51,10
DA:52,10
DA:53,10
DA:54,4
DA:55,9
DA:57,10
DA:59,12
DA:60,12
DA:61,12
DA:62,12
DA:63,12
DA:64,12
DA:65,12
DA:66,12
DA:67,12
DA:68,12
DA:69,12
DA:74,12
DA:77,12
DA:78,7
DA:82,10
DA:83,10
DA:84,5
DA:86,1
DA:89,8
DA:102,15
DA:103,6
DA:104,5
DA:105,5
DA:106,16
DA:108,6
DA:110,5
DA:111,5
DA:113,5
DA:117,6
DA:121,6
DA:122,6
DA:124,6
DA:125,2
DA:142,4
DA:143,2
DA:144,1
DA:148,8
DA:150,4
DA:151,4
DA:152,4
DA:154,3
DA:155,3
DA:156,4
DA:158,4
DA:159,4
DA:160,3
DA:161,3
DA:162,3
DA:163,3
DA:166,3
DA:167,9
DA:168,6
DA:169,9
DA:170,9
DA:172,6
DA:176,9
DA:177,9
DA:181,9
DA:182,9
DA:184,9
DA:185,4
DA:186,4
DA:187,0
DA:188,0
DA:191,2
DA:192,2
DA:193,0
DA:194,0
DA:197,3
DA:211,4
DA:212,1
DA:213,1
DA:214,1
DA:216,1
DA:217,3
DA:218,3
DA:219,3
DA:220,2
DA:223,1
DA:224,1
DA:226,1
DA:238,3
DA:239,3
DA:240,3
DA:241,3
DA:243,3
DA:245,3
DA:246,3
DA:247,3
DA:248,3
DA:250,3
DA:266,11
DA:267,1
DA:270,10
DA:271,1
DA:274,9
DA:275,9
DA:276,9
DA:277,11
DA:278,12
DA:279,11
DA:281,10
DA:282,10
DA:283,10
DA:284,11
DA:285,11
DA:291,11
DA:297,9
DA:298,1
DA:301,8
DA:302,8
DA:304,8
DA:305,8
DA:306,8
DA:308,8
DA:309,8
DA:310,8
DA:311,8
DA:312,8
DA:313,10
DA:314,10
DA:315,10
DA:316,10
DA:319,8
DA:320,8
DA:321,8
DA:322,8
DA:323,8
DA:324,8
DA:325,8
DA:328,8
DA:329,8
DA:332,8
DA:333,2
DA:334,6
DA:335,1
DA:337,5
DA:338,5
DA:339,5
DA:340,1
DA:341,4
DA:342,2
DA:343,2
DA:344,0
DA:346,2
DA:347,1
DA:348,0
DA:355,8
DA:356,4
DA:357,4
DA:359,4
DA:360,4
DA:363,8
DA:364,11
DA:366,11
DA:370,11
DA:384,4
DA:385,4
DA:386,4
DA:388,4
DA:389,2
DA:393,2
DA:396,4
DA:397,4
DA:398,1
DA:399,2
DA:402,1
DA:405,2
DA:406,2
DA:410,8
DA:411,8
DA:412,8
LF:182
LH:176
BRDA:44,0,0,2
BRDA:44,0,1,8
BRDA:44,1,0,10
BRDA:44,1,1,9
BRDA:44,1,2,8
BRDA:45,2,0,2
BRDA:45,2,1,2
BRDA:49,3,0,8
BRDA:49,3,1,1
BRDA:53,4,0,2
BRDA:53,4,1,6
BRDA:61,5,0,12
BRDA:61,5,1,0
BRDA:61,6,0,12
BRDA:61,6,1,12
BRDA:64,7,0,12
BRDA:64,7,1,6
BRDA:64,7,2,0
BRDA:65,8,0,12
BRDA:65,8,1,6
BRDA:65,8,2,0
BRDA:66,9,0,12
BRDA:66,9,1,6
BRDA:66,9,2,0
BRDA:67,10,0,12
BRDA:67,10,1,6
BRDA:67,10,2,0
BRDA:74,11,0,8
BRDA:74,11,1,4
BRDA:74,12,0,12
BRDA:74,12,1,10
BRDA:77,13,0,5
BRDA:77,13,1,7
BRDA:78,14,0,6
BRDA:78,14,1,1
BRDA:83,15,0,3
BRDA:83,15,1,5
BRDA:84,16,0,4
BRDA:84,16,1,1
BRDA:89,17,0,8
BRDA:89,17,1,5
BRDA:103,18,0,1
BRDA:103,18,1,5
BRDA:105,19,0,4
BRDA:105,19,1,1
BRDA:108,20,0,0
BRDA:108,20,1,6
BRDA:108,21,0,6
BRDA:108,21,1,5
BRDA:114,22,0,5
BRDA:114,22,1,1
BRDA:114,22,2,0
BRDA:115,23,0,6
BRDA:115,23,1,1
BRDA:115,23,2,0
BRDA:118,24,0,6
BRDA:118,24,1,1
BRDA:118,24,2,0
BRDA:119,25,0,6
BRDA:119,25,1,1
BRDA:119,25,2,0
BRDA:124,26,0,3
BRDA:124,26,1,3
BRDA:124,27,0,2
BRDA:124,27,1,1
BRDA:125,28,0,1
BRDA:125,28,1,1
BRDA:142,29,0,1
BRDA:142,29,1,3
BRDA:144,30,0,1
BRDA:144,30,1,0
BRDA:148,31,0,3
BRDA:148,31,1,2
BRDA:152,32,0,0
BRDA:152,32,1,4
BRDA:152,33,0,4
BRDA:152,33,1,3
BRDA:155,34,0,3
BRDA:155,34,1,0
BRDA:159,35,0,3
BRDA:159,35,1,1
BRDA:161,36,0,3
BRDA:161,36,1,1
BRDA:161,37,0,3
BRDA:161,37,1,1
BRDA:162,38,0,3
BRDA:162,38,1,1
BRDA:162,39,0,3
BRDA:162,39,1,1
BRDA:167,40,0,3
BRDA:167,40,1,6
BRDA:168,41,0,6
BRDA:168,41,1,0
BRDA:170,42,0,0
BRDA:170,42,1,9
BRDA:173,43,0,6
BRDA:173,43,1,1
BRDA:173,43,2,0
BRDA:174,44,0,9
BRDA:174,44,1,1
BRDA:174,44,2,0
BRDA:178,45,0,9
BRDA:178,45,1,1
BRDA:178,45,2,0
BRDA:179,46,0,9
BRDA:179,46,1,1
BRDA:179,46,2,0
BRDA:184,47,0,4
BRDA:184,47,1,2
BRDA:185,48,0,4
BRDA:185,48,1,0
BRDA:185,49,0,4
BRDA:185,49,1,0
BRDA:185,49,2,0
BRDA:186,50,0,2
BRDA:186,50,1,2
BRDA:187,51,0,0
BRDA:187,51,1,0
BRDA:188,52,0,0
BRDA:188,52,1,0
BRDA:191,53,0,2
BRDA:191,53,1,0
BRDA:191,54,0,2
BRDA:191,54,1,0
BRDA:191,54,2,0
BRDA:192,55,0,1
BRDA:192,55,1,1
BRDA:193,56,0,0
BRDA:193,56,1,0
BRDA:194,57,0,0
BRDA:194,57,1,0
BRDA:211,58,0,1
BRDA:211,58,1,1
BRDA:219,59,0,1
BRDA:219,59,1,2
BRDA:223,60,0,0
BRDA:223,60,1,0
BRDA:223,61,0,0
BRDA:223,61,1,0
BRDA:224,62,0,1
BRDA:224,62,1,0
BRDA:224,63,0,1
BRDA:224,63,1,0
BRDA:238,64,0,3
BRDA:238,64,1,0
BRDA:239,65,0,3
BRDA:239,65,1,0
BRDA:243,66,0,0
BRDA:243,66,1,3
BRDA:243,67,0,3
BRDA:243,67,1,3
BRDA:245,68,0,3
BRDA:245,68,1,0
BRDA:245,69,0,3
BRDA:245,69,1,0
BRDA:246,70,0,3
BRDA:246,70,1,0
BRDA:246,71,0,3
BRDA:246,71,1,0
BRDA:250,72,0,3
BRDA:250,72,1,0
BRDA:266,73,0,1
BRDA:266,73,1,10
BRDA:270,74,0,1
BRDA:270,74,1,9
BRDA:277,75,0,4
BRDA:277,75,1,7
BRDA:279,76,0,1
BRDA:279,76,1,10
BRDA:283,77,0,10
BRDA:283,77,1,0
BRDA:283,77,2,0
BRDA:284,78,0,11
BRDA:284,78,1,0
BRDA:284,78,2,0
BRDA:297,79,0,1
BRDA:297,79,1,8
BRDA:321,80,0,8
BRDA:321,80,1,0
BRDA:332,81,0,2
BRDA:332,81,1,6
BRDA:332,82,0,8
BRDA:332,82,1,2
BRDA:334,83,0,1
BRDA:334,83,1,5
BRDA:334,84,0,6
BRDA:334,84,1,1
BRDA:337,85,0,3
BRDA:337,85,1,2
BRDA:339,86,0,1
BRDA:339,86,1,4
BRDA:339,87,0,5
BRDA:339,87,1,1
BRDA:341,88,0,2
BRDA:341,88,1,2
BRDA:343,89,0,0
BRDA:343,89,1,2
BRDA:346,90,0,1
BRDA:346,90,1,1
BRDA:347,91,0,1
BRDA:347,91,1,0
BRDA:355,92,0,4
BRDA:355,92,1,4
BRDA:356,93,0,4
BRDA:356,93,1,0
BRDA:357,94,0,2
BRDA:357,94,1,2
BRDA:359,95,0,4
BRDA:359,95,1,0
BRDA:360,96,0,4
BRDA:360,96,1,0
BRDA:363,97,0,8
BRDA:363,97,1,8
BRDA:364,98,0,11
BRDA:364,98,1,8
BRDA:366,99,0,1
BRDA:366,99,1,7
BRDA:366,100,0,11
BRDA:366,100,1,1
BRDA:386,101,0,4
BRDA:386,101,1,0
BRDA:388,102,0,2
BRDA:388,102,1,2
BRDA:388,103,0,4
BRDA:388,103,1,3
BRDA:393,104,0,2
BRDA:393,104,1,0
BRDA:397,105,0,1
BRDA:397,105,1,3
BRDA:397,106,0,4
BRDA:397,106,1,1
BRDA:399,107,0,2
BRDA:399,107,1,0
BRF:233
BRH:173
end_of_record
TN:
SF:src\core\workers\preprocessing\ObstacleAnalyzer.ts
FN:22,(anonymous_0)
FN:30,(anonymous_1)
FN:89,(anonymous_2)
FN:144,(anonymous_3)
FN:172,(anonymous_4)
FNF:5
FNH:5
FNDA:18,(anonymous_0)
FNDA:24,(anonymous_1)
FNDA:6,(anonymous_2)
FNDA:5,(anonymous_3)
FNDA:2,(anonymous_4)
DA:28,18
DA:30,18
DA:31,24
DA:33,18
DA:36,18
DA:37,18
DA:38,18
DA:39,18
DA:42,18
DA:49,18
DA:53,18
DA:55,5
DA:57,6
DA:58,5
DA:60,3
DA:65,3
DA:72,6
DA:73,3
DA:77,2
DA:95,6
DA:98,6
DA:100,5
DA:107,5
DA:109,2
DA:115,2
DA:117,1
DA:123,1
DA:125,1
DA:131,1
DA:133,1
DA:139,1
DA:141,0
DA:144,5
DA:145,5
DA:147,5
DA:148,1
DA:149,1
DA:153,4
DA:154,4
DA:155,4
DA:156,20
DA:162,4
DA:166,4
DA:173,2
DA:175,1
DA:177,1
DA:178,2
DA:179,2
DA:180,2
DA:181,2
DA:182,2
DA:185,1
LF:52
LH:51
BRDA:26,0,0,18
BRDA:28,1,0,0
BRDA:28,1,1,18
BRDA:49,2,0,1
BRDA:49,2,1,17
BRDA:53,3,0,13
BRDA:53,3,1,5
BRDA:53,4,0,18
BRDA:53,4,1,18
BRDA:57,5,0,5
BRDA:57,5,1,1
BRDA:58,6,0,3
BRDA:58,6,1,2
BRDA:58,7,0,5
BRDA:58,7,1,3
BRDA:58,7,2,3
BRDA:58,7,3,2
BRDA:65,8,0,2
BRDA:65,8,1,1
BRDA:72,9,0,3
BRDA:72,9,1,3
BRDA:93,10,0,6
BRDA:95,11,0,0
BRDA:95,11,1,6
BRDA:95,12,0,6
BRDA:95,12,1,6
BRDA:98,13,0,1
BRDA:98,13,1,5
BRDA:98,14,0,6
BRDA:98,14,1,5
BRDA:107,15,0,5
BRDA:107,15,1,1
BRDA:107,15,2,1
BRDA:107,15,3,1
BRDA:107,15,4,0
BRDA:147,16,0,1
BRDA:147,16,1,4
BRDA:156,17,0,4
BRDA:156,17,1,16
BRDA:157,18,0,20
BRDA:157,18,1,13
BRDA:157,18,2,8
BRDA:157,18,3,6
BRDA:173,19,0,1
BRDA:173,19,1,1
BRDA:179,20,0,2
BRDA:179,20,1,0
BRDA:180,21,0,1
BRDA:180,21,1,1
BRDA:181,22,0,1
BRDA:181,22,1,1
BRDA:182,23,0,2
BRDA:182,23,1,0
BRF:53
BRH:48
end_of_record
TN:
SF:src\core\workers\preprocessing\PortSelector.ts
FN:15,(anonymous_0)
FN:25,(anonymous_1)
FN:66,(anonymous_2)
FN:76,(anonymous_3)
FN:94,(anonymous_4)
FN:132,(anonymous_5)
FN:133,(anonymous_6)
FN:144,(anonymous_7)
FN:167,(anonymous_8)
FNF:9
FNH:9
FNDA:10,(anonymous_0)
FNDA:7,(anonymous_1)
FNDA:4,(anonymous_2)
FNDA:8,(anonymous_3)
FNDA:22,(anonymous_4)
FNDA:1,(anonymous_5)
FNDA:1,(anonymous_6)
FNDA:15,(anonymous_7)
FNDA:4,(anonymous_8)
DA:16,10
DA:42,7
DA:67,4
DA:68,3
DA:69,2
DA:70,1
DA:77,8
DA:78,8
DA:79,8
DA:80,8
DA:81,8
DA:83,8
DA:99,22
DA:100,22
DA:103,22
DA:105,22
DA:107,22
DA:108,20
DA:109,14
DA:110,11
DA:111,8
DA:114,2
DA:119,2
DA:120,2
DA:121,2
DA:122,2
DA:123,2
DA:127,2
DA:128,2
DA:129,2
DA:130,2
DA:132,2
DA:133,2
DA:135,2
DA:136,2
DA:137,1
DA:138,0
DA:151,15
DA:152,11
DA:155,4
DA:160,15
DA:161,15
DA:162,15
DA:164,15
DA:165,15
DA:166,15
DA:167,15
DA:169,15
DA:170,2
DA:175,2
LF:50
LH:49
BRDA:46,0,0,7
BRDA:46,0,1,6
BRDA:67,1,0,1
BRDA:67,1,1,3
BRDA:68,2,0,1
BRDA:68,2,1,2
BRDA:69,3,0,1
BRDA:69,3,1,1
BRDA:77,4,0,8
BRDA:77,4,1,0
BRDA:103,5,0,22
BRDA:103,5,1,1
BRDA:105,6,0,22
BRDA:105,6,1,13
BRDA:105,6,2,3
BRDA:107,7,0,20
BRDA:107,7,1,2
BRDA:107,8,0,22
BRDA:107,8,1,2
BRDA:108,9,0,6
BRDA:108,9,1,14
BRDA:109,10,0,3
BRDA:109,10,1,11
BRDA:110,11,0,3
BRDA:110,11,1,8
BRDA:135,12,0,0
BRDA:135,12,1,2
BRDA:136,13,0,1
BRDA:136,13,1,1
BRDA:137,14,0,1
BRDA:137,14,1,0
BRDA:151,15,0,11
BRDA:151,15,1,4
BRDA:155,16,0,4
BRDA:155,16,1,3
BRDA:160,17,0,2
BRDA:160,17,1,2
BRDA:169,18,0,2
BRDA:169,18,1,2
BRDA:169,19,0,15
BRDA:169,19,1,3
BRF:41
BRH:38
end_of_record
TN:
SF:src\services\import\MermaidParser.ts
FN:15,(anonymous_0)
FN:17,(anonymous_1)
FN:24,(anonymous_2)
FN:35,(anonymous_3)
FN:36,(anonymous_4)
FN:36,(anonymous_5)
FN:56,(anonymous_6)
FN:131,(anonymous_7)
FN:155,(anonymous_8)
FN:158,(anonymous_9)
FN:229,(anonymous_10)
FN:252,(anonymous_11)
FN:257,(anonymous_12)
FN:309,(anonymous_13)
FNF:14
FNH:11
FNDA:1,(anonymous_0)
FNDA:1,(anonymous_1)
FNDA:5,(anonymous_2)
FNDA:5,(anonymous_3)
FNDA:18,(anonymous_4)
FNDA:18,(anonymous_5)
FNDA:18,(anonymous_6)
FNDA:18,(anonymous_7)
FNDA:0,(anonymous_8)
FNDA:0,(anonymous_9)
FNDA:0,(anonymous_10)
FNDA:22,(anonymous_11)
FNDA:31,(anonymous_12)
FNDA:18,(anonymous_13)
DA:4,1
DA:13,1
DA:18,1
DA:19,1
DA:21,1
DA:25,5
DA:27,5
DA:28,0
DA:30,5
DA:36,18
DA:37,5
DA:38,5
DA:39,5
DA:41,5
DA:56,5
DA:57,18
DA:58,18
DA:60,13
DA:61,13
DA:62,1
DA:63,1
DA:64,1
DA:65,1
DA:66,1
DA:68,12
DA:69,1
DA:70,1
DA:74,11
DA:76,11
DA:77,8
DA:81,11
DA:84,11
DA:91,11
DA:92,11
DA:93,11
DA:94,22
DA:95,22
DA:96,22
DA:98,11
DA:99,11
DA:100,11
DA:101,22
DA:103,22
DA:104,11
DA:105,11
DA:106,11
DA:114,11
DA:116,0
DA:121,11
DA:122,0
DA:123,0
DA:124,0
DA:125,0
DA:131,18
DA:136,5
DA:156,0
DA:158,0
DA:160,0
DA:161,0
DA:164,0
DA:165,0
DA:167,0
DA:168,0
DA:169,0
DA:171,0
DA:174,0
DA:175,0
DA:178,0
DA:179,0
DA:180,0
DA:183,0
DA:184,0
DA:185,0
DA:188,0
DA:191,0
DA:192,0
DA:193,0
DA:195,0
DA:209,0
DA:210,0
DA:211,0
DA:219,0
DA:222,0
DA:232,0
DA:233,0
DA:235,0
DA:236,0
DA:238,0
DA:239,0
DA:241,0
DA:242,0
DA:244,0
DA:245,0
DA:247,0
DA:253,22
DA:254,22
DA:266,31
DA:267,13
DA:268,13
DA:269,0
DA:271,13
DA:272,13
DA:273,0
DA:275,13
DA:278,18
DA:279,31
DA:281,31
DA:282,17
DA:283,17
DA:284,17
DA:285,181
DA:286,3
DA:287,3
DA:292,18
DA:310,18
DA:311,17
DA:312,16
LF:117
LH:70
BRDA:18,0,0,1
BRDA:18,0,1,0
BRDA:27,1,0,0
BRDA:27,1,1,5
BRDA:36,2,0,18
BRDA:36,2,1,18
BRDA:58,3,0,5
BRDA:58,3,1,13
BRDA:61,4,0,1
BRDA:61,4,1,12
BRDA:63,5,0,1
BRDA:63,5,1,0
BRDA:68,6,0,1
BRDA:68,6,1,11
BRDA:96,7,0,11
BRDA:96,7,1,11
BRDA:100,8,0,11
BRDA:100,8,1,8
BRDA:103,9,0,11
BRDA:103,9,1,0
BRDA:103,10,0,22
BRDA:103,10,1,11
BRDA:121,11,0,0
BRDA:121,11,1,11
BRDA:121,12,0,11
BRDA:121,12,1,2
BRDA:121,12,2,2
BRDA:123,13,0,0
BRDA:123,13,1,0
BRDA:123,14,0,0
BRDA:123,14,1,0
BRDA:124,15,0,0
BRDA:124,15,1,0
BRDA:133,16,0,18
BRDA:133,16,1,0
BRDA:169,17,0,0
BRDA:169,17,1,0
BRDA:169,18,0,0
BRDA:169,18,1,0
BRDA:174,19,0,0
BRDA:174,19,1,0
BRDA:183,20,0,0
BRDA:183,20,1,0
BRDA:183,21,0,0
BRDA:183,21,1,0
BRDA:184,22,0,0
BRDA:184,22,1,0
BRDA:188,23,0,0
BRDA:188,23,1,0
BRDA:191,24,0,0
BRDA:191,24,1,0
BRDA:192,25,0,0
BRDA:192,25,1,0
BRDA:192,26,0,0
BRDA:192,26,1,0
BRDA:193,27,0,0
BRDA:193,27,1,0
BRDA:204,28,0,0
BRDA:204,28,1,0
BRDA:209,29,0,0
BRDA:209,29,1,0
BRDA:233,30,0,0
BRDA:233,30,1,0
BRDA:236,31,0,0
BRDA:236,31,1,0
BRDA:239,32,0,0
BRDA:239,32,1,0
BRDA:242,33,0,0
BRDA:242,33,1,0
BRDA:245,34,0,0
BRDA:245,34,1,0
BRDA:254,35,0,22
BRDA:254,35,1,0
BRDA:263,36,0,31
BRDA:266,37,0,13
BRDA:266,37,1,18
BRDA:268,38,0,0
BRDA:268,38,1,13
BRDA:268,39,0,13
BRDA:268,39,1,0
BRDA:268,39,2,0
BRDA:271,40,0,0
BRDA:271,40,1,13
BRDA:271,41,0,13
BRDA:271,41,1,0
BRDA:272,42,0,0
BRDA:272,42,1,13
BRDA:272,43,0,13
BRDA:272,43,1,0
BRDA:278,44,0,18
BRDA:278,44,1,9
BRDA:281,45,0,17
BRDA:281,45,1,14
BRDA:284,46,0,17
BRDA:284,46,1,0
BRDA:285,47,0,3
BRDA:285,47,1,178
BRDA:285,48,0,181
BRDA:285,48,1,181
BRDA:294,49,0,1
BRDA:294,49,1,17
BRDA:298,50,0,31
BRDA:298,50,1,15
BRDA:299,51,0,31
BRDA:299,51,1,10
BRDA:304,52,0,1
BRDA:304,52,1,17
BRDA:305,53,0,1
BRDA:305,53,1,17
BRDA:310,54,0,1
BRDA:310,54,1,17
BRDA:311,55,0,1
BRDA:311,55,1,16
BRF:113
BRH:56
end_of_record
